[2023-12-02 20:01:37,957] {{taskinstance.py:670}} INFO - Dependencies all met for <TaskInstance: history_data_init.load_data_psql 2023-12-02T18:19:41.916238+00:00 [queued]>
[2023-12-02 20:01:38,305] {{taskinstance.py:670}} INFO - Dependencies all met for <TaskInstance: history_data_init.load_data_psql 2023-12-02T18:19:41.916238+00:00 [queued]>
[2023-12-02 20:01:38,316] {{taskinstance.py:880}} INFO - 
--------------------------------------------------------------------------------
[2023-12-02 20:01:38,324] {{taskinstance.py:881}} INFO - Starting attempt 17 of 17
[2023-12-02 20:01:38,325] {{taskinstance.py:882}} INFO - 
--------------------------------------------------------------------------------
[2023-12-02 20:01:38,547] {{taskinstance.py:901}} INFO - Executing <Task(PythonOperator): load_data_psql> on 2023-12-02T18:19:41.916238+00:00
[2023-12-02 20:01:38,557] {{standard_task_runner.py:54}} INFO - Started process 3788 to run task
[2023-12-02 20:01:38,757] {{standard_task_runner.py:77}} INFO - Running: ['airflow', 'run', 'history_data_init', 'load_data_psql', '2023-12-02T18:19:41.916238+00:00', '--job_id', '21', '--pool', 'default_pool', '--raw', '-sd', 'DAGS_FOLDER/history_data_init.py', '--cfg_path', '/tmp/tmplmc8l5d8']
[2023-12-02 20:01:38,765] {{standard_task_runner.py:78}} INFO - Job 21: Subtask load_data_psql
[2023-12-02 20:01:38,873] {{logging_mixin.py:120}} INFO - Running <TaskInstance: history_data_init.load_data_psql 2023-12-02T18:19:41.916238+00:00 [running]> on host 4e554c5d2931
[2023-12-02 20:01:38,913] {{base_hook.py:89}} INFO - Using connection to: id: conn1. Host: host.docker.internal, Port: 5434, Schema: quotes, Login: postgres, Password: XXXXXXXX, extra: None
[2023-12-02 20:01:38,941] {{logging_mixin.py:120}} INFO - IBM
[2023-12-02 20:01:38,943] {{logging_mixin.py:120}} INFO - <cursor object at 0x7f3a042c2a50; closed: 0>
[2023-12-02 20:01:39,409] {{logging_mixin.py:120}} INFO - <Response [200]>
[2023-12-02 20:01:39,414] {{logging_mixin.py:120}} INFO - {'Information': 'Thank you for using Alpha Vantage! Our standard API rate limit is 25 requests per day. Please subscribe to any of the premium plans at https://www.alphavantage.co/premium/ to instantly remove all daily rate limits.'}
[2023-12-02 20:01:39,416] {{logging_mixin.py:120}} INFO - <cursor object at 0x7f3a042c2a50; closed: 0>
[2023-12-02 20:01:40,243] {{logging_mixin.py:120}} INFO - <Response [200]>
[2023-12-02 20:01:40,245] {{logging_mixin.py:120}} INFO - {'Information': 'Thank you for using Alpha Vantage! Our standard API rate limit is 25 requests per day. Please subscribe to any of the premium plans at https://www.alphavantage.co/premium/ to instantly remove all daily rate limits.'}
[2023-12-02 20:01:40,247] {{logging_mixin.py:120}} INFO - <cursor object at 0x7f3a042c2a50; closed: 0>
[2023-12-02 20:01:42,520] {{logging_mixin.py:120}} INFO - <Response [200]>
[2023-12-02 20:01:42,525] {{logging_mixin.py:120}} INFO - {'Information': 'Thank you for using Alpha Vantage! Our standard API rate limit is 25 requests per day. Please subscribe to any of the premium plans at https://www.alphavantage.co/premium/ to instantly remove all daily rate limits.'}
[2023-12-02 20:01:42,532] {{logging_mixin.py:120}} INFO - <cursor object at 0x7f3a042c2a50; closed: 0>
[2023-12-02 20:01:43,084] {{logging_mixin.py:120}} INFO - <Response [200]>
[2023-12-02 20:01:43,087] {{logging_mixin.py:120}} INFO - {'Information': 'Thank you for using Alpha Vantage! Our standard API rate limit is 25 requests per day. Please subscribe to any of the premium plans at https://www.alphavantage.co/premium/ to instantly remove all daily rate limits.'}
[2023-12-02 20:01:43,089] {{logging_mixin.py:120}} INFO - <cursor object at 0x7f3a042c2a50; closed: 0>
[2023-12-02 20:01:43,520] {{logging_mixin.py:120}} INFO - <Response [200]>
[2023-12-02 20:01:43,523] {{logging_mixin.py:120}} INFO - {'Information': 'Thank you for using Alpha Vantage! Our standard API rate limit is 25 requests per day. Please subscribe to any of the premium plans at https://www.alphavantage.co/premium/ to instantly remove all daily rate limits.'}
[2023-12-02 20:01:43,526] {{logging_mixin.py:120}} INFO - <cursor object at 0x7f3a042c2a50; closed: 0>
[2023-12-02 20:01:43,948] {{logging_mixin.py:120}} INFO - <Response [200]>
[2023-12-02 20:01:43,951] {{logging_mixin.py:120}} INFO - {'Information': 'Thank you for using Alpha Vantage! Our standard API rate limit is 25 requests per day. Please subscribe to any of the premium plans at https://www.alphavantage.co/premium/ to instantly remove all daily rate limits.'}
[2023-12-02 20:01:43,953] {{logging_mixin.py:120}} INFO - <cursor object at 0x7f3a042c2a50; closed: 0>
[2023-12-02 20:01:44,533] {{logging_mixin.py:120}} INFO - <Response [200]>
[2023-12-02 20:01:44,537] {{logging_mixin.py:120}} INFO - {'Information': 'Thank you for using Alpha Vantage! Our standard API rate limit is 25 requests per day. Please subscribe to any of the premium plans at https://www.alphavantage.co/premium/ to instantly remove all daily rate limits.'}
[2023-12-02 20:01:44,539] {{logging_mixin.py:120}} INFO - <cursor object at 0x7f3a042c2a50; closed: 0>
[2023-12-02 20:01:44,959] {{logging_mixin.py:120}} INFO - <Response [200]>
[2023-12-02 20:01:44,961] {{logging_mixin.py:120}} INFO - {'Information': 'Thank you for using Alpha Vantage! Our standard API rate limit is 25 requests per day. Please subscribe to any of the premium plans at https://www.alphavantage.co/premium/ to instantly remove all daily rate limits.'}
[2023-12-02 20:01:44,963] {{logging_mixin.py:120}} INFO - <cursor object at 0x7f3a042c2a50; closed: 0>
[2023-12-02 20:01:45,568] {{logging_mixin.py:120}} INFO - <Response [200]>
[2023-12-02 20:01:45,572] {{logging_mixin.py:120}} INFO - {'Information': 'Thank you for using Alpha Vantage! Our standard API rate limit is 25 requests per day. Please subscribe to any of the premium plans at https://www.alphavantage.co/premium/ to instantly remove all daily rate limits.'}
[2023-12-02 20:01:45,574] {{logging_mixin.py:120}} INFO - <cursor object at 0x7f3a042c2a50; closed: 0>
[2023-12-02 20:01:46,001] {{logging_mixin.py:120}} INFO - <Response [200]>
[2023-12-02 20:01:46,003] {{logging_mixin.py:120}} INFO - {'Information': 'Thank you for using Alpha Vantage! Our standard API rate limit is 25 requests per day. Please subscribe to any of the premium plans at https://www.alphavantage.co/premium/ to instantly remove all daily rate limits.'}
[2023-12-02 20:01:46,005] {{logging_mixin.py:120}} INFO - <cursor object at 0x7f3a042c2a50; closed: 0>
[2023-12-02 20:01:46,430] {{logging_mixin.py:120}} INFO - <Response [200]>
[2023-12-02 20:01:46,433] {{logging_mixin.py:120}} INFO - {'Information': 'Thank you for using Alpha Vantage! Our standard API rate limit is 25 requests per day. Please subscribe to any of the premium plans at https://www.alphavantage.co/premium/ to instantly remove all daily rate limits.'}
[2023-12-02 20:01:46,435] {{logging_mixin.py:120}} INFO - <cursor object at 0x7f3a042c2a50; closed: 0>
[2023-12-02 20:01:46,848] {{logging_mixin.py:120}} INFO - <Response [200]>
[2023-12-02 20:01:46,851] {{logging_mixin.py:120}} INFO - {'Information': 'Thank you for using Alpha Vantage! Our standard API rate limit is 25 requests per day. Please subscribe to any of the premium plans at https://www.alphavantage.co/premium/ to instantly remove all daily rate limits.'}
[2023-12-02 20:01:46,853] {{logging_mixin.py:120}} INFO - <cursor object at 0x7f3a042c2a50; closed: 0>
[2023-12-02 20:01:47,457] {{logging_mixin.py:120}} INFO - <Response [200]>
[2023-12-02 20:01:47,461] {{logging_mixin.py:120}} INFO - {'Information': 'Thank you for using Alpha Vantage! Our standard API rate limit is 25 requests per day. Please subscribe to any of the premium plans at https://www.alphavantage.co/premium/ to instantly remove all daily rate limits.'}
[2023-12-02 20:01:47,463] {{logging_mixin.py:120}} INFO - <cursor object at 0x7f3a042c2a50; closed: 0>
[2023-12-02 20:01:47,907] {{logging_mixin.py:120}} INFO - <Response [200]>
[2023-12-02 20:01:47,909] {{logging_mixin.py:120}} INFO - {'Information': 'Thank you for using Alpha Vantage! Our standard API rate limit is 25 requests per day. Please subscribe to any of the premium plans at https://www.alphavantage.co/premium/ to instantly remove all daily rate limits.'}
[2023-12-02 20:01:47,912] {{logging_mixin.py:120}} INFO - <cursor object at 0x7f3a042c2a50; closed: 0>
[2023-12-02 20:01:48,535] {{logging_mixin.py:120}} INFO - <Response [200]>
[2023-12-02 20:01:48,538] {{logging_mixin.py:120}} INFO - {'Information': 'Thank you for using Alpha Vantage! Our standard API rate limit is 25 requests per day. Please subscribe to any of the premium plans at https://www.alphavantage.co/premium/ to instantly remove all daily rate limits.'}
[2023-12-02 20:01:48,539] {{logging_mixin.py:120}} INFO - <cursor object at 0x7f3a042c2a50; closed: 0>
[2023-12-02 20:01:48,962] {{logging_mixin.py:120}} INFO - <Response [200]>
[2023-12-02 20:01:48,965] {{logging_mixin.py:120}} INFO - {'Information': 'Thank you for using Alpha Vantage! Our standard API rate limit is 25 requests per day. Please subscribe to any of the premium plans at https://www.alphavantage.co/premium/ to instantly remove all daily rate limits.'}
[2023-12-02 20:01:48,966] {{logging_mixin.py:120}} INFO - <cursor object at 0x7f3a042c2a50; closed: 0>
[2023-12-02 20:01:49,582] {{logging_mixin.py:120}} INFO - <Response [200]>
[2023-12-02 20:01:49,584] {{logging_mixin.py:120}} INFO - {'Information': 'Thank you for using Alpha Vantage! Our standard API rate limit is 25 requests per day. Please subscribe to any of the premium plans at https://www.alphavantage.co/premium/ to instantly remove all daily rate limits.'}
[2023-12-02 20:01:49,586] {{logging_mixin.py:120}} INFO - <cursor object at 0x7f3a042c2a50; closed: 0>
[2023-12-02 20:01:50,042] {{logging_mixin.py:120}} INFO - <Response [200]>
[2023-12-02 20:01:50,044] {{logging_mixin.py:120}} INFO - {'Information': 'Thank you for using Alpha Vantage! Our standard API rate limit is 25 requests per day. Please subscribe to any of the premium plans at https://www.alphavantage.co/premium/ to instantly remove all daily rate limits.'}
[2023-12-02 20:01:50,046] {{logging_mixin.py:120}} INFO - <cursor object at 0x7f3a042c2a50; closed: 0>
[2023-12-02 20:01:50,648] {{logging_mixin.py:120}} INFO - <Response [200]>
[2023-12-02 20:01:50,651] {{logging_mixin.py:120}} INFO - {'Information': 'Thank you for using Alpha Vantage! Our standard API rate limit is 25 requests per day. Please subscribe to any of the premium plans at https://www.alphavantage.co/premium/ to instantly remove all daily rate limits.'}
[2023-12-02 20:01:50,652] {{logging_mixin.py:120}} INFO - <cursor object at 0x7f3a042c2a50; closed: 0>
[2023-12-02 20:01:51,078] {{logging_mixin.py:120}} INFO - <Response [200]>
[2023-12-02 20:01:51,080] {{logging_mixin.py:120}} INFO - {'Information': 'Thank you for using Alpha Vantage! Our standard API rate limit is 25 requests per day. Please subscribe to any of the premium plans at https://www.alphavantage.co/premium/ to instantly remove all daily rate limits.'}
[2023-12-02 20:01:51,083] {{logging_mixin.py:120}} INFO - <cursor object at 0x7f3a042c2a50; closed: 0>
[2023-12-02 20:01:51,540] {{logging_mixin.py:120}} INFO - <Response [200]>
[2023-12-02 20:01:51,544] {{logging_mixin.py:120}} INFO - {'Information': 'Thank you for using Alpha Vantage! Our standard API rate limit is 25 requests per day. Please subscribe to any of the premium plans at https://www.alphavantage.co/premium/ to instantly remove all daily rate limits.'}
[2023-12-02 20:01:51,546] {{logging_mixin.py:120}} INFO - <cursor object at 0x7f3a042c2a50; closed: 0>
[2023-12-02 20:01:51,970] {{logging_mixin.py:120}} INFO - <Response [200]>
[2023-12-02 20:01:51,972] {{logging_mixin.py:120}} INFO - {'Information': 'Thank you for using Alpha Vantage! Our standard API rate limit is 25 requests per day. Please subscribe to any of the premium plans at https://www.alphavantage.co/premium/ to instantly remove all daily rate limits.'}
[2023-12-02 20:01:51,975] {{logging_mixin.py:120}} INFO - <cursor object at 0x7f3a042c2a50; closed: 0>
[2023-12-02 20:01:52,587] {{logging_mixin.py:120}} INFO - <Response [200]>
[2023-12-02 20:01:52,590] {{logging_mixin.py:120}} INFO - {'Information': 'Thank you for using Alpha Vantage! Our standard API rate limit is 25 requests per day. Please subscribe to any of the premium plans at https://www.alphavantage.co/premium/ to instantly remove all daily rate limits.'}
[2023-12-02 20:01:52,593] {{logging_mixin.py:120}} INFO - <cursor object at 0x7f3a042c2a50; closed: 0>
[2023-12-02 20:01:53,021] {{logging_mixin.py:120}} INFO - <Response [200]>
[2023-12-02 20:01:53,024] {{logging_mixin.py:120}} INFO - {'Information': 'Thank you for using Alpha Vantage! Our standard API rate limit is 25 requests per day. Please subscribe to any of the premium plans at https://www.alphavantage.co/premium/ to instantly remove all daily rate limits.'}
[2023-12-02 20:01:53,027] {{logging_mixin.py:120}} INFO - <cursor object at 0x7f3a042c2a50; closed: 0>
[2023-12-02 20:01:53,451] {{logging_mixin.py:120}} INFO - <Response [200]>
[2023-12-02 20:01:53,454] {{logging_mixin.py:120}} INFO - {'Information': 'Thank you for using Alpha Vantage! Our standard API rate limit is 25 requests per day. Please subscribe to any of the premium plans at https://www.alphavantage.co/premium/ to instantly remove all daily rate limits.'}
[2023-12-02 20:01:53,455] {{logging_mixin.py:120}} INFO - <cursor object at 0x7f3a042c2a50; closed: 0>
[2023-12-02 20:01:53,880] {{logging_mixin.py:120}} INFO - <Response [200]>
[2023-12-02 20:01:53,883] {{logging_mixin.py:120}} INFO - {'Note': 'Thank you for using Alpha Vantage! Our standard API rate limit is 25 requests per day. Please visit https://www.alphavantage.co/premium/ if you would like to target a higher API call frequency.'}
[2023-12-02 20:01:53,884] {{logging_mixin.py:120}} INFO - <cursor object at 0x7f3a042c2a50; closed: 0>
[2023-12-02 20:01:54,335] {{logging_mixin.py:120}} INFO - <Response [200]>
[2023-12-02 20:01:54,338] {{logging_mixin.py:120}} INFO - {'Note': 'Thank you for using Alpha Vantage! Our standard API rate limit is 25 requests per day. Please visit https://www.alphavantage.co/premium/ if you would like to target a higher API call frequency.'}
[2023-12-02 20:01:54,339] {{logging_mixin.py:120}} INFO - <cursor object at 0x7f3a042c2a50; closed: 0>
[2023-12-02 20:01:54,944] {{logging_mixin.py:120}} INFO - <Response [200]>
[2023-12-02 20:01:54,947] {{logging_mixin.py:120}} INFO - {'Note': 'Thank you for using Alpha Vantage! Our standard API rate limit is 25 requests per day. Please visit https://www.alphavantage.co/premium/ if you would like to target a higher API call frequency.'}
[2023-12-02 20:01:54,948] {{logging_mixin.py:120}} INFO - <cursor object at 0x7f3a042c2a50; closed: 0>
[2023-12-02 20:01:55,378] {{logging_mixin.py:120}} INFO - <Response [200]>
[2023-12-02 20:01:55,381] {{logging_mixin.py:120}} INFO - {'Note': 'Thank you for using Alpha Vantage! Our standard API rate limit is 25 requests per day. Please visit https://www.alphavantage.co/premium/ if you would like to target a higher API call frequency.'}
[2023-12-02 20:01:55,383] {{logging_mixin.py:120}} INFO - <cursor object at 0x7f3a042c2a50; closed: 0>
[2023-12-02 20:01:55,815] {{logging_mixin.py:120}} INFO - <Response [200]>
[2023-12-02 20:01:55,818] {{logging_mixin.py:120}} INFO - {'Note': 'Thank you for using Alpha Vantage! Our standard API rate limit is 25 requests per day. Please visit https://www.alphavantage.co/premium/ if you would like to target a higher API call frequency.'}
[2023-12-02 20:01:55,820] {{logging_mixin.py:120}} INFO - <cursor object at 0x7f3a042c2a50; closed: 0>
[2023-12-02 20:01:56,233] {{logging_mixin.py:120}} INFO - <Response [200]>
[2023-12-02 20:01:56,236] {{logging_mixin.py:120}} INFO - {'Note': 'Thank you for using Alpha Vantage! Our standard API rate limit is 25 requests per day. Please visit https://www.alphavantage.co/premium/ if you would like to target a higher API call frequency.'}
[2023-12-02 20:01:56,238] {{logging_mixin.py:120}} INFO - <cursor object at 0x7f3a042c2a50; closed: 0>
[2023-12-02 20:01:56,663] {{logging_mixin.py:120}} INFO - <Response [200]>
[2023-12-02 20:01:56,665] {{logging_mixin.py:120}} INFO - {'Note': 'Thank you for using Alpha Vantage! Our standard API rate limit is 25 requests per day. Please visit https://www.alphavantage.co/premium/ if you would like to target a higher API call frequency.'}
[2023-12-02 20:01:56,669] {{logging_mixin.py:120}} INFO - <cursor object at 0x7f3a042c2a50; closed: 0>
[2023-12-02 20:01:57,082] {{logging_mixin.py:120}} INFO - <Response [200]>
[2023-12-02 20:01:57,086] {{logging_mixin.py:120}} INFO - {'Note': 'Thank you for using Alpha Vantage! Our standard API rate limit is 25 requests per day. Please visit https://www.alphavantage.co/premium/ if you would like to target a higher API call frequency.'}
[2023-12-02 20:01:57,088] {{logging_mixin.py:120}} INFO - <cursor object at 0x7f3a042c2a50; closed: 0>
[2023-12-02 20:01:57,515] {{logging_mixin.py:120}} INFO - <Response [200]>
[2023-12-02 20:01:57,518] {{logging_mixin.py:120}} INFO - {'Note': 'Thank you for using Alpha Vantage! Our standard API rate limit is 25 requests per day. Please visit https://www.alphavantage.co/premium/ if you would like to target a higher API call frequency.'}
[2023-12-02 20:01:57,521] {{logging_mixin.py:120}} INFO - <cursor object at 0x7f3a042c2a50; closed: 0>
[2023-12-02 20:01:57,967] {{logging_mixin.py:120}} INFO - <Response [200]>
[2023-12-02 20:01:57,969] {{logging_mixin.py:120}} INFO - {'Note': 'Thank you for using Alpha Vantage! Our standard API rate limit is 25 requests per day. Please visit https://www.alphavantage.co/premium/ if you would like to target a higher API call frequency.'}
[2023-12-02 20:01:57,970] {{logging_mixin.py:120}} INFO - <cursor object at 0x7f3a042c2a50; closed: 0>
[2023-12-02 20:01:58,389] {{logging_mixin.py:120}} INFO - <Response [200]>
[2023-12-02 20:01:58,392] {{logging_mixin.py:120}} INFO - {'Note': 'Thank you for using Alpha Vantage! Our standard API rate limit is 25 requests per day. Please visit https://www.alphavantage.co/premium/ if you would like to target a higher API call frequency.'}
[2023-12-02 20:01:58,394] {{logging_mixin.py:120}} INFO - <cursor object at 0x7f3a042c2a50; closed: 0>
[2023-12-02 20:01:58,986] {{logging_mixin.py:120}} INFO - <Response [200]>
[2023-12-02 20:01:58,989] {{logging_mixin.py:120}} INFO - {'Note': 'Thank you for using Alpha Vantage! Our standard API rate limit is 25 requests per day. Please visit https://www.alphavantage.co/premium/ if you would like to target a higher API call frequency.'}
[2023-12-02 20:01:58,991] {{logging_mixin.py:120}} INFO - <cursor object at 0x7f3a042c2a50; closed: 0>
[2023-12-02 20:01:59,430] {{logging_mixin.py:120}} INFO - <Response [200]>
[2023-12-02 20:01:59,434] {{logging_mixin.py:120}} INFO - {'Note': 'Thank you for using Alpha Vantage! Our standard API rate limit is 25 requests per day. Please visit https://www.alphavantage.co/premium/ if you would like to target a higher API call frequency.'}
[2023-12-02 20:01:59,436] {{logging_mixin.py:120}} INFO - <cursor object at 0x7f3a042c2a50; closed: 0>
[2023-12-02 20:02:00,038] {{logging_mixin.py:120}} INFO - <Response [200]>
[2023-12-02 20:02:00,041] {{logging_mixin.py:120}} INFO - {'Note': 'Thank you for using Alpha Vantage! Our standard API rate limit is 25 requests per day. Please visit https://www.alphavantage.co/premium/ if you would like to target a higher API call frequency.'}
[2023-12-02 20:02:00,043] {{logging_mixin.py:120}} INFO - <cursor object at 0x7f3a042c2a50; closed: 0>
[2023-12-02 20:02:00,644] {{logging_mixin.py:120}} INFO - <Response [200]>
[2023-12-02 20:02:00,648] {{logging_mixin.py:120}} INFO - {'Note': 'Thank you for using Alpha Vantage! Our standard API rate limit is 25 requests per day. Please visit https://www.alphavantage.co/premium/ if you would like to target a higher API call frequency.'}
[2023-12-02 20:02:00,649] {{logging_mixin.py:120}} INFO - <cursor object at 0x7f3a042c2a50; closed: 0>
[2023-12-02 20:02:01,220] {{logging_mixin.py:120}} INFO - <Response [200]>
[2023-12-02 20:02:01,225] {{logging_mixin.py:120}} INFO - {'Note': 'Thank you for using Alpha Vantage! Our standard API rate limit is 25 requests per day. Please visit https://www.alphavantage.co/premium/ if you would like to target a higher API call frequency.'}
[2023-12-02 20:02:01,228] {{logging_mixin.py:120}} INFO - <cursor object at 0x7f3a042c2a50; closed: 0>
[2023-12-02 20:02:01,714] {{logging_mixin.py:120}} INFO - <Response [200]>
[2023-12-02 20:02:01,717] {{logging_mixin.py:120}} INFO - {'Note': 'Thank you for using Alpha Vantage! Our standard API rate limit is 25 requests per day. Please visit https://www.alphavantage.co/premium/ if you would like to target a higher API call frequency.'}
[2023-12-02 20:02:01,718] {{logging_mixin.py:120}} INFO - <cursor object at 0x7f3a042c2a50; closed: 0>
[2023-12-02 20:02:02,139] {{logging_mixin.py:120}} INFO - <Response [200]>
[2023-12-02 20:02:02,142] {{logging_mixin.py:120}} INFO - {'Note': 'Thank you for using Alpha Vantage! Our standard API rate limit is 25 requests per day. Please visit https://www.alphavantage.co/premium/ if you would like to target a higher API call frequency.'}
[2023-12-02 20:02:02,143] {{logging_mixin.py:120}} INFO - <cursor object at 0x7f3a042c2a50; closed: 0>
[2023-12-02 20:02:02,588] {{logging_mixin.py:120}} INFO - <Response [200]>
[2023-12-02 20:02:02,591] {{logging_mixin.py:120}} INFO - {'Note': 'Thank you for using Alpha Vantage! Our standard API rate limit is 25 requests per day. Please visit https://www.alphavantage.co/premium/ if you would like to target a higher API call frequency.'}
[2023-12-02 20:02:02,593] {{logging_mixin.py:120}} INFO - <cursor object at 0x7f3a042c2a50; closed: 0>
[2023-12-02 20:02:03,021] {{logging_mixin.py:120}} INFO - <Response [200]>
[2023-12-02 20:02:03,023] {{logging_mixin.py:120}} INFO - {'Note': 'Thank you for using Alpha Vantage! Our standard API rate limit is 25 requests per day. Please visit https://www.alphavantage.co/premium/ if you would like to target a higher API call frequency.'}
[2023-12-02 20:02:03,025] {{logging_mixin.py:120}} INFO - <cursor object at 0x7f3a042c2a50; closed: 0>
[2023-12-02 20:02:03,436] {{logging_mixin.py:120}} INFO - <Response [200]>
[2023-12-02 20:02:03,438] {{logging_mixin.py:120}} INFO - {'Note': 'Thank you for using Alpha Vantage! Our standard API rate limit is 25 requests per day. Please visit https://www.alphavantage.co/premium/ if you would like to target a higher API call frequency.'}
[2023-12-02 20:02:03,441] {{logging_mixin.py:120}} INFO - <cursor object at 0x7f3a042c2a50; closed: 0>
[2023-12-02 20:02:03,876] {{logging_mixin.py:120}} INFO - <Response [200]>
[2023-12-02 20:02:03,878] {{logging_mixin.py:120}} INFO - {'Note': 'Thank you for using Alpha Vantage! Our standard API rate limit is 25 requests per day. Please visit https://www.alphavantage.co/premium/ if you would like to target a higher API call frequency.'}
[2023-12-02 20:02:03,880] {{logging_mixin.py:120}} INFO - <cursor object at 0x7f3a042c2a50; closed: 0>
[2023-12-02 20:02:04,470] {{logging_mixin.py:120}} INFO - <Response [200]>
[2023-12-02 20:02:04,472] {{logging_mixin.py:120}} INFO - {'Note': 'Thank you for using Alpha Vantage! Our standard API rate limit is 25 requests per day. Please visit https://www.alphavantage.co/premium/ if you would like to target a higher API call frequency.'}
[2023-12-02 20:02:04,474] {{logging_mixin.py:120}} INFO - <cursor object at 0x7f3a042c2a50; closed: 0>
[2023-12-02 20:02:06,058] {{logging_mixin.py:120}} INFO - <Response [200]>
[2023-12-02 20:02:06,060] {{logging_mixin.py:120}} INFO - {'Note': 'Thank you for using Alpha Vantage! Our standard API rate limit is 25 requests per day. Please visit https://www.alphavantage.co/premium/ if you would like to target a higher API call frequency.'}
[2023-12-02 20:02:06,063] {{logging_mixin.py:120}} INFO - <cursor object at 0x7f3a042c2a50; closed: 0>
[2023-12-02 20:02:06,694] {{logging_mixin.py:120}} INFO - <Response [200]>
[2023-12-02 20:02:06,697] {{logging_mixin.py:120}} INFO - {'Note': 'Thank you for using Alpha Vantage! Our standard API rate limit is 25 requests per day. Please visit https://www.alphavantage.co/premium/ if you would like to target a higher API call frequency.'}
[2023-12-02 20:02:06,699] {{logging_mixin.py:120}} INFO - <cursor object at 0x7f3a042c2a50; closed: 0>
[2023-12-02 20:02:07,323] {{logging_mixin.py:120}} INFO - <Response [200]>
[2023-12-02 20:02:07,326] {{logging_mixin.py:120}} INFO - {'Note': 'Thank you for using Alpha Vantage! Our standard API rate limit is 25 requests per day. Please visit https://www.alphavantage.co/premium/ if you would like to target a higher API call frequency.'}
[2023-12-02 20:02:07,328] {{logging_mixin.py:120}} INFO - <cursor object at 0x7f3a042c2a50; closed: 0>
[2023-12-02 20:02:07,767] {{logging_mixin.py:120}} INFO - <Response [200]>
[2023-12-02 20:02:07,771] {{logging_mixin.py:120}} INFO - {'Note': 'Thank you for using Alpha Vantage! Our standard API rate limit is 25 requests per day. Please visit https://www.alphavantage.co/premium/ if you would like to target a higher API call frequency.'}
[2023-12-02 20:02:07,773] {{logging_mixin.py:120}} INFO - <cursor object at 0x7f3a042c2a50; closed: 0>
[2023-12-02 20:02:08,196] {{logging_mixin.py:120}} INFO - <Response [200]>
[2023-12-02 20:02:08,199] {{logging_mixin.py:120}} INFO - {'Note': 'Thank you for using Alpha Vantage! Our standard API rate limit is 25 requests per day. Please visit https://www.alphavantage.co/premium/ if you would like to target a higher API call frequency.'}
[2023-12-02 20:02:08,201] {{logging_mixin.py:120}} INFO - <cursor object at 0x7f3a042c2a50; closed: 0>
[2023-12-02 20:02:08,812] {{logging_mixin.py:120}} INFO - <Response [200]>
[2023-12-02 20:02:08,815] {{logging_mixin.py:120}} INFO - {'Note': 'Thank you for using Alpha Vantage! Our standard API rate limit is 25 requests per day. Please visit https://www.alphavantage.co/premium/ if you would like to target a higher API call frequency.'}
[2023-12-02 20:02:08,817] {{logging_mixin.py:120}} INFO - <cursor object at 0x7f3a042c2a50; closed: 0>
[2023-12-02 20:02:09,228] {{logging_mixin.py:120}} INFO - <Response [200]>
[2023-12-02 20:02:09,229] {{logging_mixin.py:120}} INFO - {'Note': 'Thank you for using Alpha Vantage! Our standard API rate limit is 25 requests per day. Please visit https://www.alphavantage.co/premium/ if you would like to target a higher API call frequency.'}
[2023-12-02 20:02:09,231] {{logging_mixin.py:120}} INFO - <cursor object at 0x7f3a042c2a50; closed: 0>
[2023-12-02 20:02:09,655] {{logging_mixin.py:120}} INFO - <Response [200]>
[2023-12-02 20:02:09,659] {{logging_mixin.py:120}} INFO - {'Note': 'Thank you for using Alpha Vantage! Our standard API rate limit is 25 requests per day. Please visit https://www.alphavantage.co/premium/ if you would like to target a higher API call frequency.'}
[2023-12-02 20:02:09,661] {{logging_mixin.py:120}} INFO - <cursor object at 0x7f3a042c2a50; closed: 0>
[2023-12-02 20:02:10,098] {{logging_mixin.py:120}} INFO - <Response [200]>
[2023-12-02 20:02:10,101] {{logging_mixin.py:120}} INFO - {'Note': 'Thank you for using Alpha Vantage! Our standard API rate limit is 25 requests per day. Please visit https://www.alphavantage.co/premium/ if you would like to target a higher API call frequency.'}
[2023-12-02 20:02:10,103] {{logging_mixin.py:120}} INFO - <cursor object at 0x7f3a042c2a50; closed: 0>
[2023-12-02 20:02:10,521] {{logging_mixin.py:120}} INFO - <Response [200]>
[2023-12-02 20:02:10,523] {{logging_mixin.py:120}} INFO - {'Note': 'Thank you for using Alpha Vantage! Our standard API rate limit is 25 requests per day. Please visit https://www.alphavantage.co/premium/ if you would like to target a higher API call frequency.'}
[2023-12-02 20:02:10,525] {{logging_mixin.py:120}} INFO - <cursor object at 0x7f3a042c2a50; closed: 0>
[2023-12-02 20:02:10,953] {{logging_mixin.py:120}} INFO - <Response [200]>
[2023-12-02 20:02:10,957] {{logging_mixin.py:120}} INFO - {'Note': 'Thank you for using Alpha Vantage! Our standard API rate limit is 25 requests per day. Please visit https://www.alphavantage.co/premium/ if you would like to target a higher API call frequency.'}
[2023-12-02 20:02:10,960] {{logging_mixin.py:120}} INFO - <cursor object at 0x7f3a042c2a50; closed: 0>
[2023-12-02 20:02:11,606] {{logging_mixin.py:120}} INFO - <Response [200]>
[2023-12-02 20:02:11,617] {{logging_mixin.py:120}} INFO - {'Note': 'Thank you for using Alpha Vantage! Our standard API rate limit is 25 requests per day. Please visit https://www.alphavantage.co/premium/ if you would like to target a higher API call frequency.'}
[2023-12-02 20:02:11,620] {{logging_mixin.py:120}} INFO - <cursor object at 0x7f3a042c2a50; closed: 0>
[2023-12-02 20:02:12,054] {{logging_mixin.py:120}} INFO - <Response [200]>
[2023-12-02 20:02:12,057] {{logging_mixin.py:120}} INFO - {'Note': 'Thank you for using Alpha Vantage! Our standard API rate limit is 25 requests per day. Please visit https://www.alphavantage.co/premium/ if you would like to target a higher API call frequency.'}
[2023-12-02 20:02:12,059] {{logging_mixin.py:120}} INFO - <cursor object at 0x7f3a042c2a50; closed: 0>
[2023-12-02 20:02:12,466] {{logging_mixin.py:120}} INFO - <Response [200]>
[2023-12-02 20:02:12,469] {{logging_mixin.py:120}} INFO - {'Note': 'Thank you for using Alpha Vantage! Our standard API rate limit is 25 requests per day. Please visit https://www.alphavantage.co/premium/ if you would like to target a higher API call frequency.'}
[2023-12-02 20:02:12,471] {{logging_mixin.py:120}} INFO - <cursor object at 0x7f3a042c2a50; closed: 0>
[2023-12-02 20:02:13,135] {{logging_mixin.py:120}} INFO - <Response [200]>
[2023-12-02 20:02:13,138] {{logging_mixin.py:120}} INFO - {'Note': 'Thank you for using Alpha Vantage! Our standard API rate limit is 25 requests per day. Please visit https://www.alphavantage.co/premium/ if you would like to target a higher API call frequency.'}
[2023-12-02 20:02:13,140] {{logging_mixin.py:120}} INFO - <cursor object at 0x7f3a042c2a50; closed: 0>
[2023-12-02 20:02:13,822] {{logging_mixin.py:120}} INFO - <Response [200]>
[2023-12-02 20:02:13,830] {{logging_mixin.py:120}} INFO - {'Note': 'Thank you for using Alpha Vantage! Our standard API rate limit is 25 requests per day. Please visit https://www.alphavantage.co/premium/ if you would like to target a higher API call frequency.'}
[2023-12-02 20:02:13,832] {{logging_mixin.py:120}} INFO - <cursor object at 0x7f3a042c2a50; closed: 0>
[2023-12-02 20:02:15,364] {{logging_mixin.py:120}} INFO - <Response [200]>
[2023-12-02 20:02:15,367] {{logging_mixin.py:120}} INFO - {'Note': 'Thank you for using Alpha Vantage! Our standard API rate limit is 25 requests per day. Please visit https://www.alphavantage.co/premium/ if you would like to target a higher API call frequency.'}
[2023-12-02 20:02:15,368] {{logging_mixin.py:120}} INFO - <cursor object at 0x7f3a042c2a50; closed: 0>
[2023-12-02 20:02:16,285] {{logging_mixin.py:120}} INFO - <Response [200]>
[2023-12-02 20:02:16,288] {{logging_mixin.py:120}} INFO - {'Note': 'Thank you for using Alpha Vantage! Our standard API rate limit is 25 requests per day. Please visit https://www.alphavantage.co/premium/ if you would like to target a higher API call frequency.'}
[2023-12-02 20:02:16,290] {{logging_mixin.py:120}} INFO - <cursor object at 0x7f3a042c2a50; closed: 0>
[2023-12-02 20:02:16,696] {{logging_mixin.py:120}} INFO - <Response [200]>
[2023-12-02 20:02:16,698] {{logging_mixin.py:120}} INFO - {'Note': 'Thank you for using Alpha Vantage! Our standard API rate limit is 25 requests per day. Please visit https://www.alphavantage.co/premium/ if you would like to target a higher API call frequency.'}
[2023-12-02 20:02:16,700] {{logging_mixin.py:120}} INFO - <cursor object at 0x7f3a042c2a50; closed: 0>
[2023-12-02 20:02:17,131] {{logging_mixin.py:120}} INFO - <Response [200]>
[2023-12-02 20:02:17,139] {{logging_mixin.py:120}} INFO - {'Note': 'Thank you for using Alpha Vantage! Our standard API rate limit is 25 requests per day. Please visit https://www.alphavantage.co/premium/ if you would like to target a higher API call frequency.'}
[2023-12-02 20:02:17,143] {{logging_mixin.py:120}} INFO - <cursor object at 0x7f3a042c2a50; closed: 0>
[2023-12-02 20:02:17,575] {{logging_mixin.py:120}} INFO - <Response [200]>
[2023-12-02 20:02:17,579] {{logging_mixin.py:120}} INFO - {'Note': 'Thank you for using Alpha Vantage! Our standard API rate limit is 25 requests per day. Please visit https://www.alphavantage.co/premium/ if you would like to target a higher API call frequency.'}
[2023-12-02 20:02:17,583] {{logging_mixin.py:120}} INFO - <cursor object at 0x7f3a042c2a50; closed: 0>
[2023-12-02 20:02:18,012] {{logging_mixin.py:120}} INFO - <Response [200]>
[2023-12-02 20:02:18,016] {{logging_mixin.py:120}} INFO - {'Note': 'Thank you for using Alpha Vantage! Our standard API rate limit is 25 requests per day. Please visit https://www.alphavantage.co/premium/ if you would like to target a higher API call frequency.'}
[2023-12-02 20:02:18,018] {{logging_mixin.py:120}} INFO - <cursor object at 0x7f3a042c2a50; closed: 0>
[2023-12-02 20:02:18,635] {{logging_mixin.py:120}} INFO - <Response [200]>
[2023-12-02 20:02:18,639] {{logging_mixin.py:120}} INFO - {'Note': 'Thank you for using Alpha Vantage! Our standard API rate limit is 25 requests per day. Please visit https://www.alphavantage.co/premium/ if you would like to target a higher API call frequency.'}
[2023-12-02 20:02:18,642] {{logging_mixin.py:120}} INFO - <cursor object at 0x7f3a042c2a50; closed: 0>
[2023-12-02 20:02:19,086] {{logging_mixin.py:120}} INFO - <Response [200]>
[2023-12-02 20:02:19,088] {{logging_mixin.py:120}} INFO - {'Note': 'Thank you for using Alpha Vantage! Our standard API rate limit is 25 requests per day. Please visit https://www.alphavantage.co/premium/ if you would like to target a higher API call frequency.'}
[2023-12-02 20:02:19,092] {{logging_mixin.py:120}} INFO - <cursor object at 0x7f3a042c2a50; closed: 0>
[2023-12-02 20:02:19,515] {{logging_mixin.py:120}} INFO - <Response [200]>
[2023-12-02 20:02:19,519] {{logging_mixin.py:120}} INFO - {'Note': 'Thank you for using Alpha Vantage! Our standard API rate limit is 25 requests per day. Please visit https://www.alphavantage.co/premium/ if you would like to target a higher API call frequency.'}
[2023-12-02 20:02:19,521] {{logging_mixin.py:120}} INFO - <cursor object at 0x7f3a042c2a50; closed: 0>
[2023-12-02 20:02:19,948] {{logging_mixin.py:120}} INFO - <Response [200]>
[2023-12-02 20:02:19,950] {{logging_mixin.py:120}} INFO - {'Note': 'Thank you for using Alpha Vantage! Our standard API rate limit is 25 requests per day. Please visit https://www.alphavantage.co/premium/ if you would like to target a higher API call frequency.'}
[2023-12-02 20:02:19,952] {{logging_mixin.py:120}} INFO - <cursor object at 0x7f3a042c2a50; closed: 0>
[2023-12-02 20:02:20,380] {{logging_mixin.py:120}} INFO - <Response [200]>
[2023-12-02 20:02:20,384] {{logging_mixin.py:120}} INFO - {'Note': 'Thank you for using Alpha Vantage! Our standard API rate limit is 25 requests per day. Please visit https://www.alphavantage.co/premium/ if you would like to target a higher API call frequency.'}
[2023-12-02 20:02:20,385] {{logging_mixin.py:120}} INFO - <cursor object at 0x7f3a042c2a50; closed: 0>
[2023-12-02 20:02:20,794] {{logging_mixin.py:120}} INFO - <Response [200]>
[2023-12-02 20:02:20,796] {{logging_mixin.py:120}} INFO - {'Note': 'Thank you for using Alpha Vantage! Our standard API rate limit is 25 requests per day. Please visit https://www.alphavantage.co/premium/ if you would like to target a higher API call frequency.'}
[2023-12-02 20:02:20,798] {{logging_mixin.py:120}} INFO - <cursor object at 0x7f3a042c2a50; closed: 0>
[2023-12-02 20:02:22,346] {{logging_mixin.py:120}} INFO - <Response [200]>
[2023-12-02 20:02:22,349] {{logging_mixin.py:120}} INFO - {'Note': 'Thank you for using Alpha Vantage! Our standard API rate limit is 25 requests per day. Please visit https://www.alphavantage.co/premium/ if you would like to target a higher API call frequency.'}
[2023-12-02 20:02:22,351] {{logging_mixin.py:120}} INFO - <cursor object at 0x7f3a042c2a50; closed: 0>
[2023-12-02 20:02:22,795] {{logging_mixin.py:120}} INFO - <Response [200]>
[2023-12-02 20:02:22,800] {{logging_mixin.py:120}} INFO - {'Note': 'Thank you for using Alpha Vantage! Our standard API rate limit is 25 requests per day. Please visit https://www.alphavantage.co/premium/ if you would like to target a higher API call frequency.'}
[2023-12-02 20:02:22,804] {{logging_mixin.py:120}} INFO - <cursor object at 0x7f3a042c2a50; closed: 0>
[2023-12-02 20:02:23,242] {{logging_mixin.py:120}} INFO - <Response [200]>
[2023-12-02 20:02:23,244] {{logging_mixin.py:120}} INFO - {'Note': 'Thank you for using Alpha Vantage! Our standard API rate limit is 25 requests per day. Please visit https://www.alphavantage.co/premium/ if you would like to target a higher API call frequency.'}
[2023-12-02 20:02:23,246] {{logging_mixin.py:120}} INFO - <cursor object at 0x7f3a042c2a50; closed: 0>
[2023-12-02 20:02:24,183] {{logging_mixin.py:120}} INFO - <Response [200]>
[2023-12-02 20:02:24,185] {{logging_mixin.py:120}} INFO - {'Note': 'Thank you for using Alpha Vantage! Our standard API rate limit is 25 requests per day. Please visit https://www.alphavantage.co/premium/ if you would like to target a higher API call frequency.'}
[2023-12-02 20:02:24,186] {{logging_mixin.py:120}} INFO - <cursor object at 0x7f3a042c2a50; closed: 0>
[2023-12-02 20:02:24,605] {{logging_mixin.py:120}} INFO - <Response [200]>
[2023-12-02 20:02:24,608] {{logging_mixin.py:120}} INFO - {'Note': 'Thank you for using Alpha Vantage! Our standard API rate limit is 25 requests per day. Please visit https://www.alphavantage.co/premium/ if you would like to target a higher API call frequency.'}
[2023-12-02 20:02:24,610] {{logging_mixin.py:120}} INFO - <cursor object at 0x7f3a042c2a50; closed: 0>
[2023-12-02 20:02:25,028] {{logging_mixin.py:120}} INFO - <Response [200]>
[2023-12-02 20:02:25,032] {{logging_mixin.py:120}} INFO - {'Note': 'Thank you for using Alpha Vantage! Our standard API rate limit is 25 requests per day. Please visit https://www.alphavantage.co/premium/ if you would like to target a higher API call frequency.'}
[2023-12-02 20:02:25,035] {{logging_mixin.py:120}} INFO - <cursor object at 0x7f3a042c2a50; closed: 0>
[2023-12-02 20:02:26,650] {{logging_mixin.py:120}} INFO - <Response [200]>
[2023-12-02 20:02:26,712] {{logging_mixin.py:120}} INFO - {'Note': 'Thank you for using Alpha Vantage! Our standard API rate limit is 25 requests per day. Please visit https://www.alphavantage.co/premium/ if you would like to target a higher API call frequency.'}
[2023-12-02 20:02:26,716] {{logging_mixin.py:120}} INFO - <cursor object at 0x7f3a042c2a50; closed: 0>
[2023-12-02 20:02:27,794] {{logging_mixin.py:120}} INFO - <Response [200]>
[2023-12-02 20:02:27,796] {{logging_mixin.py:120}} INFO - {'Note': 'Thank you for using Alpha Vantage! Our standard API rate limit is 25 requests per day. Please visit https://www.alphavantage.co/premium/ if you would like to target a higher API call frequency.'}
[2023-12-02 20:02:27,798] {{logging_mixin.py:120}} INFO - <cursor object at 0x7f3a042c2a50; closed: 0>
[2023-12-02 20:02:28,669] {{logging_mixin.py:120}} INFO - <Response [200]>
[2023-12-02 20:02:28,672] {{logging_mixin.py:120}} INFO - {'Note': 'Thank you for using Alpha Vantage! Our standard API rate limit is 25 requests per day. Please visit https://www.alphavantage.co/premium/ if you would like to target a higher API call frequency.'}
[2023-12-02 20:02:28,674] {{logging_mixin.py:120}} INFO - <cursor object at 0x7f3a042c2a50; closed: 0>
[2023-12-02 20:02:29,105] {{logging_mixin.py:120}} INFO - <Response [200]>
[2023-12-02 20:02:29,107] {{logging_mixin.py:120}} INFO - {'Information': 'Thank you for using Alpha Vantage! Our standard API rate limit is 25 requests per day. Please subscribe to any of the premium plans at https://www.alphavantage.co/premium/ to instantly remove all daily rate limits.'}
[2023-12-02 20:02:29,110] {{logging_mixin.py:120}} INFO - <cursor object at 0x7f3a042c2a50; closed: 0>
[2023-12-02 20:02:29,923] {{logging_mixin.py:120}} INFO - <Response [200]>
[2023-12-02 20:02:29,928] {{logging_mixin.py:120}} INFO - {'Information': 'Thank you for using Alpha Vantage! Our standard API rate limit is 25 requests per day. Please subscribe to any of the premium plans at https://www.alphavantage.co/premium/ to instantly remove all daily rate limits.'}
[2023-12-02 20:02:29,932] {{logging_mixin.py:120}} INFO - <cursor object at 0x7f3a042c2a50; closed: 0>
[2023-12-02 20:02:31,151] {{logging_mixin.py:120}} INFO - <Response [200]>
[2023-12-02 20:02:31,156] {{logging_mixin.py:120}} INFO - {'Information': 'Thank you for using Alpha Vantage! Our standard API rate limit is 25 requests per day. Please subscribe to any of the premium plans at https://www.alphavantage.co/premium/ to instantly remove all daily rate limits.'}
[2023-12-02 20:02:31,164] {{logging_mixin.py:120}} INFO - <cursor object at 0x7f3a042c2a50; closed: 0>
[2023-12-02 20:02:31,603] {{logging_mixin.py:120}} INFO - <Response [200]>
[2023-12-02 20:02:31,606] {{logging_mixin.py:120}} INFO - {'Information': 'Thank you for using Alpha Vantage! Our standard API rate limit is 25 requests per day. Please subscribe to any of the premium plans at https://www.alphavantage.co/premium/ to instantly remove all daily rate limits.'}
[2023-12-02 20:02:31,612] {{logging_mixin.py:120}} INFO - <cursor object at 0x7f3a042c2a50; closed: 0>
[2023-12-02 20:02:34,997] {{logging_mixin.py:120}} INFO - <Response [200]>
[2023-12-02 20:02:35,000] {{logging_mixin.py:120}} INFO - {'Information': 'Thank you for using Alpha Vantage! Our standard API rate limit is 25 requests per day. Please subscribe to any of the premium plans at https://www.alphavantage.co/premium/ to instantly remove all daily rate limits.'}
[2023-12-02 20:02:35,001] {{logging_mixin.py:120}} INFO - <cursor object at 0x7f3a042c2a50; closed: 0>
[2023-12-02 20:02:36,228] {{logging_mixin.py:120}} INFO - <Response [200]>
[2023-12-02 20:02:36,229] {{logging_mixin.py:120}} INFO - {'Information': 'Thank you for using Alpha Vantage! Our standard API rate limit is 25 requests per day. Please subscribe to any of the premium plans at https://www.alphavantage.co/premium/ to instantly remove all daily rate limits.'}
[2023-12-02 20:02:36,231] {{logging_mixin.py:120}} INFO - <cursor object at 0x7f3a042c2a50; closed: 0>
[2023-12-02 20:02:37,802] {{logging_mixin.py:120}} INFO - <Response [200]>
[2023-12-02 20:02:37,806] {{logging_mixin.py:120}} INFO - {'Information': 'Thank you for using Alpha Vantage! Our standard API rate limit is 25 requests per day. Please subscribe to any of the premium plans at https://www.alphavantage.co/premium/ to instantly remove all daily rate limits.'}
[2023-12-02 20:02:37,808] {{logging_mixin.py:120}} INFO - <cursor object at 0x7f3a042c2a50; closed: 0>
[2023-12-02 20:02:39,726] {{logging_mixin.py:120}} INFO - <Response [200]>
[2023-12-02 20:02:39,728] {{logging_mixin.py:120}} INFO - {'Information': 'Thank you for using Alpha Vantage! Our standard API rate limit is 25 requests per day. Please subscribe to any of the premium plans at https://www.alphavantage.co/premium/ to instantly remove all daily rate limits.'}
[2023-12-02 20:02:39,730] {{logging_mixin.py:120}} INFO - <cursor object at 0x7f3a042c2a50; closed: 0>
[2023-12-02 20:02:40,153] {{logging_mixin.py:120}} INFO - <Response [200]>
[2023-12-02 20:02:40,156] {{logging_mixin.py:120}} INFO - {'Information': 'Thank you for using Alpha Vantage! Our standard API rate limit is 25 requests per day. Please subscribe to any of the premium plans at https://www.alphavantage.co/premium/ to instantly remove all daily rate limits.'}
[2023-12-02 20:02:40,159] {{logging_mixin.py:120}} INFO - <cursor object at 0x7f3a042c2a50; closed: 0>
[2023-12-02 20:02:40,590] {{logging_mixin.py:120}} INFO - <Response [200]>
[2023-12-02 20:02:40,595] {{logging_mixin.py:120}} INFO - {'Information': 'Thank you for using Alpha Vantage! Our standard API rate limit is 25 requests per day. Please subscribe to any of the premium plans at https://www.alphavantage.co/premium/ to instantly remove all daily rate limits.'}
[2023-12-02 20:02:40,597] {{logging_mixin.py:120}} INFO - <cursor object at 0x7f3a042c2a50; closed: 0>
[2023-12-02 20:02:41,049] {{logging_mixin.py:120}} INFO - <Response [200]>
[2023-12-02 20:02:41,052] {{logging_mixin.py:120}} INFO - {'Information': 'Thank you for using Alpha Vantage! Our standard API rate limit is 25 requests per day. Please subscribe to any of the premium plans at https://www.alphavantage.co/premium/ to instantly remove all daily rate limits.'}
[2023-12-02 20:02:41,055] {{logging_mixin.py:120}} INFO - <cursor object at 0x7f3a042c2a50; closed: 0>
[2023-12-02 20:02:41,501] {{logging_mixin.py:120}} INFO - <Response [200]>
[2023-12-02 20:02:41,504] {{logging_mixin.py:120}} INFO - {'Information': 'Thank you for using Alpha Vantage! Our standard API rate limit is 25 requests per day. Please subscribe to any of the premium plans at https://www.alphavantage.co/premium/ to instantly remove all daily rate limits.'}
[2023-12-02 20:02:41,506] {{logging_mixin.py:120}} INFO - <cursor object at 0x7f3a042c2a50; closed: 0>
[2023-12-02 20:02:42,089] {{logging_mixin.py:120}} INFO - <Response [200]>
[2023-12-02 20:02:42,094] {{logging_mixin.py:120}} INFO - {'Information': 'Thank you for using Alpha Vantage! Our standard API rate limit is 25 requests per day. Please subscribe to any of the premium plans at https://www.alphavantage.co/premium/ to instantly remove all daily rate limits.'}
[2023-12-02 20:02:42,096] {{logging_mixin.py:120}} INFO - <cursor object at 0x7f3a042c2a50; closed: 0>
[2023-12-02 20:02:42,704] {{logging_mixin.py:120}} INFO - <Response [200]>
[2023-12-02 20:02:42,708] {{logging_mixin.py:120}} INFO - {'Information': 'Thank you for using Alpha Vantage! Our standard API rate limit is 25 requests per day. Please subscribe to any of the premium plans at https://www.alphavantage.co/premium/ to instantly remove all daily rate limits.'}
[2023-12-02 20:02:42,709] {{logging_mixin.py:120}} INFO - <cursor object at 0x7f3a042c2a50; closed: 0>
[2023-12-02 20:02:43,144] {{logging_mixin.py:120}} INFO - <Response [200]>
[2023-12-02 20:02:43,147] {{logging_mixin.py:120}} INFO - {'Information': 'Thank you for using Alpha Vantage! Our standard API rate limit is 25 requests per day. Please subscribe to any of the premium plans at https://www.alphavantage.co/premium/ to instantly remove all daily rate limits.'}
[2023-12-02 20:02:43,149] {{logging_mixin.py:120}} INFO - <cursor object at 0x7f3a042c2a50; closed: 0>
[2023-12-02 20:02:43,584] {{logging_mixin.py:120}} INFO - <Response [200]>
[2023-12-02 20:02:43,587] {{logging_mixin.py:120}} INFO - {'Information': 'Thank you for using Alpha Vantage! Our standard API rate limit is 25 requests per day. Please subscribe to any of the premium plans at https://www.alphavantage.co/premium/ to instantly remove all daily rate limits.'}
[2023-12-02 20:02:43,589] {{logging_mixin.py:120}} INFO - <cursor object at 0x7f3a042c2a50; closed: 0>
[2023-12-02 20:02:44,300] {{logging_mixin.py:120}} INFO - <Response [200]>
[2023-12-02 20:02:44,317] {{logging_mixin.py:120}} INFO - {'Information': 'Thank you for using Alpha Vantage! Our standard API rate limit is 25 requests per day. Please subscribe to any of the premium plans at https://www.alphavantage.co/premium/ to instantly remove all daily rate limits.'}
[2023-12-02 20:02:44,334] {{logging_mixin.py:120}} INFO - <cursor object at 0x7f3a042c2a50; closed: 0>
[2023-12-02 20:02:44,937] {{logging_mixin.py:120}} INFO - <Response [200]>
[2023-12-02 20:02:44,941] {{logging_mixin.py:120}} INFO - {'Information': 'Thank you for using Alpha Vantage! Our standard API rate limit is 25 requests per day. Please subscribe to any of the premium plans at https://www.alphavantage.co/premium/ to instantly remove all daily rate limits.'}
[2023-12-02 20:02:44,951] {{logging_mixin.py:120}} INFO - <cursor object at 0x7f3a042c2a50; closed: 0>
[2023-12-02 20:02:46,186] {{logging_mixin.py:120}} INFO - <Response [200]>
[2023-12-02 20:02:46,189] {{logging_mixin.py:120}} INFO - {'Information': 'Thank you for using Alpha Vantage! Our standard API rate limit is 25 requests per day. Please subscribe to any of the premium plans at https://www.alphavantage.co/premium/ to instantly remove all daily rate limits.'}
[2023-12-02 20:02:46,191] {{logging_mixin.py:120}} INFO - <cursor object at 0x7f3a042c2a50; closed: 0>
[2023-12-02 20:02:46,649] {{logging_mixin.py:120}} INFO - <Response [200]>
[2023-12-02 20:02:46,652] {{logging_mixin.py:120}} INFO - {'Information': 'Thank you for using Alpha Vantage! Our standard API rate limit is 25 requests per day. Please subscribe to any of the premium plans at https://www.alphavantage.co/premium/ to instantly remove all daily rate limits.'}
[2023-12-02 20:02:46,656] {{logging_mixin.py:120}} INFO - <cursor object at 0x7f3a042c2a50; closed: 0>
[2023-12-02 20:02:47,083] {{logging_mixin.py:120}} INFO - <Response [200]>
[2023-12-02 20:02:47,086] {{logging_mixin.py:120}} INFO - {'Information': 'Thank you for using Alpha Vantage! Our standard API rate limit is 25 requests per day. Please subscribe to any of the premium plans at https://www.alphavantage.co/premium/ to instantly remove all daily rate limits.'}
[2023-12-02 20:02:47,088] {{logging_mixin.py:120}} INFO - <cursor object at 0x7f3a042c2a50; closed: 0>
[2023-12-02 20:02:47,514] {{logging_mixin.py:120}} INFO - <Response [200]>
[2023-12-02 20:02:47,518] {{logging_mixin.py:120}} INFO - {'Information': 'Thank you for using Alpha Vantage! Our standard API rate limit is 25 requests per day. Please subscribe to any of the premium plans at https://www.alphavantage.co/premium/ to instantly remove all daily rate limits.'}
[2023-12-02 20:02:47,519] {{logging_mixin.py:120}} INFO - <cursor object at 0x7f3a042c2a50; closed: 0>
[2023-12-02 20:02:47,949] {{logging_mixin.py:120}} INFO - <Response [200]>
[2023-12-02 20:02:47,954] {{logging_mixin.py:120}} INFO - {'Information': 'Thank you for using Alpha Vantage! Our standard API rate limit is 25 requests per day. Please subscribe to any of the premium plans at https://www.alphavantage.co/premium/ to instantly remove all daily rate limits.'}
[2023-12-02 20:02:47,957] {{logging_mixin.py:120}} INFO - <cursor object at 0x7f3a042c2a50; closed: 0>
[2023-12-02 20:02:48,584] {{logging_mixin.py:120}} INFO - <Response [200]>
[2023-12-02 20:02:48,587] {{logging_mixin.py:120}} INFO - {'Information': 'Thank you for using Alpha Vantage! Our standard API rate limit is 25 requests per day. Please subscribe to any of the premium plans at https://www.alphavantage.co/premium/ to instantly remove all daily rate limits.'}
[2023-12-02 20:02:48,589] {{logging_mixin.py:120}} INFO - <cursor object at 0x7f3a042c2a50; closed: 0>
[2023-12-02 20:02:49,015] {{logging_mixin.py:120}} INFO - <Response [200]>
[2023-12-02 20:02:49,019] {{logging_mixin.py:120}} INFO - {'Information': 'Thank you for using Alpha Vantage! Our standard API rate limit is 25 requests per day. Please subscribe to any of the premium plans at https://www.alphavantage.co/premium/ to instantly remove all daily rate limits.'}
[2023-12-02 20:02:49,021] {{logging_mixin.py:120}} INFO - <cursor object at 0x7f3a042c2a50; closed: 0>
[2023-12-02 20:02:49,470] {{logging_mixin.py:120}} INFO - <Response [200]>
[2023-12-02 20:02:49,478] {{logging_mixin.py:120}} INFO - {'Information': 'Thank you for using Alpha Vantage! Our standard API rate limit is 25 requests per day. Please subscribe to any of the premium plans at https://www.alphavantage.co/premium/ to instantly remove all daily rate limits.'}
[2023-12-02 20:02:49,481] {{logging_mixin.py:120}} INFO - <cursor object at 0x7f3a042c2a50; closed: 0>
[2023-12-02 20:02:49,965] {{logging_mixin.py:120}} INFO - <Response [200]>
[2023-12-02 20:02:49,968] {{logging_mixin.py:120}} INFO - {'Note': 'Thank you for using Alpha Vantage! Our standard API rate limit is 25 requests per day. Please visit https://www.alphavantage.co/premium/ if you would like to target a higher API call frequency.'}
[2023-12-02 20:02:49,970] {{logging_mixin.py:120}} INFO - <cursor object at 0x7f3a042c2a50; closed: 0>
[2023-12-02 20:02:50,430] {{logging_mixin.py:120}} INFO - <Response [200]>
[2023-12-02 20:02:50,432] {{logging_mixin.py:120}} INFO - {'Note': 'Thank you for using Alpha Vantage! Our standard API rate limit is 25 requests per day. Please visit https://www.alphavantage.co/premium/ if you would like to target a higher API call frequency.'}
[2023-12-02 20:02:50,434] {{logging_mixin.py:120}} INFO - <cursor object at 0x7f3a042c2a50; closed: 0>
[2023-12-02 20:02:50,850] {{logging_mixin.py:120}} INFO - <Response [200]>
[2023-12-02 20:02:50,854] {{logging_mixin.py:120}} INFO - {'Note': 'Thank you for using Alpha Vantage! Our standard API rate limit is 25 requests per day. Please visit https://www.alphavantage.co/premium/ if you would like to target a higher API call frequency.'}
[2023-12-02 20:02:50,856] {{logging_mixin.py:120}} INFO - <cursor object at 0x7f3a042c2a50; closed: 0>
[2023-12-02 20:02:51,283] {{logging_mixin.py:120}} INFO - <Response [200]>
[2023-12-02 20:02:51,286] {{logging_mixin.py:120}} INFO - {'Note': 'Thank you for using Alpha Vantage! Our standard API rate limit is 25 requests per day. Please visit https://www.alphavantage.co/premium/ if you would like to target a higher API call frequency.'}
[2023-12-02 20:02:51,288] {{logging_mixin.py:120}} INFO - <cursor object at 0x7f3a042c2a50; closed: 0>
[2023-12-02 20:02:51,702] {{logging_mixin.py:120}} INFO - <Response [200]>
[2023-12-02 20:02:51,705] {{logging_mixin.py:120}} INFO - {'Note': 'Thank you for using Alpha Vantage! Our standard API rate limit is 25 requests per day. Please visit https://www.alphavantage.co/premium/ if you would like to target a higher API call frequency.'}
[2023-12-02 20:02:51,708] {{logging_mixin.py:120}} INFO - <cursor object at 0x7f3a042c2a50; closed: 0>
[2023-12-02 20:02:52,329] {{logging_mixin.py:120}} INFO - <Response [200]>
[2023-12-02 20:02:52,331] {{logging_mixin.py:120}} INFO - {'Note': 'Thank you for using Alpha Vantage! Our standard API rate limit is 25 requests per day. Please visit https://www.alphavantage.co/premium/ if you would like to target a higher API call frequency.'}
[2023-12-02 20:02:52,334] {{logging_mixin.py:120}} INFO - <cursor object at 0x7f3a042c2a50; closed: 0>
[2023-12-02 20:02:52,780] {{logging_mixin.py:120}} INFO - <Response [200]>
[2023-12-02 20:02:52,783] {{logging_mixin.py:120}} INFO - {'Note': 'Thank you for using Alpha Vantage! Our standard API rate limit is 25 requests per day. Please visit https://www.alphavantage.co/premium/ if you would like to target a higher API call frequency.'}
[2023-12-02 20:02:52,785] {{logging_mixin.py:120}} INFO - <cursor object at 0x7f3a042c2a50; closed: 0>
[2023-12-02 20:02:53,207] {{logging_mixin.py:120}} INFO - <Response [200]>
[2023-12-02 20:02:53,209] {{logging_mixin.py:120}} INFO - {'Note': 'Thank you for using Alpha Vantage! Our standard API rate limit is 25 requests per day. Please visit https://www.alphavantage.co/premium/ if you would like to target a higher API call frequency.'}
[2023-12-02 20:02:53,211] {{logging_mixin.py:120}} INFO - <cursor object at 0x7f3a042c2a50; closed: 0>
[2023-12-02 20:02:53,789] {{logging_mixin.py:120}} INFO - <Response [200]>
[2023-12-02 20:02:53,791] {{logging_mixin.py:120}} INFO - {'Note': 'Thank you for using Alpha Vantage! Our standard API rate limit is 25 requests per day. Please visit https://www.alphavantage.co/premium/ if you would like to target a higher API call frequency.'}
[2023-12-02 20:02:53,793] {{logging_mixin.py:120}} INFO - <cursor object at 0x7f3a042c2a50; closed: 0>
[2023-12-02 20:02:54,216] {{logging_mixin.py:120}} INFO - <Response [200]>
[2023-12-02 20:02:54,219] {{logging_mixin.py:120}} INFO - {'Note': 'Thank you for using Alpha Vantage! Our standard API rate limit is 25 requests per day. Please visit https://www.alphavantage.co/premium/ if you would like to target a higher API call frequency.'}
[2023-12-02 20:02:54,220] {{logging_mixin.py:120}} INFO - <cursor object at 0x7f3a042c2a50; closed: 0>
[2023-12-02 20:02:54,641] {{logging_mixin.py:120}} INFO - <Response [200]>
[2023-12-02 20:02:54,643] {{logging_mixin.py:120}} INFO - {'Note': 'Thank you for using Alpha Vantage! Our standard API rate limit is 25 requests per day. Please visit https://www.alphavantage.co/premium/ if you would like to target a higher API call frequency.'}
[2023-12-02 20:02:54,645] {{logging_mixin.py:120}} INFO - <cursor object at 0x7f3a042c2a50; closed: 0>
[2023-12-02 20:02:55,193] {{logging_mixin.py:120}} INFO - <Response [200]>
[2023-12-02 20:02:55,196] {{logging_mixin.py:120}} INFO - {'Note': 'Thank you for using Alpha Vantage! Our standard API rate limit is 25 requests per day. Please visit https://www.alphavantage.co/premium/ if you would like to target a higher API call frequency.'}
[2023-12-02 20:02:55,200] {{logging_mixin.py:120}} INFO - <cursor object at 0x7f3a042c2a50; closed: 0>
[2023-12-02 20:02:55,626] {{logging_mixin.py:120}} INFO - <Response [200]>
[2023-12-02 20:02:55,629] {{logging_mixin.py:120}} INFO - {'Note': 'Thank you for using Alpha Vantage! Our standard API rate limit is 25 requests per day. Please visit https://www.alphavantage.co/premium/ if you would like to target a higher API call frequency.'}
[2023-12-02 20:02:55,630] {{logging_mixin.py:120}} INFO - <cursor object at 0x7f3a042c2a50; closed: 0>
[2023-12-02 20:02:56,064] {{logging_mixin.py:120}} INFO - <Response [200]>
[2023-12-02 20:02:56,067] {{logging_mixin.py:120}} INFO - {'Note': 'Thank you for using Alpha Vantage! Our standard API rate limit is 25 requests per day. Please visit https://www.alphavantage.co/premium/ if you would like to target a higher API call frequency.'}
[2023-12-02 20:02:56,070] {{logging_mixin.py:120}} INFO - <cursor object at 0x7f3a042c2a50; closed: 0>
[2023-12-02 20:02:56,475] {{logging_mixin.py:120}} INFO - <Response [200]>
[2023-12-02 20:02:56,478] {{logging_mixin.py:120}} INFO - {'Note': 'Thank you for using Alpha Vantage! Our standard API rate limit is 25 requests per day. Please visit https://www.alphavantage.co/premium/ if you would like to target a higher API call frequency.'}
[2023-12-02 20:02:56,480] {{logging_mixin.py:120}} INFO - <cursor object at 0x7f3a042c2a50; closed: 0>
[2023-12-02 20:02:57,075] {{logging_mixin.py:120}} INFO - <Response [200]>
[2023-12-02 20:02:57,077] {{logging_mixin.py:120}} INFO - {'Note': 'Thank you for using Alpha Vantage! Our standard API rate limit is 25 requests per day. Please visit https://www.alphavantage.co/premium/ if you would like to target a higher API call frequency.'}
[2023-12-02 20:02:57,079] {{logging_mixin.py:120}} INFO - <cursor object at 0x7f3a042c2a50; closed: 0>
[2023-12-02 20:02:58,617] {{logging_mixin.py:120}} INFO - <Response [200]>
[2023-12-02 20:02:58,620] {{logging_mixin.py:120}} INFO - {'Note': 'Thank you for using Alpha Vantage! Our standard API rate limit is 25 requests per day. Please visit https://www.alphavantage.co/premium/ if you would like to target a higher API call frequency.'}
[2023-12-02 20:02:58,621] {{logging_mixin.py:120}} INFO - <cursor object at 0x7f3a042c2a50; closed: 0>
[2023-12-02 20:02:59,342] {{logging_mixin.py:120}} INFO - <Response [200]>
[2023-12-02 20:02:59,366] {{logging_mixin.py:120}} INFO - {'Note': 'Thank you for using Alpha Vantage! Our standard API rate limit is 25 requests per day. Please visit https://www.alphavantage.co/premium/ if you would like to target a higher API call frequency.'}
[2023-12-02 20:02:59,407] {{logging_mixin.py:120}} INFO - <cursor object at 0x7f3a042c2a50; closed: 0>
[2023-12-02 20:03:00,000] {{logging_mixin.py:120}} INFO - <Response [200]>
[2023-12-02 20:03:00,004] {{logging_mixin.py:120}} INFO - {'Note': 'Thank you for using Alpha Vantage! Our standard API rate limit is 25 requests per day. Please visit https://www.alphavantage.co/premium/ if you would like to target a higher API call frequency.'}
[2023-12-02 20:03:00,006] {{logging_mixin.py:120}} INFO - <cursor object at 0x7f3a042c2a50; closed: 0>
[2023-12-02 20:03:00,436] {{logging_mixin.py:120}} INFO - <Response [200]>
[2023-12-02 20:03:00,439] {{logging_mixin.py:120}} INFO - {'Note': 'Thank you for using Alpha Vantage! Our standard API rate limit is 25 requests per day. Please visit https://www.alphavantage.co/premium/ if you would like to target a higher API call frequency.'}
[2023-12-02 20:03:00,441] {{logging_mixin.py:120}} INFO - <cursor object at 0x7f3a042c2a50; closed: 0>
[2023-12-02 20:03:00,932] {{logging_mixin.py:120}} INFO - <Response [200]>
[2023-12-02 20:03:00,935] {{logging_mixin.py:120}} INFO - {'Note': 'Thank you for using Alpha Vantage! Our standard API rate limit is 25 requests per day. Please visit https://www.alphavantage.co/premium/ if you would like to target a higher API call frequency.'}
[2023-12-02 20:03:00,938] {{logging_mixin.py:120}} INFO - <cursor object at 0x7f3a042c2a50; closed: 0>
[2023-12-02 20:03:01,390] {{logging_mixin.py:120}} INFO - <Response [200]>
[2023-12-02 20:03:01,393] {{logging_mixin.py:120}} INFO - {'Note': 'Thank you for using Alpha Vantage! Our standard API rate limit is 25 requests per day. Please visit https://www.alphavantage.co/premium/ if you would like to target a higher API call frequency.'}
[2023-12-02 20:03:01,395] {{logging_mixin.py:120}} INFO - <cursor object at 0x7f3a042c2a50; closed: 0>
[2023-12-02 20:03:01,835] {{logging_mixin.py:120}} INFO - <Response [200]>
[2023-12-02 20:03:01,839] {{logging_mixin.py:120}} INFO - {'Note': 'Thank you for using Alpha Vantage! Our standard API rate limit is 25 requests per day. Please visit https://www.alphavantage.co/premium/ if you would like to target a higher API call frequency.'}
[2023-12-02 20:03:01,841] {{logging_mixin.py:120}} INFO - <cursor object at 0x7f3a042c2a50; closed: 0>
[2023-12-02 20:03:02,305] {{logging_mixin.py:120}} INFO - <Response [200]>
[2023-12-02 20:03:02,333] {{logging_mixin.py:120}} INFO - {'Note': 'Thank you for using Alpha Vantage! Our standard API rate limit is 25 requests per day. Please visit https://www.alphavantage.co/premium/ if you would like to target a higher API call frequency.'}
[2023-12-02 20:03:02,337] {{logging_mixin.py:120}} INFO - <cursor object at 0x7f3a042c2a50; closed: 0>
[2023-12-02 20:03:03,175] {{logging_mixin.py:120}} INFO - <Response [200]>
[2023-12-02 20:03:03,320] {{logging_mixin.py:120}} INFO - {'Note': 'Thank you for using Alpha Vantage! Our standard API rate limit is 25 requests per day. Please visit https://www.alphavantage.co/premium/ if you would like to target a higher API call frequency.'}
[2023-12-02 20:03:03,364] {{logging_mixin.py:120}} INFO - <cursor object at 0x7f3a042c2a50; closed: 0>
[2023-12-02 20:03:03,867] {{logging_mixin.py:120}} INFO - <Response [200]>
[2023-12-02 20:03:03,870] {{logging_mixin.py:120}} INFO - {'Note': 'Thank you for using Alpha Vantage! Our standard API rate limit is 25 requests per day. Please visit https://www.alphavantage.co/premium/ if you would like to target a higher API call frequency.'}
[2023-12-02 20:03:03,872] {{logging_mixin.py:120}} INFO - <cursor object at 0x7f3a042c2a50; closed: 0>
[2023-12-02 20:03:04,352] {{logging_mixin.py:120}} INFO - <Response [200]>
[2023-12-02 20:03:04,354] {{logging_mixin.py:120}} INFO - {'Note': 'Thank you for using Alpha Vantage! Our standard API rate limit is 25 requests per day. Please visit https://www.alphavantage.co/premium/ if you would like to target a higher API call frequency.'}
[2023-12-02 20:03:04,356] {{logging_mixin.py:120}} INFO - <cursor object at 0x7f3a042c2a50; closed: 0>
[2023-12-02 20:03:04,794] {{logging_mixin.py:120}} INFO - <Response [200]>
[2023-12-02 20:03:04,796] {{logging_mixin.py:120}} INFO - {'Note': 'Thank you for using Alpha Vantage! Our standard API rate limit is 25 requests per day. Please visit https://www.alphavantage.co/premium/ if you would like to target a higher API call frequency.'}
[2023-12-02 20:03:04,799] {{logging_mixin.py:120}} INFO - <cursor object at 0x7f3a042c2a50; closed: 0>
[2023-12-02 20:03:06,345] {{logging_mixin.py:120}} INFO - <Response [200]>
[2023-12-02 20:03:06,348] {{logging_mixin.py:120}} INFO - {'Note': 'Thank you for using Alpha Vantage! Our standard API rate limit is 25 requests per day. Please visit https://www.alphavantage.co/premium/ if you would like to target a higher API call frequency.'}
[2023-12-02 20:03:06,350] {{logging_mixin.py:120}} INFO - <cursor object at 0x7f3a042c2a50; closed: 0>
[2023-12-02 20:03:06,757] {{logging_mixin.py:120}} INFO - <Response [200]>
[2023-12-02 20:03:06,761] {{logging_mixin.py:120}} INFO - {'Note': 'Thank you for using Alpha Vantage! Our standard API rate limit is 25 requests per day. Please visit https://www.alphavantage.co/premium/ if you would like to target a higher API call frequency.'}
[2023-12-02 20:03:06,763] {{logging_mixin.py:120}} INFO - <cursor object at 0x7f3a042c2a50; closed: 0>
[2023-12-02 20:03:07,225] {{logging_mixin.py:120}} INFO - <Response [200]>
[2023-12-02 20:03:07,227] {{logging_mixin.py:120}} INFO - {'Note': 'Thank you for using Alpha Vantage! Our standard API rate limit is 25 requests per day. Please visit https://www.alphavantage.co/premium/ if you would like to target a higher API call frequency.'}
[2023-12-02 20:03:07,229] {{logging_mixin.py:120}} INFO - <cursor object at 0x7f3a042c2a50; closed: 0>
[2023-12-02 20:03:07,674] {{logging_mixin.py:120}} INFO - <Response [200]>
[2023-12-02 20:03:07,680] {{logging_mixin.py:120}} INFO - {'Note': 'Thank you for using Alpha Vantage! Our standard API rate limit is 25 requests per day. Please visit https://www.alphavantage.co/premium/ if you would like to target a higher API call frequency.'}
[2023-12-02 20:03:07,683] {{logging_mixin.py:120}} INFO - <cursor object at 0x7f3a042c2a50; closed: 0>
[2023-12-02 20:03:08,134] {{logging_mixin.py:120}} INFO - <Response [200]>
[2023-12-02 20:03:08,137] {{logging_mixin.py:120}} INFO - {'Note': 'Thank you for using Alpha Vantage! Our standard API rate limit is 25 requests per day. Please visit https://www.alphavantage.co/premium/ if you would like to target a higher API call frequency.'}
[2023-12-02 20:03:08,142] {{logging_mixin.py:120}} INFO - <cursor object at 0x7f3a042c2a50; closed: 0>
[2023-12-02 20:03:08,587] {{logging_mixin.py:120}} INFO - <Response [200]>
[2023-12-02 20:03:08,590] {{logging_mixin.py:120}} INFO - {'Note': 'Thank you for using Alpha Vantage! Our standard API rate limit is 25 requests per day. Please visit https://www.alphavantage.co/premium/ if you would like to target a higher API call frequency.'}
[2023-12-02 20:03:08,591] {{logging_mixin.py:120}} INFO - <cursor object at 0x7f3a042c2a50; closed: 0>
[2023-12-02 20:03:09,013] {{logging_mixin.py:120}} INFO - <Response [200]>
[2023-12-02 20:03:09,018] {{logging_mixin.py:120}} INFO - {'Note': 'Thank you for using Alpha Vantage! Our standard API rate limit is 25 requests per day. Please visit https://www.alphavantage.co/premium/ if you would like to target a higher API call frequency.'}
[2023-12-02 20:03:09,021] {{logging_mixin.py:120}} INFO - <cursor object at 0x7f3a042c2a50; closed: 0>
[2023-12-02 20:03:09,448] {{logging_mixin.py:120}} INFO - <Response [200]>
[2023-12-02 20:03:09,450] {{logging_mixin.py:120}} INFO - {'Note': 'Thank you for using Alpha Vantage! Our standard API rate limit is 25 requests per day. Please visit https://www.alphavantage.co/premium/ if you would like to target a higher API call frequency.'}
[2023-12-02 20:03:09,452] {{logging_mixin.py:120}} INFO - <cursor object at 0x7f3a042c2a50; closed: 0>
[2023-12-02 20:03:09,882] {{logging_mixin.py:120}} INFO - <Response [200]>
[2023-12-02 20:03:09,886] {{logging_mixin.py:120}} INFO - {'Note': 'Thank you for using Alpha Vantage! Our standard API rate limit is 25 requests per day. Please visit https://www.alphavantage.co/premium/ if you would like to target a higher API call frequency.'}
[2023-12-02 20:03:09,888] {{logging_mixin.py:120}} INFO - <cursor object at 0x7f3a042c2a50; closed: 0>
[2023-12-02 20:03:10,335] {{logging_mixin.py:120}} INFO - <Response [200]>
[2023-12-02 20:03:10,337] {{logging_mixin.py:120}} INFO - {'Note': 'Thank you for using Alpha Vantage! Our standard API rate limit is 25 requests per day. Please visit https://www.alphavantage.co/premium/ if you would like to target a higher API call frequency.'}
[2023-12-02 20:03:10,339] {{logging_mixin.py:120}} INFO - <cursor object at 0x7f3a042c2a50; closed: 0>
[2023-12-02 20:03:10,771] {{logging_mixin.py:120}} INFO - <Response [200]>
[2023-12-02 20:03:10,774] {{logging_mixin.py:120}} INFO - {'Note': 'Thank you for using Alpha Vantage! Our standard API rate limit is 25 requests per day. Please visit https://www.alphavantage.co/premium/ if you would like to target a higher API call frequency.'}
[2023-12-02 20:03:10,776] {{logging_mixin.py:120}} INFO - <cursor object at 0x7f3a042c2a50; closed: 0>
[2023-12-02 20:03:11,188] {{logging_mixin.py:120}} INFO - <Response [200]>
[2023-12-02 20:03:11,194] {{logging_mixin.py:120}} INFO - {'Note': 'Thank you for using Alpha Vantage! Our standard API rate limit is 25 requests per day. Please visit https://www.alphavantage.co/premium/ if you would like to target a higher API call frequency.'}
[2023-12-02 20:03:11,196] {{logging_mixin.py:120}} INFO - <cursor object at 0x7f3a042c2a50; closed: 0>
[2023-12-02 20:03:11,647] {{logging_mixin.py:120}} INFO - <Response [200]>
[2023-12-02 20:03:11,650] {{logging_mixin.py:120}} INFO - {'Note': 'Thank you for using Alpha Vantage! Our standard API rate limit is 25 requests per day. Please visit https://www.alphavantage.co/premium/ if you would like to target a higher API call frequency.'}
[2023-12-02 20:03:11,651] {{logging_mixin.py:120}} INFO - <cursor object at 0x7f3a042c2a50; closed: 0>
[2023-12-02 20:03:12,292] {{logging_mixin.py:120}} INFO - <Response [200]>
[2023-12-02 20:03:12,299] {{logging_mixin.py:120}} INFO - {'Note': 'Thank you for using Alpha Vantage! Our standard API rate limit is 25 requests per day. Please visit https://www.alphavantage.co/premium/ if you would like to target a higher API call frequency.'}
[2023-12-02 20:03:12,306] {{logging_mixin.py:120}} INFO - <cursor object at 0x7f3a042c2a50; closed: 0>
[2023-12-02 20:03:12,843] {{logging_mixin.py:120}} INFO - <Response [200]>
[2023-12-02 20:03:12,849] {{logging_mixin.py:120}} INFO - {'Note': 'Thank you for using Alpha Vantage! Our standard API rate limit is 25 requests per day. Please visit https://www.alphavantage.co/premium/ if you would like to target a higher API call frequency.'}
[2023-12-02 20:03:12,851] {{logging_mixin.py:120}} INFO - <cursor object at 0x7f3a042c2a50; closed: 0>
[2023-12-02 20:03:13,474] {{logging_mixin.py:120}} INFO - <Response [200]>
[2023-12-02 20:03:13,476] {{logging_mixin.py:120}} INFO - {'Note': 'Thank you for using Alpha Vantage! Our standard API rate limit is 25 requests per day. Please visit https://www.alphavantage.co/premium/ if you would like to target a higher API call frequency.'}
[2023-12-02 20:03:13,478] {{logging_mixin.py:120}} INFO - <cursor object at 0x7f3a042c2a50; closed: 0>
[2023-12-02 20:03:13,902] {{logging_mixin.py:120}} INFO - <Response [200]>
[2023-12-02 20:03:13,905] {{logging_mixin.py:120}} INFO - {'Note': 'Thank you for using Alpha Vantage! Our standard API rate limit is 25 requests per day. Please visit https://www.alphavantage.co/premium/ if you would like to target a higher API call frequency.'}
[2023-12-02 20:03:13,908] {{logging_mixin.py:120}} INFO - <cursor object at 0x7f3a042c2a50; closed: 0>
[2023-12-02 20:03:15,115] {{logging_mixin.py:120}} INFO - <Response [200]>
[2023-12-02 20:03:15,118] {{logging_mixin.py:120}} INFO - {'Note': 'Thank you for using Alpha Vantage! Our standard API rate limit is 25 requests per day. Please visit https://www.alphavantage.co/premium/ if you would like to target a higher API call frequency.'}
[2023-12-02 20:03:15,121] {{logging_mixin.py:120}} INFO - <cursor object at 0x7f3a042c2a50; closed: 0>
[2023-12-02 20:03:15,545] {{logging_mixin.py:120}} INFO - <Response [200]>
[2023-12-02 20:03:15,548] {{logging_mixin.py:120}} INFO - {'Note': 'Thank you for using Alpha Vantage! Our standard API rate limit is 25 requests per day. Please visit https://www.alphavantage.co/premium/ if you would like to target a higher API call frequency.'}
[2023-12-02 20:03:15,550] {{logging_mixin.py:120}} INFO - <cursor object at 0x7f3a042c2a50; closed: 0>
[2023-12-02 20:03:16,198] {{logging_mixin.py:120}} INFO - <Response [200]>
[2023-12-02 20:03:16,201] {{logging_mixin.py:120}} INFO - {'Note': 'Thank you for using Alpha Vantage! Our standard API rate limit is 25 requests per day. Please visit https://www.alphavantage.co/premium/ if you would like to target a higher API call frequency.'}
[2023-12-02 20:03:16,203] {{logging_mixin.py:120}} INFO - <cursor object at 0x7f3a042c2a50; closed: 0>
[2023-12-02 20:03:16,623] {{logging_mixin.py:120}} INFO - <Response [200]>
[2023-12-02 20:03:16,627] {{logging_mixin.py:120}} INFO - {'Note': 'Thank you for using Alpha Vantage! Our standard API rate limit is 25 requests per day. Please visit https://www.alphavantage.co/premium/ if you would like to target a higher API call frequency.'}
[2023-12-02 20:03:16,630] {{logging_mixin.py:120}} INFO - <cursor object at 0x7f3a042c2a50; closed: 0>
[2023-12-02 20:03:17,043] {{logging_mixin.py:120}} INFO - <Response [200]>
[2023-12-02 20:03:17,045] {{logging_mixin.py:120}} INFO - {'Note': 'Thank you for using Alpha Vantage! Our standard API rate limit is 25 requests per day. Please visit https://www.alphavantage.co/premium/ if you would like to target a higher API call frequency.'}
[2023-12-02 20:03:17,047] {{logging_mixin.py:120}} INFO - <cursor object at 0x7f3a042c2a50; closed: 0>
[2023-12-02 20:03:17,481] {{logging_mixin.py:120}} INFO - <Response [200]>
[2023-12-02 20:03:17,483] {{logging_mixin.py:120}} INFO - {'Note': 'Thank you for using Alpha Vantage! Our standard API rate limit is 25 requests per day. Please visit https://www.alphavantage.co/premium/ if you would like to target a higher API call frequency.'}
[2023-12-02 20:03:17,485] {{logging_mixin.py:120}} INFO - <cursor object at 0x7f3a042c2a50; closed: 0>
[2023-12-02 20:03:19,016] {{logging_mixin.py:120}} INFO - <Response [200]>
[2023-12-02 20:03:19,019] {{logging_mixin.py:120}} INFO - {'Note': 'Thank you for using Alpha Vantage! Our standard API rate limit is 25 requests per day. Please visit https://www.alphavantage.co/premium/ if you would like to target a higher API call frequency.'}
[2023-12-02 20:03:19,021] {{logging_mixin.py:120}} INFO - <cursor object at 0x7f3a042c2a50; closed: 0>
[2023-12-02 20:03:19,611] {{logging_mixin.py:120}} INFO - <Response [200]>
[2023-12-02 20:03:19,614] {{logging_mixin.py:120}} INFO - {'Note': 'Thank you for using Alpha Vantage! Our standard API rate limit is 25 requests per day. Please visit https://www.alphavantage.co/premium/ if you would like to target a higher API call frequency.'}
[2023-12-02 20:03:19,616] {{logging_mixin.py:120}} INFO - <cursor object at 0x7f3a042c2a50; closed: 0>
[2023-12-02 20:03:20,036] {{logging_mixin.py:120}} INFO - <Response [200]>
[2023-12-02 20:03:20,039] {{logging_mixin.py:120}} INFO - {'Note': 'Thank you for using Alpha Vantage! Our standard API rate limit is 25 requests per day. Please visit https://www.alphavantage.co/premium/ if you would like to target a higher API call frequency.'}
[2023-12-02 20:03:20,042] {{logging_mixin.py:120}} INFO - <cursor object at 0x7f3a042c2a50; closed: 0>
[2023-12-02 20:03:20,484] {{logging_mixin.py:120}} INFO - <Response [200]>
[2023-12-02 20:03:20,489] {{logging_mixin.py:120}} INFO - {'Note': 'Thank you for using Alpha Vantage! Our standard API rate limit is 25 requests per day. Please visit https://www.alphavantage.co/premium/ if you would like to target a higher API call frequency.'}
[2023-12-02 20:03:20,491] {{logging_mixin.py:120}} INFO - <cursor object at 0x7f3a042c2a50; closed: 0>
[2023-12-02 20:03:20,932] {{logging_mixin.py:120}} INFO - <Response [200]>
[2023-12-02 20:03:20,935] {{logging_mixin.py:120}} INFO - {'Note': 'Thank you for using Alpha Vantage! Our standard API rate limit is 25 requests per day. Please visit https://www.alphavantage.co/premium/ if you would like to target a higher API call frequency.'}
[2023-12-02 20:03:20,937] {{logging_mixin.py:120}} INFO - <cursor object at 0x7f3a042c2a50; closed: 0>
[2023-12-02 20:03:21,422] {{logging_mixin.py:120}} INFO - <Response [200]>
[2023-12-02 20:03:21,426] {{logging_mixin.py:120}} INFO - {'Note': 'Thank you for using Alpha Vantage! Our standard API rate limit is 25 requests per day. Please visit https://www.alphavantage.co/premium/ if you would like to target a higher API call frequency.'}
[2023-12-02 20:03:21,428] {{logging_mixin.py:120}} INFO - <cursor object at 0x7f3a042c2a50; closed: 0>
[2023-12-02 20:03:21,849] {{logging_mixin.py:120}} INFO - <Response [200]>
[2023-12-02 20:03:21,851] {{logging_mixin.py:120}} INFO - {'Note': 'Thank you for using Alpha Vantage! Our standard API rate limit is 25 requests per day. Please visit https://www.alphavantage.co/premium/ if you would like to target a higher API call frequency.'}
[2023-12-02 20:03:21,853] {{logging_mixin.py:120}} INFO - <cursor object at 0x7f3a042c2a50; closed: 0>
[2023-12-02 20:03:22,430] {{logging_mixin.py:120}} INFO - <Response [200]>
[2023-12-02 20:03:22,432] {{logging_mixin.py:120}} INFO - {'Note': 'Thank you for using Alpha Vantage! Our standard API rate limit is 25 requests per day. Please visit https://www.alphavantage.co/premium/ if you would like to target a higher API call frequency.'}
[2023-12-02 20:03:22,434] {{logging_mixin.py:120}} INFO - <cursor object at 0x7f3a042c2a50; closed: 0>
[2023-12-02 20:03:22,878] {{logging_mixin.py:120}} INFO - <Response [200]>
[2023-12-02 20:03:22,881] {{logging_mixin.py:120}} INFO - {'Note': 'Thank you for using Alpha Vantage! Our standard API rate limit is 25 requests per day. Please visit https://www.alphavantage.co/premium/ if you would like to target a higher API call frequency.'}
[2023-12-02 20:03:22,883] {{logging_mixin.py:120}} INFO - <cursor object at 0x7f3a042c2a50; closed: 0>
[2023-12-02 20:03:23,336] {{logging_mixin.py:120}} INFO - <Response [200]>
[2023-12-02 20:03:23,339] {{logging_mixin.py:120}} INFO - {'Note': 'Thank you for using Alpha Vantage! Our standard API rate limit is 25 requests per day. Please visit https://www.alphavantage.co/premium/ if you would like to target a higher API call frequency.'}
[2023-12-02 20:03:23,340] {{logging_mixin.py:120}} INFO - <cursor object at 0x7f3a042c2a50; closed: 0>
[2023-12-02 20:03:23,771] {{logging_mixin.py:120}} INFO - <Response [200]>
[2023-12-02 20:03:23,774] {{logging_mixin.py:120}} INFO - {'Note': 'Thank you for using Alpha Vantage! Our standard API rate limit is 25 requests per day. Please visit https://www.alphavantage.co/premium/ if you would like to target a higher API call frequency.'}
[2023-12-02 20:03:23,775] {{logging_mixin.py:120}} INFO - <cursor object at 0x7f3a042c2a50; closed: 0>
[2023-12-02 20:03:24,216] {{logging_mixin.py:120}} INFO - <Response [200]>
[2023-12-02 20:03:24,219] {{logging_mixin.py:120}} INFO - {'Note': 'Thank you for using Alpha Vantage! Our standard API rate limit is 25 requests per day. Please visit https://www.alphavantage.co/premium/ if you would like to target a higher API call frequency.'}
[2023-12-02 20:03:24,221] {{logging_mixin.py:120}} INFO - <cursor object at 0x7f3a042c2a50; closed: 0>
[2023-12-02 20:03:24,796] {{logging_mixin.py:120}} INFO - <Response [200]>
[2023-12-02 20:03:24,798] {{logging_mixin.py:120}} INFO - {'Note': 'Thank you for using Alpha Vantage! Our standard API rate limit is 25 requests per day. Please visit https://www.alphavantage.co/premium/ if you would like to target a higher API call frequency.'}
[2023-12-02 20:03:24,799] {{logging_mixin.py:120}} INFO - <cursor object at 0x7f3a042c2a50; closed: 0>
[2023-12-02 20:03:25,244] {{logging_mixin.py:120}} INFO - <Response [200]>
[2023-12-02 20:03:25,247] {{logging_mixin.py:120}} INFO - {'Note': 'Thank you for using Alpha Vantage! Our standard API rate limit is 25 requests per day. Please visit https://www.alphavantage.co/premium/ if you would like to target a higher API call frequency.'}
[2023-12-02 20:03:25,249] {{logging_mixin.py:120}} INFO - <cursor object at 0x7f3a042c2a50; closed: 0>
[2023-12-02 20:03:25,668] {{logging_mixin.py:120}} INFO - <Response [200]>
[2023-12-02 20:03:25,671] {{logging_mixin.py:120}} INFO - {'Note': 'Thank you for using Alpha Vantage! Our standard API rate limit is 25 requests per day. Please visit https://www.alphavantage.co/premium/ if you would like to target a higher API call frequency.'}
[2023-12-02 20:03:25,673] {{logging_mixin.py:120}} INFO - <cursor object at 0x7f3a042c2a50; closed: 0>
[2023-12-02 20:03:26,094] {{logging_mixin.py:120}} INFO - <Response [200]>
[2023-12-02 20:03:26,097] {{logging_mixin.py:120}} INFO - {'Note': 'Thank you for using Alpha Vantage! Our standard API rate limit is 25 requests per day. Please visit https://www.alphavantage.co/premium/ if you would like to target a higher API call frequency.'}
[2023-12-02 20:03:26,098] {{logging_mixin.py:120}} INFO - <cursor object at 0x7f3a042c2a50; closed: 0>
[2023-12-02 20:03:26,520] {{logging_mixin.py:120}} INFO - <Response [200]>
[2023-12-02 20:03:26,529] {{logging_mixin.py:120}} INFO - {'Note': 'Thank you for using Alpha Vantage! Our standard API rate limit is 25 requests per day. Please visit https://www.alphavantage.co/premium/ if you would like to target a higher API call frequency.'}
[2023-12-02 20:03:26,533] {{logging_mixin.py:120}} INFO - <cursor object at 0x7f3a042c2a50; closed: 0>
[2023-12-02 20:03:26,968] {{logging_mixin.py:120}} INFO - <Response [200]>
[2023-12-02 20:03:26,971] {{logging_mixin.py:120}} INFO - {'Note': 'Thank you for using Alpha Vantage! Our standard API rate limit is 25 requests per day. Please visit https://www.alphavantage.co/premium/ if you would like to target a higher API call frequency.'}
[2023-12-02 20:03:26,974] {{logging_mixin.py:120}} INFO - <cursor object at 0x7f3a042c2a50; closed: 0>
[2023-12-02 20:03:27,423] {{logging_mixin.py:120}} INFO - <Response [200]>
[2023-12-02 20:03:27,429] {{logging_mixin.py:120}} INFO - {'Note': 'Thank you for using Alpha Vantage! Our standard API rate limit is 25 requests per day. Please visit https://www.alphavantage.co/premium/ if you would like to target a higher API call frequency.'}
[2023-12-02 20:03:27,431] {{logging_mixin.py:120}} INFO - <cursor object at 0x7f3a042c2a50; closed: 0>
[2023-12-02 20:03:27,864] {{logging_mixin.py:120}} INFO - <Response [200]>
[2023-12-02 20:03:27,867] {{logging_mixin.py:120}} INFO - {'Note': 'Thank you for using Alpha Vantage! Our standard API rate limit is 25 requests per day. Please visit https://www.alphavantage.co/premium/ if you would like to target a higher API call frequency.'}
[2023-12-02 20:03:27,868] {{logging_mixin.py:120}} INFO - <cursor object at 0x7f3a042c2a50; closed: 0>
[2023-12-02 20:03:28,329] {{logging_mixin.py:120}} INFO - <Response [200]>
[2023-12-02 20:03:28,332] {{logging_mixin.py:120}} INFO - {'Note': 'Thank you for using Alpha Vantage! Our standard API rate limit is 25 requests per day. Please visit https://www.alphavantage.co/premium/ if you would like to target a higher API call frequency.'}
[2023-12-02 20:03:28,333] {{logging_mixin.py:120}} INFO - <cursor object at 0x7f3a042c2a50; closed: 0>
[2023-12-02 20:03:28,769] {{logging_mixin.py:120}} INFO - <Response [200]>
[2023-12-02 20:03:28,772] {{logging_mixin.py:120}} INFO - {'Information': 'Thank you for using Alpha Vantage! Our standard API rate limit is 25 requests per day. Please subscribe to any of the premium plans at https://www.alphavantage.co/premium/ to instantly remove all daily rate limits.'}
[2023-12-02 20:03:28,773] {{logging_mixin.py:120}} INFO - <cursor object at 0x7f3a042c2a50; closed: 0>
[2023-12-02 20:03:29,197] {{logging_mixin.py:120}} INFO - <Response [200]>
[2023-12-02 20:03:29,200] {{logging_mixin.py:120}} INFO - {'Information': 'Thank you for using Alpha Vantage! Our standard API rate limit is 25 requests per day. Please subscribe to any of the premium plans at https://www.alphavantage.co/premium/ to instantly remove all daily rate limits.'}
[2023-12-02 20:03:29,202] {{logging_mixin.py:120}} INFO - <cursor object at 0x7f3a042c2a50; closed: 0>
[2023-12-02 20:03:29,830] {{logging_mixin.py:120}} INFO - <Response [200]>
[2023-12-02 20:03:29,840] {{logging_mixin.py:120}} INFO - {'Information': 'Thank you for using Alpha Vantage! Our standard API rate limit is 25 requests per day. Please subscribe to any of the premium plans at https://www.alphavantage.co/premium/ to instantly remove all daily rate limits.'}
[2023-12-02 20:03:29,842] {{logging_mixin.py:120}} INFO - <cursor object at 0x7f3a042c2a50; closed: 0>
[2023-12-02 20:03:31,477] {{logging_mixin.py:120}} INFO - <Response [200]>
[2023-12-02 20:03:31,480] {{logging_mixin.py:120}} INFO - {'Information': 'Thank you for using Alpha Vantage! Our standard API rate limit is 25 requests per day. Please subscribe to any of the premium plans at https://www.alphavantage.co/premium/ to instantly remove all daily rate limits.'}
[2023-12-02 20:03:31,482] {{logging_mixin.py:120}} INFO - <cursor object at 0x7f3a042c2a50; closed: 0>
[2023-12-02 20:03:34,693] {{logging_mixin.py:120}} INFO - <Response [200]>
[2023-12-02 20:03:34,696] {{logging_mixin.py:120}} INFO - {'Information': 'Thank you for using Alpha Vantage! Our standard API rate limit is 25 requests per day. Please subscribe to any of the premium plans at https://www.alphavantage.co/premium/ to instantly remove all daily rate limits.'}
[2023-12-02 20:03:34,697] {{logging_mixin.py:120}} INFO - <cursor object at 0x7f3a042c2a50; closed: 0>
[2023-12-02 20:03:35,811] {{logging_mixin.py:120}} INFO - <Response [200]>
[2023-12-02 20:03:35,814] {{logging_mixin.py:120}} INFO - {'Information': 'Thank you for using Alpha Vantage! Our standard API rate limit is 25 requests per day. Please subscribe to any of the premium plans at https://www.alphavantage.co/premium/ to instantly remove all daily rate limits.'}
[2023-12-02 20:03:35,816] {{logging_mixin.py:120}} INFO - <cursor object at 0x7f3a042c2a50; closed: 0>
[2023-12-02 20:03:36,236] {{logging_mixin.py:120}} INFO - <Response [200]>
[2023-12-02 20:03:36,239] {{logging_mixin.py:120}} INFO - {'Information': 'Thank you for using Alpha Vantage! Our standard API rate limit is 25 requests per day. Please subscribe to any of the premium plans at https://www.alphavantage.co/premium/ to instantly remove all daily rate limits.'}
[2023-12-02 20:03:36,241] {{logging_mixin.py:120}} INFO - <cursor object at 0x7f3a042c2a50; closed: 0>
[2023-12-02 20:03:36,662] {{logging_mixin.py:120}} INFO - <Response [200]>
[2023-12-02 20:03:36,665] {{logging_mixin.py:120}} INFO - {'Information': 'Thank you for using Alpha Vantage! Our standard API rate limit is 25 requests per day. Please subscribe to any of the premium plans at https://www.alphavantage.co/premium/ to instantly remove all daily rate limits.'}
[2023-12-02 20:03:36,667] {{logging_mixin.py:120}} INFO - <cursor object at 0x7f3a042c2a50; closed: 0>
[2023-12-02 20:03:37,088] {{logging_mixin.py:120}} INFO - <Response [200]>
[2023-12-02 20:03:37,091] {{logging_mixin.py:120}} INFO - {'Information': 'Thank you for using Alpha Vantage! Our standard API rate limit is 25 requests per day. Please subscribe to any of the premium plans at https://www.alphavantage.co/premium/ to instantly remove all daily rate limits.'}
[2023-12-02 20:03:37,093] {{logging_mixin.py:120}} INFO - <cursor object at 0x7f3a042c2a50; closed: 0>
[2023-12-02 20:03:37,525] {{logging_mixin.py:120}} INFO - <Response [200]>
[2023-12-02 20:03:37,528] {{logging_mixin.py:120}} INFO - {'Information': 'Thank you for using Alpha Vantage! Our standard API rate limit is 25 requests per day. Please subscribe to any of the premium plans at https://www.alphavantage.co/premium/ to instantly remove all daily rate limits.'}
[2023-12-02 20:03:37,529] {{logging_mixin.py:120}} INFO - <cursor object at 0x7f3a042c2a50; closed: 0>
[2023-12-02 20:03:38,131] {{logging_mixin.py:120}} INFO - <Response [200]>
[2023-12-02 20:03:38,133] {{logging_mixin.py:120}} INFO - {'Information': 'Thank you for using Alpha Vantage! Our standard API rate limit is 25 requests per day. Please subscribe to any of the premium plans at https://www.alphavantage.co/premium/ to instantly remove all daily rate limits.'}
[2023-12-02 20:03:38,135] {{logging_mixin.py:120}} INFO - <cursor object at 0x7f3a042c2a50; closed: 0>
[2023-12-02 20:03:38,734] {{logging_mixin.py:120}} INFO - <Response [200]>
[2023-12-02 20:03:38,738] {{logging_mixin.py:120}} INFO - {'Information': 'Thank you for using Alpha Vantage! Our standard API rate limit is 25 requests per day. Please subscribe to any of the premium plans at https://www.alphavantage.co/premium/ to instantly remove all daily rate limits.'}
[2023-12-02 20:03:38,739] {{logging_mixin.py:120}} INFO - <cursor object at 0x7f3a042c2a50; closed: 0>
[2023-12-02 20:03:39,163] {{logging_mixin.py:120}} INFO - <Response [200]>
[2023-12-02 20:03:39,165] {{logging_mixin.py:120}} INFO - {'Information': 'Thank you for using Alpha Vantage! Our standard API rate limit is 25 requests per day. Please subscribe to any of the premium plans at https://www.alphavantage.co/premium/ to instantly remove all daily rate limits.'}
[2023-12-02 20:03:39,168] {{logging_mixin.py:120}} INFO - <cursor object at 0x7f3a042c2a50; closed: 0>
[2023-12-02 20:03:39,597] {{logging_mixin.py:120}} INFO - <Response [200]>
[2023-12-02 20:03:39,599] {{logging_mixin.py:120}} INFO - {'Information': 'Thank you for using Alpha Vantage! Our standard API rate limit is 25 requests per day. Please subscribe to any of the premium plans at https://www.alphavantage.co/premium/ to instantly remove all daily rate limits.'}
[2023-12-02 20:03:39,601] {{logging_mixin.py:120}} INFO - <cursor object at 0x7f3a042c2a50; closed: 0>
[2023-12-02 20:03:40,908] {{logging_mixin.py:120}} INFO - <Response [200]>
[2023-12-02 20:03:40,911] {{logging_mixin.py:120}} INFO - {'Information': 'Thank you for using Alpha Vantage! Our standard API rate limit is 25 requests per day. Please subscribe to any of the premium plans at https://www.alphavantage.co/premium/ to instantly remove all daily rate limits.'}
[2023-12-02 20:03:40,912] {{logging_mixin.py:120}} INFO - <cursor object at 0x7f3a042c2a50; closed: 0>
[2023-12-02 20:03:41,318] {{logging_mixin.py:120}} INFO - <Response [200]>
[2023-12-02 20:03:41,320] {{logging_mixin.py:120}} INFO - {'Information': 'Thank you for using Alpha Vantage! Our standard API rate limit is 25 requests per day. Please subscribe to any of the premium plans at https://www.alphavantage.co/premium/ to instantly remove all daily rate limits.'}
[2023-12-02 20:03:41,322] {{logging_mixin.py:120}} INFO - <cursor object at 0x7f3a042c2a50; closed: 0>
[2023-12-02 20:03:41,765] {{logging_mixin.py:120}} INFO - <Response [200]>
[2023-12-02 20:03:41,767] {{logging_mixin.py:120}} INFO - {'Information': 'Thank you for using Alpha Vantage! Our standard API rate limit is 25 requests per day. Please subscribe to any of the premium plans at https://www.alphavantage.co/premium/ to instantly remove all daily rate limits.'}
[2023-12-02 20:03:41,769] {{logging_mixin.py:120}} INFO - <cursor object at 0x7f3a042c2a50; closed: 0>
[2023-12-02 20:03:42,182] {{logging_mixin.py:120}} INFO - <Response [200]>
[2023-12-02 20:03:42,184] {{logging_mixin.py:120}} INFO - {'Information': 'Thank you for using Alpha Vantage! Our standard API rate limit is 25 requests per day. Please subscribe to any of the premium plans at https://www.alphavantage.co/premium/ to instantly remove all daily rate limits.'}
[2023-12-02 20:03:42,186] {{logging_mixin.py:120}} INFO - <cursor object at 0x7f3a042c2a50; closed: 0>
[2023-12-02 20:03:42,593] {{logging_mixin.py:120}} INFO - <Response [200]>
[2023-12-02 20:03:42,596] {{logging_mixin.py:120}} INFO - {'Information': 'Thank you for using Alpha Vantage! Our standard API rate limit is 25 requests per day. Please subscribe to any of the premium plans at https://www.alphavantage.co/premium/ to instantly remove all daily rate limits.'}
[2023-12-02 20:03:42,597] {{logging_mixin.py:120}} INFO - <cursor object at 0x7f3a042c2a50; closed: 0>
[2023-12-02 20:03:43,020] {{logging_mixin.py:120}} INFO - <Response [200]>
[2023-12-02 20:03:43,023] {{logging_mixin.py:120}} INFO - {'Information': 'Thank you for using Alpha Vantage! Our standard API rate limit is 25 requests per day. Please subscribe to any of the premium plans at https://www.alphavantage.co/premium/ to instantly remove all daily rate limits.'}
[2023-12-02 20:03:43,026] {{logging_mixin.py:120}} INFO - <cursor object at 0x7f3a042c2a50; closed: 0>
