[2023-12-02 15:32:14,931] {{taskinstance.py:670}} INFO - Dependencies all met for <TaskInstance: airflow_init.set_connections 2023-12-02T15:31:52.840312+00:00 [queued]>
[2023-12-02 15:32:14,973] {{taskinstance.py:670}} INFO - Dependencies all met for <TaskInstance: airflow_init.set_connections 2023-12-02T15:31:52.840312+00:00 [queued]>
[2023-12-02 15:32:14,976] {{taskinstance.py:880}} INFO - 
--------------------------------------------------------------------------------
[2023-12-02 15:32:14,979] {{taskinstance.py:881}} INFO - Starting attempt 1 of 1
[2023-12-02 15:32:14,981] {{taskinstance.py:882}} INFO - 
--------------------------------------------------------------------------------
[2023-12-02 15:32:15,016] {{taskinstance.py:901}} INFO - Executing <Task(BashOperator): set_connections> on 2023-12-02T15:31:52.840312+00:00
[2023-12-02 15:32:15,024] {{standard_task_runner.py:54}} INFO - Started process 90 to run task
[2023-12-02 15:32:15,157] {{standard_task_runner.py:77}} INFO - Running: ['airflow', 'run', 'airflow_init', 'set_connections', '2023-12-02T15:31:52.840312+00:00', '--job_id', '3', '--pool', 'default_pool', '--raw', '-sd', 'DAGS_FOLDER/init_airflow.py', '--cfg_path', '/tmp/tmpirdn4xjz']
[2023-12-02 15:32:15,159] {{standard_task_runner.py:78}} INFO - Job 3: Subtask set_connections
[2023-12-02 15:32:15,242] {{logging_mixin.py:120}} INFO - Running <TaskInstance: airflow_init.set_connections 2023-12-02T15:31:52.840312+00:00 [running]> on host 742d4d2983a3
[2023-12-02 15:32:15,402] {{bash_operator.py:113}} INFO - Tmp dir root location: 
 /tmp
[2023-12-02 15:32:15,405] {{bash_operator.py:136}} INFO - Temporary script location: /tmp/airflowtmpc3r2o56r/set_connectionspzp9q7ui
[2023-12-02 15:32:15,407] {{bash_operator.py:146}} INFO - Running command: airflow connections add --conn-host "host.docker.internal" --conn-login "postgres" --conn-password "postgres" --conn-port 5434 --conn-schema "quotes" --conn-type "postgres" conn1
[2023-12-02 15:32:15,423] {{bash_operator.py:153}} INFO - Output:
[2023-12-02 15:32:18,119] {{bash_operator.py:157}} INFO - /usr/local/lib/python3.7/site-packages/_distutils_hack/__init__.py:33: UserWarning: Setuptools is replacing distutils.
[2023-12-02 15:32:18,121] {{bash_operator.py:157}} INFO -   warnings.warn("Setuptools is replacing distutils.")
[2023-12-02 15:32:18,412] {{bash_operator.py:157}} INFO - 
[2023-12-02 15:32:18,414] {{bash_operator.py:157}} INFO - 	Successfully added `conn_id`=conn1 : postgres://postgres:******@host.docker.internal:5434/quotes
[2023-12-02 15:32:18,415] {{bash_operator.py:157}} INFO - 
[2023-12-02 15:32:18,914] {{bash_operator.py:161}} INFO - Command exited with return code 0
[2023-12-02 15:32:18,936] {{taskinstance.py:1070}} INFO - Marking task as SUCCESS.dag_id=airflow_init, task_id=set_connections, execution_date=20231202T153152, start_date=20231202T153214, end_date=20231202T153218
[2023-12-02 15:32:19,887] {{local_task_job.py:102}} INFO - Task exited with return code 0
