[2023-12-02 18:18:52,979] {{taskinstance.py:670}} INFO - Dependencies all met for <TaskInstance: airflow_init.set_variables 2023-12-02T18:18:34.997692+00:00 [queued]>
[2023-12-02 18:18:53,027] {{taskinstance.py:670}} INFO - Dependencies all met for <TaskInstance: airflow_init.set_variables 2023-12-02T18:18:34.997692+00:00 [queued]>
[2023-12-02 18:18:53,033] {{taskinstance.py:880}} INFO - 
--------------------------------------------------------------------------------
[2023-12-02 18:18:53,039] {{taskinstance.py:881}} INFO - Starting attempt 1 of 1
[2023-12-02 18:18:53,051] {{taskinstance.py:882}} INFO - 
--------------------------------------------------------------------------------
[2023-12-02 18:18:53,085] {{taskinstance.py:901}} INFO - Executing <Task(BashOperator): set_variables> on 2023-12-02T18:18:34.997692+00:00
[2023-12-02 18:18:53,093] {{standard_task_runner.py:54}} INFO - Started process 77 to run task
[2023-12-02 18:18:53,241] {{standard_task_runner.py:77}} INFO - Running: ['airflow', 'run', 'airflow_init', 'set_variables', '2023-12-02T18:18:34.997692+00:00', '--job_id', '2', '--pool', 'default_pool', '--raw', '-sd', 'DAGS_FOLDER/init_airflow.py', '--cfg_path', '/tmp/tmpl0wsx9we']
[2023-12-02 18:18:53,243] {{standard_task_runner.py:78}} INFO - Job 2: Subtask set_variables
[2023-12-02 18:18:53,340] {{logging_mixin.py:120}} INFO - Running <TaskInstance: airflow_init.set_variables 2023-12-02T18:18:34.997692+00:00 [running]> on host 4e554c5d2931
[2023-12-02 18:18:53,570] {{bash_operator.py:113}} INFO - Tmp dir root location: 
 /tmp
[2023-12-02 18:18:53,573] {{bash_operator.py:136}} INFO - Temporary script location: /tmp/airflowtmp5ms6p0yj/set_variablesd3l_dgep
[2023-12-02 18:18:53,574] {{bash_operator.py:146}} INFO - Running command: airflow variables import /usr/local/airflow/input/variables.json
[2023-12-02 18:18:53,596] {{bash_operator.py:153}} INFO - Output:
[2023-12-02 18:18:57,222] {{bash_operator.py:157}} INFO - /usr/local/lib/python3.7/site-packages/_distutils_hack/__init__.py:33: UserWarning: Setuptools is replacing distutils.
[2023-12-02 18:18:57,225] {{bash_operator.py:157}} INFO -   warnings.warn("Setuptools is replacing distutils.")
[2023-12-02 18:18:57,835] {{bash_operator.py:157}} INFO - 3 of 3 variables successfully updated.
[2023-12-02 18:18:58,460] {{bash_operator.py:161}} INFO - Command exited with return code 0
[2023-12-02 18:18:58,480] {{taskinstance.py:1070}} INFO - Marking task as SUCCESS.dag_id=airflow_init, task_id=set_variables, execution_date=20231202T181834, start_date=20231202T181852, end_date=20231202T181858
[2023-12-02 18:19:02,937] {{local_task_job.py:102}} INFO - Task exited with return code 0
