[2023-12-02 15:43:45,981] {{taskinstance.py:670}} INFO - Dependencies all met for <TaskInstance: airflow_init.set_connections 2023-12-02T15:43:24.367449+00:00 [queued]>
[2023-12-02 15:43:46,008] {{taskinstance.py:670}} INFO - Dependencies all met for <TaskInstance: airflow_init.set_connections 2023-12-02T15:43:24.367449+00:00 [queued]>
[2023-12-02 15:43:46,009] {{taskinstance.py:880}} INFO - 
--------------------------------------------------------------------------------
[2023-12-02 15:43:46,011] {{taskinstance.py:881}} INFO - Starting attempt 1 of 1
[2023-12-02 15:43:46,012] {{taskinstance.py:882}} INFO - 
--------------------------------------------------------------------------------
[2023-12-02 15:43:46,039] {{taskinstance.py:901}} INFO - Executing <Task(BashOperator): set_connections> on 2023-12-02T15:43:24.367449+00:00
[2023-12-02 15:43:46,047] {{standard_task_runner.py:54}} INFO - Started process 96 to run task
[2023-12-02 15:43:46,139] {{standard_task_runner.py:77}} INFO - Running: ['airflow', 'run', 'airflow_init', 'set_connections', '2023-12-02T15:43:24.367449+00:00', '--job_id', '3', '--pool', 'default_pool', '--raw', '-sd', 'DAGS_FOLDER/init_airflow.py', '--cfg_path', '/tmp/tmp523kkmsd']
[2023-12-02 15:43:46,142] {{standard_task_runner.py:78}} INFO - Job 3: Subtask set_connections
[2023-12-02 15:43:46,206] {{logging_mixin.py:120}} INFO - Running <TaskInstance: airflow_init.set_connections 2023-12-02T15:43:24.367449+00:00 [running]> on host 2b90ab81301c
[2023-12-02 15:43:46,393] {{bash_operator.py:113}} INFO - Tmp dir root location: 
 /tmp
[2023-12-02 15:43:46,396] {{bash_operator.py:136}} INFO - Temporary script location: /tmp/airflowtmpxhvcpmmk/set_connections0his4vyw
[2023-12-02 15:43:46,399] {{bash_operator.py:146}} INFO - Running command: airflow connections add --conn-host "host.docker.internal" --conn-login "postgres" --conn-password "postgres" --conn-port 5434 --conn-schema "quotes" --conn-type "postgres" conn1
[2023-12-02 15:43:46,416] {{bash_operator.py:153}} INFO - Output:
[2023-12-02 15:43:49,327] {{bash_operator.py:157}} INFO - /usr/local/lib/python3.7/site-packages/_distutils_hack/__init__.py:33: UserWarning: Setuptools is replacing distutils.
[2023-12-02 15:43:49,329] {{bash_operator.py:157}} INFO -   warnings.warn("Setuptools is replacing distutils.")
[2023-12-02 15:43:49,621] {{bash_operator.py:157}} INFO - 
[2023-12-02 15:43:49,622] {{bash_operator.py:157}} INFO - 	Successfully added `conn_id`=conn1 : postgres://postgres:******@host.docker.internal:5434/quotes
[2023-12-02 15:43:49,630] {{bash_operator.py:157}} INFO - 
[2023-12-02 15:43:50,637] {{bash_operator.py:161}} INFO - Command exited with return code 0
[2023-12-02 15:43:50,737] {{taskinstance.py:1070}} INFO - Marking task as SUCCESS.dag_id=airflow_init, task_id=set_connections, execution_date=20231202T154324, start_date=20231202T154345, end_date=20231202T154350
[2023-12-02 15:43:50,942] {{local_task_job.py:102}} INFO - Task exited with return code 0
