[2023-12-02 15:39:20,891] {{taskinstance.py:670}} INFO - Dependencies all met for <TaskInstance: airflow_init.set_connections 2023-12-02T15:38:58.231903+00:00 [queued]>
[2023-12-02 15:39:20,918] {{taskinstance.py:670}} INFO - Dependencies all met for <TaskInstance: airflow_init.set_connections 2023-12-02T15:38:58.231903+00:00 [queued]>
[2023-12-02 15:39:20,920] {{taskinstance.py:880}} INFO - 
--------------------------------------------------------------------------------
[2023-12-02 15:39:20,921] {{taskinstance.py:881}} INFO - Starting attempt 1 of 1
[2023-12-02 15:39:20,923] {{taskinstance.py:882}} INFO - 
--------------------------------------------------------------------------------
[2023-12-02 15:39:20,949] {{taskinstance.py:901}} INFO - Executing <Task(BashOperator): set_connections> on 2023-12-02T15:38:58.231903+00:00
[2023-12-02 15:39:20,956] {{standard_task_runner.py:54}} INFO - Started process 88 to run task
[2023-12-02 15:39:21,050] {{standard_task_runner.py:77}} INFO - Running: ['airflow', 'run', 'airflow_init', 'set_connections', '2023-12-02T15:38:58.231903+00:00', '--job_id', '3', '--pool', 'default_pool', '--raw', '-sd', 'DAGS_FOLDER/init_airflow.py', '--cfg_path', '/tmp/tmp_5wb1cpa']
[2023-12-02 15:39:21,053] {{standard_task_runner.py:78}} INFO - Job 3: Subtask set_connections
[2023-12-02 15:39:21,119] {{logging_mixin.py:120}} INFO - Running <TaskInstance: airflow_init.set_connections 2023-12-02T15:38:58.231903+00:00 [running]> on host d22a9f56c66a
[2023-12-02 15:39:21,281] {{bash_operator.py:113}} INFO - Tmp dir root location: 
 /tmp
[2023-12-02 15:39:21,285] {{bash_operator.py:136}} INFO - Temporary script location: /tmp/airflowtmppgwoeu7m/set_connections1ii3zzp8
[2023-12-02 15:39:21,286] {{bash_operator.py:146}} INFO - Running command: airflow connections add --conn-host "host.docker.internal" --conn-login "postgres" --conn-password "postgres" --conn-port 5434 --conn-schema "quotes" --conn-type "postgres" conn1
[2023-12-02 15:39:21,302] {{bash_operator.py:153}} INFO - Output:
[2023-12-02 15:39:24,200] {{bash_operator.py:157}} INFO - /usr/local/lib/python3.7/site-packages/_distutils_hack/__init__.py:33: UserWarning: Setuptools is replacing distutils.
[2023-12-02 15:39:24,202] {{bash_operator.py:157}} INFO -   warnings.warn("Setuptools is replacing distutils.")
[2023-12-02 15:39:24,430] {{bash_operator.py:157}} INFO - 
[2023-12-02 15:39:24,431] {{bash_operator.py:157}} INFO - 	Successfully added `conn_id`=conn1 : postgres://postgres:******@host.docker.internal:5434/quotes
[2023-12-02 15:39:24,433] {{bash_operator.py:157}} INFO - 
[2023-12-02 15:39:24,874] {{bash_operator.py:161}} INFO - Command exited with return code 0
[2023-12-02 15:39:24,888] {{taskinstance.py:1070}} INFO - Marking task as SUCCESS.dag_id=airflow_init, task_id=set_connections, execution_date=20231202T153858, start_date=20231202T153920, end_date=20231202T153924
[2023-12-02 15:39:25,859] {{local_task_job.py:102}} INFO - Task exited with return code 0
