[2023-12-02 15:39:09,045] {{taskinstance.py:670}} INFO - Dependencies all met for <TaskInstance: airflow_init.set_variables 2023-12-02T15:38:58.231903+00:00 [queued]>
[2023-12-02 15:39:09,073] {{taskinstance.py:670}} INFO - Dependencies all met for <TaskInstance: airflow_init.set_variables 2023-12-02T15:38:58.231903+00:00 [queued]>
[2023-12-02 15:39:09,075] {{taskinstance.py:880}} INFO - 
--------------------------------------------------------------------------------
[2023-12-02 15:39:09,077] {{taskinstance.py:881}} INFO - Starting attempt 1 of 1
[2023-12-02 15:39:09,078] {{taskinstance.py:882}} INFO - 
--------------------------------------------------------------------------------
[2023-12-02 15:39:09,104] {{taskinstance.py:901}} INFO - Executing <Task(BashOperator): set_variables> on 2023-12-02T15:38:58.231903+00:00
[2023-12-02 15:39:09,111] {{standard_task_runner.py:54}} INFO - Started process 68 to run task
[2023-12-02 15:39:09,203] {{standard_task_runner.py:77}} INFO - Running: ['airflow', 'run', 'airflow_init', 'set_variables', '2023-12-02T15:38:58.231903+00:00', '--job_id', '2', '--pool', 'default_pool', '--raw', '-sd', 'DAGS_FOLDER/init_airflow.py', '--cfg_path', '/tmp/tmpwaeycnuv']
[2023-12-02 15:39:09,207] {{standard_task_runner.py:78}} INFO - Job 2: Subtask set_variables
[2023-12-02 15:39:09,274] {{logging_mixin.py:120}} INFO - Running <TaskInstance: airflow_init.set_variables 2023-12-02T15:38:58.231903+00:00 [running]> on host d22a9f56c66a
[2023-12-02 15:39:09,476] {{bash_operator.py:113}} INFO - Tmp dir root location: 
 /tmp
[2023-12-02 15:39:09,479] {{bash_operator.py:136}} INFO - Temporary script location: /tmp/airflowtmpvewr50y9/set_variablesx6lzjevd
[2023-12-02 15:39:09,480] {{bash_operator.py:146}} INFO - Running command: airflow variables import /usr/local/airflow/input/variables.json
[2023-12-02 15:39:09,503] {{bash_operator.py:153}} INFO - Output:
[2023-12-02 15:39:12,197] {{bash_operator.py:157}} INFO - /usr/local/lib/python3.7/site-packages/_distutils_hack/__init__.py:33: UserWarning: Setuptools is replacing distutils.
[2023-12-02 15:39:12,199] {{bash_operator.py:157}} INFO -   warnings.warn("Setuptools is replacing distutils.")
[2023-12-02 15:39:12,544] {{bash_operator.py:157}} INFO - 5 of 5 variables successfully updated.
[2023-12-02 15:39:12,971] {{bash_operator.py:161}} INFO - Command exited with return code 0
[2023-12-02 15:39:12,984] {{taskinstance.py:1070}} INFO - Marking task as SUCCESS.dag_id=airflow_init, task_id=set_variables, execution_date=20231202T153858, start_date=20231202T153909, end_date=20231202T153912
[2023-12-02 15:39:14,017] {{local_task_job.py:102}} INFO - Task exited with return code 0
