[2023-12-02 15:33:39,856] {{taskinstance.py:670}} INFO - Dependencies all met for <TaskInstance: hw-3.4.create_rate_table 2023-12-02T15:32:43.418057+00:00 [queued]>
[2023-12-02 15:33:39,985] {{taskinstance.py:670}} INFO - Dependencies all met for <TaskInstance: hw-3.4.create_rate_table 2023-12-02T15:32:43.418057+00:00 [queued]>
[2023-12-02 15:33:39,987] {{taskinstance.py:880}} INFO - 
--------------------------------------------------------------------------------
[2023-12-02 15:33:39,988] {{taskinstance.py:881}} INFO - Starting attempt 1 of 1
[2023-12-02 15:33:39,989] {{taskinstance.py:882}} INFO - 
--------------------------------------------------------------------------------
[2023-12-02 15:33:40,023] {{taskinstance.py:901}} INFO - Executing <Task(PostgresOperator): create_rate_table> on 2023-12-02T15:32:43.418057+00:00
[2023-12-02 15:33:40,031] {{standard_task_runner.py:54}} INFO - Started process 169 to run task
[2023-12-02 15:33:40,132] {{standard_task_runner.py:77}} INFO - Running: ['airflow', 'run', 'hw-3.4', 'create_rate_table', '2023-12-02T15:32:43.418057+00:00', '--job_id', '9', '--pool', 'default_pool', '--raw', '-sd', 'DAGS_FOLDER/hw-3.4.py', '--cfg_path', '/tmp/tmpmnr1n7qx']
[2023-12-02 15:33:40,135] {{standard_task_runner.py:78}} INFO - Job 9: Subtask create_rate_table
[2023-12-02 15:33:40,237] {{logging_mixin.py:120}} INFO - Running <TaskInstance: hw-3.4.create_rate_table 2023-12-02T15:32:43.418057+00:00 [running]> on host 742d4d2983a3
[2023-12-02 15:33:40,265] {{postgres_operator.py:62}} INFO - Executing: CREATE TABLE IF NOT EXISTS rates
(
	rate_id bigserial   primary key,
	get_date            timestamp,
	rate_base           varchar(5),
	rate_target         varchar(5),
	rate                float
)
[2023-12-02 15:33:40,278] {{base_hook.py:89}} INFO - Using connection to: id: conn1. Host: host.docker.internal, Port: 5434, Schema: quotes, Login: postgres, Password: XXXXXXXX, extra: None
[2023-12-02 15:33:40,305] {{dbapi_hook.py:176}} INFO - CREATE TABLE IF NOT EXISTS rates
(
	rate_id bigserial   primary key,
	get_date            timestamp,
	rate_base           varchar(5),
	rate_target         varchar(5),
	rate                float
)
[2023-12-02 15:33:40,319] {{postgres_operator.py:67}} INFO - NOTICE:  relation "rates" already exists, skipping

[2023-12-02 15:33:40,332] {{taskinstance.py:1070}} INFO - Marking task as SUCCESS.dag_id=hw-3.4, task_id=create_rate_table, execution_date=20231202T153243, start_date=20231202T153339, end_date=20231202T153340
[2023-12-02 15:33:44,820] {{local_task_job.py:102}} INFO - Task exited with return code 0
