[2023-12-02 15:54:03,319] {{taskinstance.py:670}} INFO - Dependencies all met for <TaskInstance: hw-3.4.create_rate_table 2023-12-02T15:52:38.815193+00:00 [queued]>
[2023-12-02 15:54:03,455] {{taskinstance.py:670}} INFO - Dependencies all met for <TaskInstance: hw-3.4.create_rate_table 2023-12-02T15:52:38.815193+00:00 [queued]>
[2023-12-02 15:54:03,463] {{taskinstance.py:880}} INFO - 
--------------------------------------------------------------------------------
[2023-12-02 15:54:03,469] {{taskinstance.py:881}} INFO - Starting attempt 1 of 1
[2023-12-02 15:54:03,470] {{taskinstance.py:882}} INFO - 
--------------------------------------------------------------------------------
[2023-12-02 15:54:03,523] {{taskinstance.py:901}} INFO - Executing <Task(PostgresOperator): create_rate_table> on 2023-12-02T15:52:38.815193+00:00
[2023-12-02 15:54:03,532] {{standard_task_runner.py:54}} INFO - Started process 207 to run task
[2023-12-02 15:54:03,650] {{standard_task_runner.py:77}} INFO - Running: ['airflow', 'run', 'hw-3.4', 'create_rate_table', '2023-12-02T15:52:38.815193+00:00', '--job_id', '6', '--pool', 'default_pool', '--raw', '-sd', 'DAGS_FOLDER/hw-3.4.py', '--cfg_path', '/tmp/tmpggwmlgqw']
[2023-12-02 15:54:03,652] {{standard_task_runner.py:78}} INFO - Job 6: Subtask create_rate_table
[2023-12-02 15:54:03,714] {{logging_mixin.py:120}} INFO - Running <TaskInstance: hw-3.4.create_rate_table 2023-12-02T15:52:38.815193+00:00 [running]> on host 2cf373442eb7
[2023-12-02 15:54:03,753] {{postgres_operator.py:62}} INFO - Executing: CREATE TABLE IF NOT EXISTS rates
(
	rate_id bigserial   primary key,
	get_date            timestamp,
	rate_base           varchar(5),
	rate_target         varchar(5),
	rate                float
)
[2023-12-02 15:54:03,782] {{base_hook.py:89}} INFO - Using connection to: id: conn1. Host: host.docker.internal, Port: 5434, Schema: quotes, Login: postgres, Password: XXXXXXXX, extra: None
[2023-12-02 15:54:03,820] {{dbapi_hook.py:176}} INFO - CREATE TABLE IF NOT EXISTS rates
(
	rate_id bigserial   primary key,
	get_date            timestamp,
	rate_base           varchar(5),
	rate_target         varchar(5),
	rate                float
)
[2023-12-02 15:54:03,871] {{taskinstance.py:1070}} INFO - Marking task as SUCCESS.dag_id=hw-3.4, task_id=create_rate_table, execution_date=20231202T155238, start_date=20231202T155403, end_date=20231202T155403
[2023-12-02 15:54:08,267] {{local_task_job.py:102}} INFO - Task exited with return code 0
