[2023-12-02 18:19:13,370] {{taskinstance.py:670}} INFO - Dependencies all met for <TaskInstance: airflow_init.set_connections 2023-12-02T18:18:34.997692+00:00 [queued]>
[2023-12-02 18:19:13,401] {{taskinstance.py:670}} INFO - Dependencies all met for <TaskInstance: airflow_init.set_connections 2023-12-02T18:18:34.997692+00:00 [queued]>
[2023-12-02 18:19:13,403] {{taskinstance.py:880}} INFO - 
--------------------------------------------------------------------------------
[2023-12-02 18:19:13,405] {{taskinstance.py:881}} INFO - Starting attempt 1 of 1
[2023-12-02 18:19:13,406] {{taskinstance.py:882}} INFO - 
--------------------------------------------------------------------------------
[2023-12-02 18:19:13,435] {{taskinstance.py:901}} INFO - Executing <Task(BashOperator): set_connections> on 2023-12-02T18:18:34.997692+00:00
[2023-12-02 18:19:13,446] {{standard_task_runner.py:54}} INFO - Started process 94 to run task
[2023-12-02 18:19:13,570] {{standard_task_runner.py:77}} INFO - Running: ['airflow', 'run', 'airflow_init', 'set_connections', '2023-12-02T18:18:34.997692+00:00', '--job_id', '3', '--pool', 'default_pool', '--raw', '-sd', 'DAGS_FOLDER/init_airflow.py', '--cfg_path', '/tmp/tmpfys_sksh']
[2023-12-02 18:19:13,573] {{standard_task_runner.py:78}} INFO - Job 3: Subtask set_connections
[2023-12-02 18:19:13,657] {{logging_mixin.py:120}} INFO - Running <TaskInstance: airflow_init.set_connections 2023-12-02T18:18:34.997692+00:00 [running]> on host 4e554c5d2931
[2023-12-02 18:19:13,901] {{bash_operator.py:113}} INFO - Tmp dir root location: 
 /tmp
[2023-12-02 18:19:13,905] {{bash_operator.py:136}} INFO - Temporary script location: /tmp/airflowtmp9ara_feh/set_connectionsub4ygy55
[2023-12-02 18:19:13,907] {{bash_operator.py:146}} INFO - Running command: airflow connections add --conn-host "host.docker.internal" --conn-login "postgres" --conn-password "postgres" --conn-port 5434 --conn-schema "quotes" --conn-type "postgres" conn1
[2023-12-02 18:19:13,935] {{bash_operator.py:153}} INFO - Output:
[2023-12-02 18:19:18,010] {{bash_operator.py:157}} INFO - /usr/local/lib/python3.7/site-packages/_distutils_hack/__init__.py:33: UserWarning: Setuptools is replacing distutils.
[2023-12-02 18:19:18,025] {{bash_operator.py:157}} INFO -   warnings.warn("Setuptools is replacing distutils.")
[2023-12-02 18:19:18,441] {{bash_operator.py:157}} INFO - 
[2023-12-02 18:19:18,444] {{bash_operator.py:157}} INFO - 	Successfully added `conn_id`=conn1 : postgres://postgres:******@host.docker.internal:5434/quotes
[2023-12-02 18:19:18,445] {{bash_operator.py:157}} INFO - 
[2023-12-02 18:19:19,314] {{bash_operator.py:161}} INFO - Command exited with return code 0
[2023-12-02 18:19:19,350] {{taskinstance.py:1070}} INFO - Marking task as SUCCESS.dag_id=airflow_init, task_id=set_connections, execution_date=20231202T181834, start_date=20231202T181913, end_date=20231202T181919
[2023-12-02 18:19:23,341] {{local_task_job.py:102}} INFO - Task exited with return code 0
