[2023-12-02 15:53:42,184] {{taskinstance.py:670}} INFO - Dependencies all met for <TaskInstance: hw-3.4.task_bash 2023-12-02T15:52:38.815193+00:00 [queued]>
[2023-12-02 15:53:42,590] {{taskinstance.py:670}} INFO - Dependencies all met for <TaskInstance: hw-3.4.task_bash 2023-12-02T15:52:38.815193+00:00 [queued]>
[2023-12-02 15:53:42,611] {{taskinstance.py:880}} INFO - 
--------------------------------------------------------------------------------
[2023-12-02 15:53:42,621] {{taskinstance.py:881}} INFO - Starting attempt 1 of 1
[2023-12-02 15:53:42,623] {{taskinstance.py:882}} INFO - 
--------------------------------------------------------------------------------
[2023-12-02 15:53:42,795] {{taskinstance.py:901}} INFO - Executing <Task(BashOperator): task_bash> on 2023-12-02T15:52:38.815193+00:00
[2023-12-02 15:53:42,804] {{standard_task_runner.py:54}} INFO - Started process 186 to run task
[2023-12-02 15:53:42,917] {{standard_task_runner.py:77}} INFO - Running: ['airflow', 'run', 'hw-3.4', 'task_bash', '2023-12-02T15:52:38.815193+00:00', '--job_id', '4', '--pool', 'default_pool', '--raw', '-sd', 'DAGS_FOLDER/hw-3.4.py', '--cfg_path', '/tmp/tmpyzvndn4_']
[2023-12-02 15:53:42,920] {{standard_task_runner.py:78}} INFO - Job 4: Subtask task_bash
[2023-12-02 15:53:43,004] {{logging_mixin.py:120}} INFO - Running <TaskInstance: hw-3.4.task_bash 2023-12-02T15:52:38.815193+00:00 [running]> on host 2cf373442eb7
[2023-12-02 15:53:43,043] {{bash_operator.py:113}} INFO - Tmp dir root location: 
 /tmp
[2023-12-02 15:53:43,047] {{bash_operator.py:136}} INFO - Temporary script location: /tmp/airflowtmp4y28iam8/task_bashryx27z9w
[2023-12-02 15:53:43,049] {{bash_operator.py:146}} INFO - Running command: echo "Good morning my diggers"
[2023-12-02 15:53:43,068] {{bash_operator.py:153}} INFO - Output:
[2023-12-02 15:53:43,073] {{bash_operator.py:157}} INFO - Good morning my diggers
[2023-12-02 15:53:43,078] {{bash_operator.py:161}} INFO - Command exited with return code 0
[2023-12-02 15:53:43,094] {{taskinstance.py:1070}} INFO - Marking task as SUCCESS.dag_id=hw-3.4, task_id=task_bash, execution_date=20231202T155238, start_date=20231202T155342, end_date=20231202T155343
[2023-12-02 15:53:47,141] {{local_task_job.py:102}} INFO - Task exited with return code 0
