[2023-12-02 15:34:10,313] {{taskinstance.py:670}} INFO - Dependencies all met for <TaskInstance: hw-3.4.task_bash 2023-11-08T00:00:00+00:00 [queued]>
[2023-12-02 15:34:10,432] {{taskinstance.py:670}} INFO - Dependencies all met for <TaskInstance: hw-3.4.task_bash 2023-11-08T00:00:00+00:00 [queued]>
[2023-12-02 15:34:10,434] {{taskinstance.py:880}} INFO - 
--------------------------------------------------------------------------------
[2023-12-02 15:34:10,436] {{taskinstance.py:881}} INFO - Starting attempt 1 of 1
[2023-12-02 15:34:10,438] {{taskinstance.py:882}} INFO - 
--------------------------------------------------------------------------------
[2023-12-02 15:34:10,476] {{taskinstance.py:901}} INFO - Executing <Task(BashOperator): task_bash> on 2023-11-08T00:00:00+00:00
[2023-12-02 15:34:10,484] {{standard_task_runner.py:54}} INFO - Started process 196 to run task
[2023-12-02 15:34:10,578] {{standard_task_runner.py:77}} INFO - Running: ['airflow', 'run', 'hw-3.4', 'task_bash', '2023-11-08T00:00:00+00:00', '--job_id', '12', '--pool', 'default_pool', '--raw', '-sd', 'DAGS_FOLDER/hw-3.4.py', '--cfg_path', '/tmp/tmp24nnc4wz']
[2023-12-02 15:34:10,580] {{standard_task_runner.py:78}} INFO - Job 12: Subtask task_bash
[2023-12-02 15:34:10,642] {{logging_mixin.py:120}} INFO - Running <TaskInstance: hw-3.4.task_bash 2023-11-08T00:00:00+00:00 [running]> on host 742d4d2983a3
[2023-12-02 15:34:10,669] {{bash_operator.py:113}} INFO - Tmp dir root location: 
 /tmp
[2023-12-02 15:34:10,674] {{bash_operator.py:136}} INFO - Temporary script location: /tmp/airflowtmp7h4sy0nr/task_basha6_89dhs
[2023-12-02 15:34:10,675] {{bash_operator.py:146}} INFO - Running command: echo "Good morning my diggers"
[2023-12-02 15:34:10,691] {{bash_operator.py:153}} INFO - Output:
[2023-12-02 15:34:10,694] {{bash_operator.py:157}} INFO - Good morning my diggers
[2023-12-02 15:34:10,696] {{bash_operator.py:161}} INFO - Command exited with return code 0
[2023-12-02 15:34:10,712] {{taskinstance.py:1070}} INFO - Marking task as SUCCESS.dag_id=hw-3.4, task_id=task_bash, execution_date=20231108T000000, start_date=20231202T153410, end_date=20231202T153410
[2023-12-02 15:34:15,289] {{local_task_job.py:102}} INFO - Task exited with return code 0
