[2023-12-02 15:53:51,251] {{taskinstance.py:670}} INFO - Dependencies all met for <TaskInstance: hw-3.4.task_bash 2023-12-02T15:52:55.287974+00:00 [queued]>
[2023-12-02 15:53:51,383] {{taskinstance.py:670}} INFO - Dependencies all met for <TaskInstance: hw-3.4.task_bash 2023-12-02T15:52:55.287974+00:00 [queued]>
[2023-12-02 15:53:51,385] {{taskinstance.py:880}} INFO - 
--------------------------------------------------------------------------------
[2023-12-02 15:53:51,387] {{taskinstance.py:881}} INFO - Starting attempt 1 of 1
[2023-12-02 15:53:51,390] {{taskinstance.py:882}} INFO - 
--------------------------------------------------------------------------------
[2023-12-02 15:53:51,427] {{taskinstance.py:901}} INFO - Executing <Task(BashOperator): task_bash> on 2023-12-02T15:52:55.287974+00:00
[2023-12-02 15:53:51,438] {{standard_task_runner.py:54}} INFO - Started process 197 to run task
[2023-12-02 15:53:51,558] {{standard_task_runner.py:77}} INFO - Running: ['airflow', 'run', 'hw-3.4', 'task_bash', '2023-12-02T15:52:55.287974+00:00', '--job_id', '5', '--pool', 'default_pool', '--raw', '-sd', 'DAGS_FOLDER/hw-3.4.py', '--cfg_path', '/tmp/tmpb59f67ha']
[2023-12-02 15:53:51,561] {{standard_task_runner.py:78}} INFO - Job 5: Subtask task_bash
[2023-12-02 15:53:51,641] {{logging_mixin.py:120}} INFO - Running <TaskInstance: hw-3.4.task_bash 2023-12-02T15:52:55.287974+00:00 [running]> on host 2cf373442eb7
[2023-12-02 15:53:51,684] {{bash_operator.py:113}} INFO - Tmp dir root location: 
 /tmp
[2023-12-02 15:53:51,688] {{bash_operator.py:136}} INFO - Temporary script location: /tmp/airflowtmpnvxcdzcy/task_bashbpxms5f1
[2023-12-02 15:53:51,690] {{bash_operator.py:146}} INFO - Running command: echo "Good morning my diggers"
[2023-12-02 15:53:51,712] {{bash_operator.py:153}} INFO - Output:
[2023-12-02 15:53:51,717] {{bash_operator.py:157}} INFO - Good morning my diggers
[2023-12-02 15:53:51,719] {{bash_operator.py:161}} INFO - Command exited with return code 0
[2023-12-02 15:53:51,738] {{taskinstance.py:1070}} INFO - Marking task as SUCCESS.dag_id=hw-3.4, task_id=task_bash, execution_date=20231202T155255, start_date=20231202T155351, end_date=20231202T155351
[2023-12-02 15:53:56,199] {{local_task_job.py:102}} INFO - Task exited with return code 0
