[2023-12-02 15:54:15,968] {{taskinstance.py:670}} INFO - Dependencies all met for <TaskInstance: hw-3.4.task_bash 2023-12-02T15:52:55.287974+00:00 [queued]>
[2023-12-02 15:54:16,110] {{taskinstance.py:670}} INFO - Dependencies all met for <TaskInstance: hw-3.4.task_bash 2023-12-02T15:52:55.287974+00:00 [queued]>
[2023-12-02 15:54:16,114] {{taskinstance.py:880}} INFO - 
--------------------------------------------------------------------------------
[2023-12-02 15:54:16,115] {{taskinstance.py:881}} INFO - Starting attempt 2 of 2
[2023-12-02 15:54:16,117] {{taskinstance.py:882}} INFO - 
--------------------------------------------------------------------------------
[2023-12-02 15:54:16,154] {{taskinstance.py:901}} INFO - Executing <Task(BashOperator): task_bash> on 2023-12-02T15:52:55.287974+00:00
[2023-12-02 15:54:16,162] {{standard_task_runner.py:54}} INFO - Started process 220 to run task
[2023-12-02 15:54:16,269] {{standard_task_runner.py:77}} INFO - Running: ['airflow', 'run', 'hw-3.4', 'task_bash', '2023-12-02T15:52:55.287974+00:00', '--job_id', '7', '--pool', 'default_pool', '--raw', '-sd', 'DAGS_FOLDER/hw-3.4.py', '--cfg_path', '/tmp/tmp3o43a0gq']
[2023-12-02 15:54:16,272] {{standard_task_runner.py:78}} INFO - Job 7: Subtask task_bash
[2023-12-02 15:54:16,360] {{logging_mixin.py:120}} INFO - Running <TaskInstance: hw-3.4.task_bash 2023-12-02T15:52:55.287974+00:00 [running]> on host 2cf373442eb7
[2023-12-02 15:54:16,406] {{bash_operator.py:113}} INFO - Tmp dir root location: 
 /tmp
[2023-12-02 15:54:16,412] {{bash_operator.py:136}} INFO - Temporary script location: /tmp/airflowtmpoozh99nn/task_bash4ldg6l_a
[2023-12-02 15:54:16,414] {{bash_operator.py:146}} INFO - Running command: echo "Good morning my diggers"
[2023-12-02 15:54:16,430] {{bash_operator.py:153}} INFO - Output:
[2023-12-02 15:54:16,434] {{bash_operator.py:157}} INFO - Good morning my diggers
[2023-12-02 15:54:16,436] {{bash_operator.py:161}} INFO - Command exited with return code 0
[2023-12-02 15:54:16,454] {{taskinstance.py:1070}} INFO - Marking task as SUCCESS.dag_id=hw-3.4, task_id=task_bash, execution_date=20231202T155255, start_date=20231202T155415, end_date=20231202T155416
[2023-12-02 15:54:20,917] {{local_task_job.py:102}} INFO - Task exited with return code 0
