[2023-12-02 15:43:33,829] {{taskinstance.py:670}} INFO - Dependencies all met for <TaskInstance: airflow_init.set_variables 2023-12-02T15:43:24.367449+00:00 [queued]>
[2023-12-02 15:43:33,861] {{taskinstance.py:670}} INFO - Dependencies all met for <TaskInstance: airflow_init.set_variables 2023-12-02T15:43:24.367449+00:00 [queued]>
[2023-12-02 15:43:33,863] {{taskinstance.py:880}} INFO - 
--------------------------------------------------------------------------------
[2023-12-02 15:43:33,865] {{taskinstance.py:881}} INFO - Starting attempt 1 of 1
[2023-12-02 15:43:33,866] {{taskinstance.py:882}} INFO - 
--------------------------------------------------------------------------------
[2023-12-02 15:43:33,891] {{taskinstance.py:901}} INFO - Executing <Task(BashOperator): set_variables> on 2023-12-02T15:43:24.367449+00:00
[2023-12-02 15:43:33,899] {{standard_task_runner.py:54}} INFO - Started process 80 to run task
[2023-12-02 15:43:33,991] {{standard_task_runner.py:77}} INFO - Running: ['airflow', 'run', 'airflow_init', 'set_variables', '2023-12-02T15:43:24.367449+00:00', '--job_id', '2', '--pool', 'default_pool', '--raw', '-sd', 'DAGS_FOLDER/init_airflow.py', '--cfg_path', '/tmp/tmpxjfbvjr5']
[2023-12-02 15:43:33,993] {{standard_task_runner.py:78}} INFO - Job 2: Subtask set_variables
[2023-12-02 15:43:34,055] {{logging_mixin.py:120}} INFO - Running <TaskInstance: airflow_init.set_variables 2023-12-02T15:43:24.367449+00:00 [running]> on host 2b90ab81301c
[2023-12-02 15:43:34,214] {{bash_operator.py:113}} INFO - Tmp dir root location: 
 /tmp
[2023-12-02 15:43:34,217] {{bash_operator.py:136}} INFO - Temporary script location: /tmp/airflowtmpxxbuk82z/set_variablesvpoc8ktk
[2023-12-02 15:43:34,218] {{bash_operator.py:146}} INFO - Running command: airflow variables import /usr/local/airflow/input/variables.json
[2023-12-02 15:43:34,234] {{bash_operator.py:153}} INFO - Output:
[2023-12-02 15:43:36,775] {{bash_operator.py:157}} INFO - /usr/local/lib/python3.7/site-packages/_distutils_hack/__init__.py:33: UserWarning: Setuptools is replacing distutils.
[2023-12-02 15:43:36,777] {{bash_operator.py:157}} INFO -   warnings.warn("Setuptools is replacing distutils.")
[2023-12-02 15:43:37,107] {{bash_operator.py:157}} INFO - 5 of 5 variables successfully updated.
[2023-12-02 15:43:37,576] {{bash_operator.py:161}} INFO - Command exited with return code 0
[2023-12-02 15:43:37,591] {{taskinstance.py:1070}} INFO - Marking task as SUCCESS.dag_id=airflow_init, task_id=set_variables, execution_date=20231202T154324, start_date=20231202T154333, end_date=20231202T154337
[2023-12-02 15:43:38,798] {{local_task_job.py:102}} INFO - Task exited with return code 0
