[2023-12-02 16:51:56,036] {{taskinstance.py:670}} INFO - Dependencies all met for <TaskInstance: hw-3.4.load_data_psql 2023-12-02T15:52:55.287974+00:00 [queued]>
[2023-12-02 16:51:56,163] {{taskinstance.py:670}} INFO - Dependencies all met for <TaskInstance: hw-3.4.load_data_psql 2023-12-02T15:52:55.287974+00:00 [queued]>
[2023-12-02 16:51:56,165] {{taskinstance.py:880}} INFO - 
--------------------------------------------------------------------------------
[2023-12-02 16:51:56,166] {{taskinstance.py:881}} INFO - Starting attempt 14 of 14
[2023-12-02 16:51:56,168] {{taskinstance.py:882}} INFO - 
--------------------------------------------------------------------------------
[2023-12-02 16:51:56,198] {{taskinstance.py:901}} INFO - Executing <Task(PythonOperator): load_data_psql> on 2023-12-02T15:52:55.287974+00:00
[2023-12-02 16:51:56,206] {{standard_task_runner.py:54}} INFO - Started process 2443 to run task
[2023-12-02 16:51:56,308] {{standard_task_runner.py:77}} INFO - Running: ['airflow', 'run', 'hw-3.4', 'load_data_psql', '2023-12-02T15:52:55.287974+00:00', '--job_id', '23', '--pool', 'default_pool', '--raw', '-sd', 'DAGS_FOLDER/hw-3.4.py', '--cfg_path', '/tmp/tmpq8q6vrxc']
[2023-12-02 16:51:56,310] {{standard_task_runner.py:78}} INFO - Job 23: Subtask load_data_psql
[2023-12-02 16:51:56,367] {{logging_mixin.py:120}} INFO - Running <TaskInstance: hw-3.4.load_data_psql 2023-12-02T15:52:55.287974+00:00 [running]> on host 2cf373442eb7
[2023-12-02 16:51:56,404] {{base_hook.py:89}} INFO - Using connection to: id: conn1. Host: host.docker.internal, Port: 5434, Schema: quotes, Login: postgres, Password: XXXXXXXX, extra: None
[2023-12-02 16:51:57,095] {{logging_mixin.py:120}} INFO - ------------ response --------------
[2023-12-02 16:51:57,097] {{logging_mixin.py:120}} INFO - http://api.exchangerate.host/query?function=TIME_SERIES_INTRADAY&symbol=IBM&interval=5min
[2023-12-02 16:51:57,099] {{logging_mixin.py:120}} INFO - None
[2023-12-02 16:51:57,101] {{logging_mixin.py:120}} INFO - {'User-Agent': 'python-requests/2.23.0', 'Accept-Encoding': 'gzip, deflate', 'Accept': '*/*', 'Connection': 'keep-alive'}
[2023-12-02 16:51:57,103] {{logging_mixin.py:120}} INFO - ------------ end --------------
[2023-12-02 16:51:57,105] {{logging_mixin.py:120}} INFO - ------------ data --------------
[2023-12-02 16:51:57,107] {{logging_mixin.py:120}} INFO - {'success': False, 'error': {'code': 101, 'type': 'missing_access_key', 'info': 'You have not supplied an API Access Key. [Required format: access_key=YOUR_ACCESS_KEY]'}}
[2023-12-02 16:51:57,108] {{logging_mixin.py:120}} INFO - ------------ end --------------
[2023-12-02 16:51:57,112] {{python_operator.py:114}} INFO - Done. Returned value was: None
[2023-12-02 16:51:57,123] {{taskinstance.py:1070}} INFO - Marking task as SUCCESS.dag_id=hw-3.4, task_id=load_data_psql, execution_date=20231202T155255, start_date=20231202T165156, end_date=20231202T165157
[2023-12-02 16:52:00,999] {{local_task_job.py:102}} INFO - Task exited with return code 0
