[2023-12-02 15:55:18,084] {{taskinstance.py:670}} INFO - Dependencies all met for <TaskInstance: hw-3.4.load_data_psql 2023-12-02T15:52:55.287974+00:00 [queued]>
[2023-12-02 15:55:18,210] {{taskinstance.py:670}} INFO - Dependencies all met for <TaskInstance: hw-3.4.load_data_psql 2023-12-02T15:52:55.287974+00:00 [queued]>
[2023-12-02 15:55:18,212] {{taskinstance.py:880}} INFO - 
--------------------------------------------------------------------------------
[2023-12-02 15:55:18,214] {{taskinstance.py:881}} INFO - Starting attempt 2 of 2
[2023-12-02 15:55:18,215] {{taskinstance.py:882}} INFO - 
--------------------------------------------------------------------------------
[2023-12-02 15:55:18,246] {{taskinstance.py:901}} INFO - Executing <Task(PythonOperator): load_data_psql> on 2023-12-02T15:52:55.287974+00:00
[2023-12-02 15:55:18,262] {{standard_task_runner.py:54}} INFO - Started process 271 to run task
[2023-12-02 15:55:18,397] {{standard_task_runner.py:77}} INFO - Running: ['airflow', 'run', 'hw-3.4', 'load_data_psql', '2023-12-02T15:52:55.287974+00:00', '--job_id', '11', '--pool', 'default_pool', '--raw', '-sd', 'DAGS_FOLDER/hw-3.4.py', '--cfg_path', '/tmp/tmpfqkyscis']
[2023-12-02 15:55:18,399] {{standard_task_runner.py:78}} INFO - Job 11: Subtask load_data_psql
[2023-12-02 15:55:18,499] {{logging_mixin.py:120}} INFO - Running <TaskInstance: hw-3.4.load_data_psql 2023-12-02T15:52:55.287974+00:00 [running]> on host 2cf373442eb7
[2023-12-02 15:55:18,538] {{base_hook.py:89}} INFO - Using connection to: id: conn1. Host: host.docker.internal, Port: 5434, Schema: quotes, Login: postgres, Password: XXXXXXXX, extra: None
[2023-12-02 15:55:19,065] {{logging_mixin.py:120}} INFO - ------------ response --------------
[2023-12-02 15:55:19,067] {{logging_mixin.py:120}} INFO - http://api.exchangerate.host/list?access_key=9320603ab554ad114bd43b3d4b5905c0
[2023-12-02 15:55:19,069] {{logging_mixin.py:120}} INFO - None
[2023-12-02 15:55:19,072] {{logging_mixin.py:120}} INFO - {'User-Agent': 'python-requests/2.23.0', 'Accept-Encoding': 'gzip, deflate', 'Accept': '*/*', 'Connection': 'keep-alive'}
[2023-12-02 15:55:19,073] {{logging_mixin.py:120}} INFO - ------------ end --------------
[2023-12-02 15:55:19,075] {{logging_mixin.py:120}} INFO - ------------ data --------------
[2023-12-02 15:55:19,077] {{logging_mixin.py:120}} INFO - {'success': True, 'terms': 'https://currencylayer.com/terms', 'privacy': 'https://currencylayer.com/privacy', 'currencies': {'AED': 'United Arab Emirates Dirham', 'AFN': 'Afghan Afghani', 'ALL': 'Albanian Lek', 'AMD': 'Armenian Dram', 'ANG': 'Netherlands Antillean Guilder', 'AOA': 'Angolan Kwanza', 'ARS': 'Argentine Peso', 'AUD': 'Australian Dollar', 'AWG': 'Aruban Florin', 'AZN': 'Azerbaijani Manat', 'BAM': 'Bosnia-Herzegovina Convertible Mark', 'BBD': 'Barbadian Dollar', 'BDT': 'Bangladeshi Taka', 'BGN': 'Bulgarian Lev', 'BHD': 'Bahraini Dinar', 'BIF': 'Burundian Franc', 'BMD': 'Bermudan Dollar', 'BND': 'Brunei Dollar', 'BOB': 'Bolivian Boliviano', 'BRL': 'Brazilian Real', 'BSD': 'Bahamian Dollar', 'BTC': 'Bitcoin', 'BTN': 'Bhutanese Ngultrum', 'BWP': 'Botswanan Pula', 'BYN': 'New Belarusian Ruble', 'BYR': 'Belarusian Ruble', 'BZD': 'Belize Dollar', 'CAD': 'Canadian Dollar', 'CDF': 'Congolese Franc', 'CHF': 'Swiss Franc', 'CLF': 'Chilean Unit of Account (UF)', 'CLP': 'Chilean Peso', 'CNY': 'Chinese Yuan', 'COP': 'Colombian Peso', 'CRC': 'Costa Rican Colón', 'CUC': 'Cuban Convertible Peso', 'CUP': 'Cuban Peso', 'CVE': 'Cape Verdean Escudo', 'CZK': 'Czech Republic Koruna', 'DJF': 'Djiboutian Franc', 'DKK': 'Danish Krone', 'DOP': 'Dominican Peso', 'DZD': 'Algerian Dinar', 'EGP': 'Egyptian Pound', 'ERN': 'Eritrean Nakfa', 'ETB': 'Ethiopian Birr', 'EUR': 'Euro', 'FJD': 'Fijian Dollar', 'FKP': 'Falkland Islands Pound', 'GBP': 'British Pound Sterling', 'GEL': 'Georgian Lari', 'GGP': 'Guernsey Pound', 'GHS': 'Ghanaian Cedi', 'GIP': 'Gibraltar Pound', 'GMD': 'Gambian Dalasi', 'GNF': 'Guinean Franc', 'GTQ': 'Guatemalan Quetzal', 'GYD': 'Guyanaese Dollar', 'HKD': 'Hong Kong Dollar', 'HNL': 'Honduran Lempira', 'HRK': 'Croatian Kuna', 'HTG': 'Haitian Gourde', 'HUF': 'Hungarian Forint', 'IDR': 'Indonesian Rupiah', 'ILS': 'Israeli New Sheqel', 'IMP': 'Manx pound', 'INR': 'Indian Rupee', 'IQD': 'Iraqi Dinar', 'IRR': 'Iranian Rial', 'ISK': 'Icelandic Króna', 'JEP': 'Jersey Pound', 'JMD': 'Jamaican Dollar', 'JOD': 'Jordanian Dinar', 'JPY': 'Japanese Yen', 'KES': 'Kenyan Shilling', 'KGS': 'Kyrgystani Som', 'KHR': 'Cambodian Riel', 'KMF': 'Comorian Franc', 'KPW': 'North Korean Won', 'KRW': 'South Korean Won', 'KWD': 'Kuwaiti Dinar', 'KYD': 'Cayman Islands Dollar', 'KZT': 'Kazakhstani Tenge', 'LAK': 'Laotian Kip', 'LBP': 'Lebanese Pound', 'LKR': 'Sri Lankan Rupee', 'LRD': 'Liberian Dollar', 'LSL': 'Lesotho Loti', 'LTL': 'Lithuanian Litas', 'LVL': 'Latvian Lats', 'LYD': 'Libyan Dinar', 'MAD': 'Moroccan Dirham', 'MDL': 'Moldovan Leu', 'MGA': 'Malagasy Ariary', 'MKD': 'Macedonian Denar', 'MMK': 'Myanma Kyat', 'MNT': 'Mongolian Tugrik', 'MOP': 'Macanese Pataca', 'MRO': 'Mauritanian Ouguiya', 'MUR': 'Mauritian Rupee', 'MVR': 'Maldivian Rufiyaa', 'MWK': 'Malawian Kwacha', 'MXN': 'Mexican Peso', 'MYR': 'Malaysian Ringgit', 'MZN': 'Mozambican Metical', 'NAD': 'Namibian Dollar', 'NGN': 'Nigerian Naira', 'NIO': 'Nicaraguan Córdoba', 'NOK': 'Norwegian Krone', 'NPR': 'Nepalese Rupee', 'NZD': 'New Zealand Dollar', 'OMR': 'Omani Rial', 'PAB': 'Panamanian Balboa', 'PEN': 'Peruvian Nuevo Sol', 'PGK': 'Papua New Guinean Kina', 'PHP': 'Philippine Peso', 'PKR': 'Pakistani Rupee', 'PLN': 'Polish Zloty', 'PYG': 'Paraguayan Guarani', 'QAR': 'Qatari Rial', 'RON': 'Romanian Leu', 'RSD': 'Serbian Dinar', 'RUB': 'Russian Ruble', 'RWF': 'Rwandan Franc', 'SAR': 'Saudi Riyal', 'SBD': 'Solomon Islands Dollar', 'SCR': 'Seychellois Rupee', 'SDG': 'South Sudanese Pound', 'SEK': 'Swedish Krona', 'SGD': 'Singapore Dollar', 'SHP': 'Saint Helena Pound', 'SLE': 'Sierra Leonean Leone', 'SLL': 'Sierra Leonean Leone', 'SOS': 'Somali Shilling', 'SRD': 'Surinamese Dollar', 'STD': 'São Tomé and Príncipe Dobra', 'SVC': 'Salvadoran Colón', 'SYP': 'Syrian Pound', 'SZL': 'Swazi Lilangeni', 'THB': 'Thai Baht', 'TJS': 'Tajikistani Somoni', 'TMT': 'Turkmenistani Manat', 'TND': 'Tunisian Dinar', 'TOP': 'Tongan Paʻanga', 'TRY': 'Turkish Lira', 'TTD': 'Trinidad and Tobago Dollar', 'TWD': 'New Taiwan Dollar', 'TZS': 'Tanzanian Shilling', 'UAH': 'Ukrainian Hryvnia', 'UGX': 'Ugandan Shilling', 'USD': 'United States Dollar', 'UYU': 'Uruguayan Peso', 'UZS': 'Uzbekistan Som', 'VEF': 'Venezuelan Bolívar Fuerte', 'VES': 'Sovereign Bolivar', 'VND': 'Vietnamese Dong', 'VUV': 'Vanuatu Vatu', 'WST': 'Samoan Tala', 'XAF': 'CFA Franc BEAC', 'XAG': 'Silver (troy ounce)', 'XAU': 'Gold (troy ounce)', 'XCD': 'East Caribbean Dollar', 'XDR': 'Special Drawing Rights', 'XOF': 'CFA Franc BCEAO', 'XPF': 'CFP Franc', 'YER': 'Yemeni Rial', 'ZAR': 'South African Rand', 'ZMK': 'Zambian Kwacha (pre-2013)', 'ZMW': 'Zambian Kwacha', 'ZWL': 'Zimbabwean Dollar'}}
[2023-12-02 15:55:19,080] {{logging_mixin.py:120}} INFO - ------------ end --------------
[2023-12-02 15:55:19,082] {{taskinstance.py:1150}} ERROR - Ошибка записи данных: 'timestamp'
Traceback (most recent call last):
  File "/usr/local/airflow/dags/modules/functions.py", line 63, in load_data_psql
    get_date = datetime.utcfromtimestamp(data["timestamp"]).strftime('%Y-%m-%d %H:%M:%S')
KeyError: 'timestamp'

During handling of the above exception, another exception occurred:

Traceback (most recent call last):
  File "/usr/local/lib/python3.7/site-packages/airflow/models/taskinstance.py", line 984, in _run_raw_task
    result = task_copy.execute(context=context)
  File "/usr/local/lib/python3.7/site-packages/airflow/operators/python_operator.py", line 113, in execute
    return_value = self.execute_callable()
  File "/usr/local/lib/python3.7/site-packages/airflow/operators/python_operator.py", line 118, in execute_callable
    return self.python_callable(*self.op_args, **self.op_kwargs)
  File "/usr/local/airflow/dags/modules/functions.py", line 76, in load_data_psql
    raise Exception(f'Ошибка записи данных: {error}')
Exception: Ошибка записи данных: 'timestamp'
[2023-12-02 15:55:19,090] {{taskinstance.py:1194}} INFO - Marking task as FAILED. dag_id=hw-3.4, task_id=load_data_psql, execution_date=20231202T155255, start_date=20231202T155518, end_date=20231202T155519
[2023-12-02 15:55:23,032] {{local_task_job.py:102}} INFO - Task exited with return code 1
