[2023-12-02 20:05:48,922] {{taskinstance.py:670}} INFO - Dependencies all met for <TaskInstance: history_data_init.create_tables 2023-12-02T20:05:36.715700+00:00 [queued]>
[2023-12-02 20:05:49,079] {{taskinstance.py:670}} INFO - Dependencies all met for <TaskInstance: history_data_init.create_tables 2023-12-02T20:05:36.715700+00:00 [queued]>
[2023-12-02 20:05:49,081] {{taskinstance.py:880}} INFO - 
--------------------------------------------------------------------------------
[2023-12-02 20:05:49,082] {{taskinstance.py:881}} INFO - Starting attempt 1 of 1
[2023-12-02 20:05:49,084] {{taskinstance.py:882}} INFO - 
--------------------------------------------------------------------------------
[2023-12-02 20:05:49,157] {{taskinstance.py:901}} INFO - Executing <Task(PostgresOperator): create_tables> on 2023-12-02T20:05:36.715700+00:00
[2023-12-02 20:05:49,168] {{standard_task_runner.py:54}} INFO - Started process 119 to run task
[2023-12-02 20:05:49,325] {{standard_task_runner.py:77}} INFO - Running: ['airflow', 'run', 'history_data_init', 'create_tables', '2023-12-02T20:05:36.715700+00:00', '--job_id', '4', '--pool', 'default_pool', '--raw', '-sd', 'DAGS_FOLDER/history_data_init.py', '--cfg_path', '/tmp/tmp42hzn49f']
[2023-12-02 20:05:49,329] {{standard_task_runner.py:78}} INFO - Job 4: Subtask create_tables
[2023-12-02 20:05:49,416] {{logging_mixin.py:120}} INFO - Running <TaskInstance: history_data_init.create_tables 2023-12-02T20:05:36.715700+00:00 [running]> on host cb0dc988da90
[2023-12-02 20:05:49,449] {{postgres_operator.py:62}} INFO - Executing: CREATE TABLE IF NOT EXISTS stock_quotes
(
	quote_id bigserial   primary key,
	datetime             timestamp,
	symbol               varchar(15),
	quote_open           float,
	quote_close          float,
	quote_high           float,
	quote_low            float,
	volume               float
)
[2023-12-02 20:05:49,473] {{base_hook.py:89}} INFO - Using connection to: id: conn1. Host: host.docker.internal, Port: 5434, Schema: quotes, Login: postgres, Password: XXXXXXXX, extra: None
[2023-12-02 20:05:49,511] {{dbapi_hook.py:176}} INFO - CREATE TABLE IF NOT EXISTS stock_quotes
(
	quote_id bigserial   primary key,
	datetime             timestamp,
	symbol               varchar(15),
	quote_open           float,
	quote_close          float,
	quote_high           float,
	quote_low            float,
	volume               float
)
[2023-12-02 20:05:49,555] {{taskinstance.py:1070}} INFO - Marking task as SUCCESS.dag_id=history_data_init, task_id=create_tables, execution_date=20231202T200536, start_date=20231202T200548, end_date=20231202T200549
[2023-12-02 20:05:53,882] {{local_task_job.py:102}} INFO - Task exited with return code 0
