[2023-12-02 15:54:36,840] {{taskinstance.py:670}} INFO - Dependencies all met for <TaskInstance: hw-3.4.create_rate_table 2023-12-02T15:52:55.287974+00:00 [queued]>
[2023-12-02 15:54:36,970] {{taskinstance.py:670}} INFO - Dependencies all met for <TaskInstance: hw-3.4.create_rate_table 2023-12-02T15:52:55.287974+00:00 [queued]>
[2023-12-02 15:54:36,972] {{taskinstance.py:880}} INFO - 
--------------------------------------------------------------------------------
[2023-12-02 15:54:36,976] {{taskinstance.py:881}} INFO - Starting attempt 1 of 1
[2023-12-02 15:54:36,977] {{taskinstance.py:882}} INFO - 
--------------------------------------------------------------------------------
[2023-12-02 15:54:37,007] {{taskinstance.py:901}} INFO - Executing <Task(PostgresOperator): create_rate_table> on 2023-12-02T15:52:55.287974+00:00
[2023-12-02 15:54:37,018] {{standard_task_runner.py:54}} INFO - Started process 237 to run task
[2023-12-02 15:54:37,126] {{standard_task_runner.py:77}} INFO - Running: ['airflow', 'run', 'hw-3.4', 'create_rate_table', '2023-12-02T15:52:55.287974+00:00', '--job_id', '9', '--pool', 'default_pool', '--raw', '-sd', 'DAGS_FOLDER/hw-3.4.py', '--cfg_path', '/tmp/tmp2jpin9r2']
[2023-12-02 15:54:37,129] {{standard_task_runner.py:78}} INFO - Job 9: Subtask create_rate_table
[2023-12-02 15:54:37,194] {{logging_mixin.py:120}} INFO - Running <TaskInstance: hw-3.4.create_rate_table 2023-12-02T15:52:55.287974+00:00 [running]> on host 2cf373442eb7
[2023-12-02 15:54:37,223] {{postgres_operator.py:62}} INFO - Executing: CREATE TABLE IF NOT EXISTS rates
(
	rate_id bigserial   primary key,
	get_date            timestamp,
	rate_base           varchar(5),
	rate_target         varchar(5),
	rate                float
)
[2023-12-02 15:54:37,235] {{base_hook.py:89}} INFO - Using connection to: id: conn1. Host: host.docker.internal, Port: 5434, Schema: quotes, Login: postgres, Password: XXXXXXXX, extra: None
[2023-12-02 15:54:37,261] {{dbapi_hook.py:176}} INFO - CREATE TABLE IF NOT EXISTS rates
(
	rate_id bigserial   primary key,
	get_date            timestamp,
	rate_base           varchar(5),
	rate_target         varchar(5),
	rate                float
)
[2023-12-02 15:54:37,276] {{postgres_operator.py:67}} INFO - NOTICE:  relation "rates" already exists, skipping

[2023-12-02 15:54:37,286] {{taskinstance.py:1070}} INFO - Marking task as SUCCESS.dag_id=hw-3.4, task_id=create_rate_table, execution_date=20231202T155255, start_date=20231202T155436, end_date=20231202T155437
[2023-12-02 15:54:41,804] {{local_task_job.py:102}} INFO - Task exited with return code 0
