[2023-12-02 15:39:46,840] {{taskinstance.py:670}} INFO - Dependencies all met for <TaskInstance: hw-3.4.task_bash 2023-12-02T15:39:34.923109+00:00 [queued]>
[2023-12-02 15:39:46,959] {{taskinstance.py:670}} INFO - Dependencies all met for <TaskInstance: hw-3.4.task_bash 2023-12-02T15:39:34.923109+00:00 [queued]>
[2023-12-02 15:39:46,961] {{taskinstance.py:880}} INFO - 
--------------------------------------------------------------------------------
[2023-12-02 15:39:46,962] {{taskinstance.py:881}} INFO - Starting attempt 1 of 1
[2023-12-02 15:39:46,964] {{taskinstance.py:882}} INFO - 
--------------------------------------------------------------------------------
[2023-12-02 15:39:46,994] {{taskinstance.py:901}} INFO - Executing <Task(BashOperator): task_bash> on 2023-12-02T15:39:34.923109+00:00
[2023-12-02 15:39:47,002] {{standard_task_runner.py:54}} INFO - Started process 111 to run task
[2023-12-02 15:39:47,121] {{standard_task_runner.py:77}} INFO - Running: ['airflow', 'run', 'hw-3.4', 'task_bash', '2023-12-02T15:39:34.923109+00:00', '--job_id', '4', '--pool', 'default_pool', '--raw', '-sd', 'DAGS_FOLDER/hw-3.4.py', '--cfg_path', '/tmp/tmpa5bdvcma']
[2023-12-02 15:39:47,123] {{standard_task_runner.py:78}} INFO - Job 4: Subtask task_bash
[2023-12-02 15:39:47,201] {{logging_mixin.py:120}} INFO - Running <TaskInstance: hw-3.4.task_bash 2023-12-02T15:39:34.923109+00:00 [running]> on host d22a9f56c66a
[2023-12-02 15:39:47,229] {{bash_operator.py:113}} INFO - Tmp dir root location: 
 /tmp
[2023-12-02 15:39:47,232] {{bash_operator.py:136}} INFO - Temporary script location: /tmp/airflowtmpxttirfv5/task_bashnoxa8xsw
[2023-12-02 15:39:47,234] {{bash_operator.py:146}} INFO - Running command: echo "Good morning my diggers"
[2023-12-02 15:39:47,249] {{bash_operator.py:153}} INFO - Output:
[2023-12-02 15:39:47,251] {{bash_operator.py:157}} INFO - Good morning my diggers
[2023-12-02 15:39:47,253] {{bash_operator.py:161}} INFO - Command exited with return code 0
[2023-12-02 15:39:47,266] {{taskinstance.py:1070}} INFO - Marking task as SUCCESS.dag_id=hw-3.4, task_id=task_bash, execution_date=20231202T153934, start_date=20231202T153946, end_date=20231202T153947
[2023-12-02 15:39:51,799] {{local_task_job.py:102}} INFO - Task exited with return code 0
