[2023-12-02 15:51:33,220] {{taskinstance.py:670}} INFO - Dependencies all met for <TaskInstance: airflow_init.set_variables 2023-12-02T15:51:22.775949+00:00 [queued]>
[2023-12-02 15:51:33,246] {{taskinstance.py:670}} INFO - Dependencies all met for <TaskInstance: airflow_init.set_variables 2023-12-02T15:51:22.775949+00:00 [queued]>
[2023-12-02 15:51:33,248] {{taskinstance.py:880}} INFO - 
--------------------------------------------------------------------------------
[2023-12-02 15:51:33,249] {{taskinstance.py:881}} INFO - Starting attempt 1 of 1
[2023-12-02 15:51:33,251] {{taskinstance.py:882}} INFO - 
--------------------------------------------------------------------------------
[2023-12-02 15:51:33,280] {{taskinstance.py:901}} INFO - Executing <Task(BashOperator): set_variables> on 2023-12-02T15:51:22.775949+00:00
[2023-12-02 15:51:33,288] {{standard_task_runner.py:54}} INFO - Started process 88 to run task
[2023-12-02 15:51:33,389] {{standard_task_runner.py:77}} INFO - Running: ['airflow', 'run', 'airflow_init', 'set_variables', '2023-12-02T15:51:22.775949+00:00', '--job_id', '2', '--pool', 'default_pool', '--raw', '-sd', 'DAGS_FOLDER/init_airflow.py', '--cfg_path', '/tmp/tmppe09nyv_']
[2023-12-02 15:51:33,394] {{standard_task_runner.py:78}} INFO - Job 2: Subtask set_variables
[2023-12-02 15:51:33,469] {{logging_mixin.py:120}} INFO - Running <TaskInstance: airflow_init.set_variables 2023-12-02T15:51:22.775949+00:00 [running]> on host 2cf373442eb7
[2023-12-02 15:51:33,647] {{bash_operator.py:113}} INFO - Tmp dir root location: 
 /tmp
[2023-12-02 15:51:33,650] {{bash_operator.py:136}} INFO - Temporary script location: /tmp/airflowtmpudgx1k8p/set_variables31pav6i7
[2023-12-02 15:51:33,652] {{bash_operator.py:146}} INFO - Running command: airflow variables import /usr/local/airflow/input/variables.json
[2023-12-02 15:51:33,669] {{bash_operator.py:153}} INFO - Output:
[2023-12-02 15:51:37,305] {{bash_operator.py:157}} INFO - /usr/local/lib/python3.7/site-packages/_distutils_hack/__init__.py:33: UserWarning: Setuptools is replacing distutils.
[2023-12-02 15:51:37,385] {{bash_operator.py:157}} INFO -   warnings.warn("Setuptools is replacing distutils.")
[2023-12-02 15:51:37,855] {{bash_operator.py:157}} INFO - 5 of 5 variables successfully updated.
[2023-12-02 15:51:38,658] {{bash_operator.py:161}} INFO - Command exited with return code 0
[2023-12-02 15:51:38,687] {{taskinstance.py:1070}} INFO - Marking task as SUCCESS.dag_id=airflow_init, task_id=set_variables, execution_date=20231202T155122, start_date=20231202T155133, end_date=20231202T155138
[2023-12-02 15:51:43,197] {{local_task_job.py:102}} INFO - Task exited with return code 0
