[2023-12-02 15:44:32,253] {{taskinstance.py:670}} INFO - Dependencies all met for <TaskInstance: hw-3.4.task_bash 2023-12-02T15:44:20.266871+00:00 [queued]>
[2023-12-02 15:44:32,373] {{taskinstance.py:670}} INFO - Dependencies all met for <TaskInstance: hw-3.4.task_bash 2023-12-02T15:44:20.266871+00:00 [queued]>
[2023-12-02 15:44:32,376] {{taskinstance.py:880}} INFO - 
--------------------------------------------------------------------------------
[2023-12-02 15:44:32,377] {{taskinstance.py:881}} INFO - Starting attempt 1 of 1
[2023-12-02 15:44:32,380] {{taskinstance.py:882}} INFO - 
--------------------------------------------------------------------------------
[2023-12-02 15:44:32,410] {{taskinstance.py:901}} INFO - Executing <Task(BashOperator): task_bash> on 2023-12-02T15:44:20.266871+00:00
[2023-12-02 15:44:32,417] {{standard_task_runner.py:54}} INFO - Started process 137 to run task
[2023-12-02 15:44:32,516] {{standard_task_runner.py:77}} INFO - Running: ['airflow', 'run', 'hw-3.4', 'task_bash', '2023-12-02T15:44:20.266871+00:00', '--job_id', '4', '--pool', 'default_pool', '--raw', '-sd', 'DAGS_FOLDER/hw-3.4.py', '--cfg_path', '/tmp/tmpe4xx0qj7']
[2023-12-02 15:44:32,519] {{standard_task_runner.py:78}} INFO - Job 4: Subtask task_bash
[2023-12-02 15:44:32,584] {{logging_mixin.py:120}} INFO - Running <TaskInstance: hw-3.4.task_bash 2023-12-02T15:44:20.266871+00:00 [running]> on host 2b90ab81301c
[2023-12-02 15:44:32,613] {{bash_operator.py:113}} INFO - Tmp dir root location: 
 /tmp
[2023-12-02 15:44:32,617] {{bash_operator.py:136}} INFO - Temporary script location: /tmp/airflowtmp3nt35n8q/task_bash9zbxtew1
[2023-12-02 15:44:32,618] {{bash_operator.py:146}} INFO - Running command: echo "Good morning my diggers"
[2023-12-02 15:44:32,633] {{bash_operator.py:153}} INFO - Output:
[2023-12-02 15:44:32,635] {{bash_operator.py:157}} INFO - Good morning my diggers
[2023-12-02 15:44:32,637] {{bash_operator.py:161}} INFO - Command exited with return code 0
[2023-12-02 15:44:32,652] {{taskinstance.py:1070}} INFO - Marking task as SUCCESS.dag_id=hw-3.4, task_id=task_bash, execution_date=20231202T154420, start_date=20231202T154432, end_date=20231202T154432
[2023-12-02 15:44:37,216] {{local_task_job.py:102}} INFO - Task exited with return code 0
