[2023-12-02 20:04:56,890] {{taskinstance.py:670}} INFO - Dependencies all met for <TaskInstance: airflow_init.set_variables 2023-12-02T20:04:42.434641+00:00 [queued]>
[2023-12-02 20:04:56,936] {{taskinstance.py:670}} INFO - Dependencies all met for <TaskInstance: airflow_init.set_variables 2023-12-02T20:04:42.434641+00:00 [queued]>
[2023-12-02 20:04:56,939] {{taskinstance.py:880}} INFO - 
--------------------------------------------------------------------------------
[2023-12-02 20:04:56,944] {{taskinstance.py:881}} INFO - Starting attempt 1 of 1
[2023-12-02 20:04:56,946] {{taskinstance.py:882}} INFO - 
--------------------------------------------------------------------------------
[2023-12-02 20:04:56,982] {{taskinstance.py:901}} INFO - Executing <Task(BashOperator): set_variables> on 2023-12-02T20:04:42.434641+00:00
[2023-12-02 20:04:56,998] {{standard_task_runner.py:54}} INFO - Started process 79 to run task
[2023-12-02 20:04:57,121] {{standard_task_runner.py:77}} INFO - Running: ['airflow', 'run', 'airflow_init', 'set_variables', '2023-12-02T20:04:42.434641+00:00', '--job_id', '2', '--pool', 'default_pool', '--raw', '-sd', 'DAGS_FOLDER/init_airflow.py', '--cfg_path', '/tmp/tmph1v_64wp']
[2023-12-02 20:04:57,128] {{standard_task_runner.py:78}} INFO - Job 2: Subtask set_variables
[2023-12-02 20:04:57,202] {{logging_mixin.py:120}} INFO - Running <TaskInstance: airflow_init.set_variables 2023-12-02T20:04:42.434641+00:00 [running]> on host cb0dc988da90
[2023-12-02 20:04:57,423] {{bash_operator.py:113}} INFO - Tmp dir root location: 
 /tmp
[2023-12-02 20:04:57,436] {{bash_operator.py:136}} INFO - Temporary script location: /tmp/airflowtmp1r0zl1ll/set_variables__d6pb1m
[2023-12-02 20:04:57,439] {{bash_operator.py:146}} INFO - Running command: airflow variables import /usr/local/airflow/input/variables.json
[2023-12-02 20:04:57,463] {{bash_operator.py:153}} INFO - Output:
[2023-12-02 20:05:00,971] {{bash_operator.py:157}} INFO - /usr/local/lib/python3.7/site-packages/_distutils_hack/__init__.py:33: UserWarning: Setuptools is replacing distutils.
[2023-12-02 20:05:00,973] {{bash_operator.py:157}} INFO -   warnings.warn("Setuptools is replacing distutils.")
[2023-12-02 20:05:01,336] {{bash_operator.py:157}} INFO - 3 of 3 variables successfully updated.
[2023-12-02 20:05:02,067] {{bash_operator.py:161}} INFO - Command exited with return code 0
[2023-12-02 20:05:02,099] {{taskinstance.py:1070}} INFO - Marking task as SUCCESS.dag_id=airflow_init, task_id=set_variables, execution_date=20231202T200442, start_date=20231202T200456, end_date=20231202T200502
[2023-12-02 20:05:06,834] {{local_task_job.py:102}} INFO - Task exited with return code 0
