[2023-12-02 15:33:11,199] {{taskinstance.py:670}} INFO - Dependencies all met for <TaskInstance: hw-3.4.task_bash 2023-11-06T00:00:00+00:00 [queued]>
[2023-12-02 15:33:11,341] {{taskinstance.py:670}} INFO - Dependencies all met for <TaskInstance: hw-3.4.task_bash 2023-11-06T00:00:00+00:00 [queued]>
[2023-12-02 15:33:11,343] {{taskinstance.py:880}} INFO - 
--------------------------------------------------------------------------------
[2023-12-02 15:33:11,344] {{taskinstance.py:881}} INFO - Starting attempt 1 of 1
[2023-12-02 15:33:11,346] {{taskinstance.py:882}} INFO - 
--------------------------------------------------------------------------------
[2023-12-02 15:33:11,374] {{taskinstance.py:901}} INFO - Executing <Task(BashOperator): task_bash> on 2023-11-06T00:00:00+00:00
[2023-12-02 15:33:11,383] {{standard_task_runner.py:54}} INFO - Started process 143 to run task
[2023-12-02 15:33:11,479] {{standard_task_runner.py:77}} INFO - Running: ['airflow', 'run', 'hw-3.4', 'task_bash', '2023-11-06T00:00:00+00:00', '--job_id', '6', '--pool', 'default_pool', '--raw', '-sd', 'DAGS_FOLDER/hw-3.4.py', '--cfg_path', '/tmp/tmpr2y6cymb']
[2023-12-02 15:33:11,482] {{standard_task_runner.py:78}} INFO - Job 6: Subtask task_bash
[2023-12-02 15:33:11,555] {{logging_mixin.py:120}} INFO - Running <TaskInstance: hw-3.4.task_bash 2023-11-06T00:00:00+00:00 [running]> on host 742d4d2983a3
[2023-12-02 15:33:11,590] {{bash_operator.py:113}} INFO - Tmp dir root location: 
 /tmp
[2023-12-02 15:33:11,593] {{bash_operator.py:136}} INFO - Temporary script location: /tmp/airflowtmp5aew7u5x/task_bashl4sen09k
[2023-12-02 15:33:11,595] {{bash_operator.py:146}} INFO - Running command: echo "Good morning my diggers"
[2023-12-02 15:33:11,609] {{bash_operator.py:153}} INFO - Output:
[2023-12-02 15:33:11,612] {{bash_operator.py:157}} INFO - Good morning my diggers
[2023-12-02 15:33:11,613] {{bash_operator.py:161}} INFO - Command exited with return code 0
[2023-12-02 15:33:11,626] {{taskinstance.py:1070}} INFO - Marking task as SUCCESS.dag_id=hw-3.4, task_id=task_bash, execution_date=20231106T000000, start_date=20231202T153311, end_date=20231202T153311
[2023-12-02 15:33:16,151] {{local_task_job.py:102}} INFO - Task exited with return code 0
