[2023-12-02 15:33:02,115] {{taskinstance.py:670}} INFO - Dependencies all met for <TaskInstance: hw-3.4.task_bash 2023-12-02T15:32:43.418057+00:00 [queued]>
[2023-12-02 15:33:02,233] {{taskinstance.py:670}} INFO - Dependencies all met for <TaskInstance: hw-3.4.task_bash 2023-12-02T15:32:43.418057+00:00 [queued]>
[2023-12-02 15:33:02,235] {{taskinstance.py:880}} INFO - 
--------------------------------------------------------------------------------
[2023-12-02 15:33:02,236] {{taskinstance.py:881}} INFO - Starting attempt 1 of 1
[2023-12-02 15:33:02,238] {{taskinstance.py:882}} INFO - 
--------------------------------------------------------------------------------
[2023-12-02 15:33:02,267] {{taskinstance.py:901}} INFO - Executing <Task(BashOperator): task_bash> on 2023-12-02T15:32:43.418057+00:00
[2023-12-02 15:33:02,275] {{standard_task_runner.py:54}} INFO - Started process 131 to run task
[2023-12-02 15:33:02,383] {{standard_task_runner.py:77}} INFO - Running: ['airflow', 'run', 'hw-3.4', 'task_bash', '2023-12-02T15:32:43.418057+00:00', '--job_id', '5', '--pool', 'default_pool', '--raw', '-sd', 'DAGS_FOLDER/hw-3.4.py', '--cfg_path', '/tmp/tmpxilx_ou_']
[2023-12-02 15:33:02,386] {{standard_task_runner.py:78}} INFO - Job 5: Subtask task_bash
[2023-12-02 15:33:02,452] {{logging_mixin.py:120}} INFO - Running <TaskInstance: hw-3.4.task_bash 2023-12-02T15:32:43.418057+00:00 [running]> on host 742d4d2983a3
[2023-12-02 15:33:02,481] {{bash_operator.py:113}} INFO - Tmp dir root location: 
 /tmp
[2023-12-02 15:33:02,485] {{bash_operator.py:136}} INFO - Temporary script location: /tmp/airflowtmp_7sdetvb/task_bash0tvt8p32
[2023-12-02 15:33:02,486] {{bash_operator.py:146}} INFO - Running command: echo "Good morning my diggers"
[2023-12-02 15:33:02,501] {{bash_operator.py:153}} INFO - Output:
[2023-12-02 15:33:02,504] {{bash_operator.py:157}} INFO - Good morning my diggers
[2023-12-02 15:33:02,506] {{bash_operator.py:161}} INFO - Command exited with return code 0
[2023-12-02 15:33:02,520] {{taskinstance.py:1070}} INFO - Marking task as SUCCESS.dag_id=hw-3.4, task_id=task_bash, execution_date=20231202T153243, start_date=20231202T153302, end_date=20231202T153302
[2023-12-02 15:33:07,078] {{local_task_job.py:102}} INFO - Task exited with return code 0
