[2023-12-02 20:05:20,160] {{taskinstance.py:670}} INFO - Dependencies all met for <TaskInstance: airflow_init.set_connections 2023-12-02T20:04:42.434641+00:00 [queued]>
[2023-12-02 20:05:20,229] {{taskinstance.py:670}} INFO - Dependencies all met for <TaskInstance: airflow_init.set_connections 2023-12-02T20:04:42.434641+00:00 [queued]>
[2023-12-02 20:05:20,233] {{taskinstance.py:880}} INFO - 
--------------------------------------------------------------------------------
[2023-12-02 20:05:20,238] {{taskinstance.py:881}} INFO - Starting attempt 1 of 1
[2023-12-02 20:05:20,241] {{taskinstance.py:882}} INFO - 
--------------------------------------------------------------------------------
[2023-12-02 20:05:20,479] {{taskinstance.py:901}} INFO - Executing <Task(BashOperator): set_connections> on 2023-12-02T20:04:42.434641+00:00
[2023-12-02 20:05:20,516] {{standard_task_runner.py:54}} INFO - Started process 97 to run task
[2023-12-02 20:05:20,811] {{standard_task_runner.py:77}} INFO - Running: ['airflow', 'run', 'airflow_init', 'set_connections', '2023-12-02T20:04:42.434641+00:00', '--job_id', '3', '--pool', 'default_pool', '--raw', '-sd', 'DAGS_FOLDER/init_airflow.py', '--cfg_path', '/tmp/tmp4dnjwuf2']
[2023-12-02 20:05:20,834] {{standard_task_runner.py:78}} INFO - Job 3: Subtask set_connections
[2023-12-02 20:05:21,577] {{logging_mixin.py:120}} INFO - Running <TaskInstance: airflow_init.set_connections 2023-12-02T20:04:42.434641+00:00 [running]> on host cb0dc988da90
[2023-12-02 20:05:22,202] {{bash_operator.py:113}} INFO - Tmp dir root location: 
 /tmp
[2023-12-02 20:05:22,296] {{bash_operator.py:136}} INFO - Temporary script location: /tmp/airflowtmp2btfegni/set_connections8fg8z_8g
[2023-12-02 20:05:22,410] {{bash_operator.py:146}} INFO - Running command: airflow connections add --conn-host "host.docker.internal" --conn-login "postgres" --conn-password "postgres" --conn-port 5434 --conn-schema "quotes" --conn-type "postgres" conn1
[2023-12-02 20:05:22,468] {{bash_operator.py:153}} INFO - Output:
[2023-12-02 20:05:29,418] {{bash_operator.py:157}} INFO - /usr/local/lib/python3.7/site-packages/_distutils_hack/__init__.py:33: UserWarning: Setuptools is replacing distutils.
[2023-12-02 20:05:29,550] {{bash_operator.py:157}} INFO -   warnings.warn("Setuptools is replacing distutils.")
[2023-12-02 20:05:30,582] {{bash_operator.py:157}} INFO - 
[2023-12-02 20:05:30,758] {{bash_operator.py:157}} INFO - 	Successfully added `conn_id`=conn1 : postgres://postgres:******@host.docker.internal:5434/quotes
[2023-12-02 20:05:30,851] {{bash_operator.py:157}} INFO - 
[2023-12-02 20:05:32,060] {{bash_operator.py:161}} INFO - Command exited with return code 0
[2023-12-02 20:05:32,116] {{taskinstance.py:1070}} INFO - Marking task as SUCCESS.dag_id=airflow_init, task_id=set_connections, execution_date=20231202T200442, start_date=20231202T200520, end_date=20231202T200532
[2023-12-02 20:05:35,051] {{local_task_job.py:102}} INFO - Task exited with return code 0
