[2023-12-02 18:12:42,930] {{taskinstance.py:670}} INFO - Dependencies all met for <TaskInstance: airflow_init.set_connections 2023-12-02T18:12:05.105477+00:00 [queued]>
[2023-12-02 18:12:42,975] {{taskinstance.py:670}} INFO - Dependencies all met for <TaskInstance: airflow_init.set_connections 2023-12-02T18:12:05.105477+00:00 [queued]>
[2023-12-02 18:12:42,985] {{taskinstance.py:880}} INFO - 
--------------------------------------------------------------------------------
[2023-12-02 18:12:42,987] {{taskinstance.py:881}} INFO - Starting attempt 1 of 1
[2023-12-02 18:12:42,989] {{taskinstance.py:882}} INFO - 
--------------------------------------------------------------------------------
[2023-12-02 18:12:43,028] {{taskinstance.py:901}} INFO - Executing <Task(BashOperator): set_connections> on 2023-12-02T18:12:05.105477+00:00
[2023-12-02 18:12:43,038] {{standard_task_runner.py:54}} INFO - Started process 5514 to run task
[2023-12-02 18:12:43,195] {{standard_task_runner.py:77}} INFO - Running: ['airflow', 'run', 'airflow_init', 'set_connections', '2023-12-02T18:12:05.105477+00:00', '--job_id', '30', '--pool', 'default_pool', '--raw', '-sd', 'DAGS_FOLDER/init_airflow.py', '--cfg_path', '/tmp/tmp76a662nk']
[2023-12-02 18:12:43,214] {{standard_task_runner.py:78}} INFO - Job 30: Subtask set_connections
[2023-12-02 18:12:43,347] {{logging_mixin.py:120}} INFO - Running <TaskInstance: airflow_init.set_connections 2023-12-02T18:12:05.105477+00:00 [running]> on host 2cf373442eb7
[2023-12-02 18:12:43,585] {{bash_operator.py:113}} INFO - Tmp dir root location: 
 /tmp
[2023-12-02 18:12:43,589] {{bash_operator.py:136}} INFO - Temporary script location: /tmp/airflowtmpgp_xtdtq/set_connections4xo3u0s7
[2023-12-02 18:12:43,590] {{bash_operator.py:146}} INFO - Running command: airflow connections add --conn-host "host.docker.internal" --conn-login "postgres" --conn-password "postgres" --conn-port 5434 --conn-schema "quotes" --conn-type "postgres" conn1
[2023-12-02 18:12:43,620] {{bash_operator.py:153}} INFO - Output:
[2023-12-02 18:12:48,211] {{bash_operator.py:157}} INFO - /usr/local/lib/python3.7/site-packages/_distutils_hack/__init__.py:33: UserWarning: Setuptools is replacing distutils.
[2023-12-02 18:12:48,283] {{bash_operator.py:157}} INFO -   warnings.warn("Setuptools is replacing distutils.")
[2023-12-02 18:12:48,845] {{bash_operator.py:157}} INFO - 
[2023-12-02 18:12:48,872] {{bash_operator.py:157}} INFO - 	A connection with `conn_id`=conn1 already exists
[2023-12-02 18:12:48,874] {{bash_operator.py:157}} INFO - 
[2023-12-02 18:12:50,025] {{bash_operator.py:161}} INFO - Command exited with return code 0
[2023-12-02 18:12:50,050] {{taskinstance.py:1070}} INFO - Marking task as SUCCESS.dag_id=airflow_init, task_id=set_connections, execution_date=20231202T181205, start_date=20231202T181242, end_date=20231202T181250
[2023-12-02 18:12:52,835] {{local_task_job.py:102}} INFO - Task exited with return code 0
