[2023-12-02 15:32:49,155] {{taskinstance.py:670}} INFO - Dependencies all met for <TaskInstance: hw-3.4.task_bash 2023-11-05T00:00:00+00:00 [queued]>
[2023-12-02 15:32:49,321] {{taskinstance.py:670}} INFO - Dependencies all met for <TaskInstance: hw-3.4.task_bash 2023-11-05T00:00:00+00:00 [queued]>
[2023-12-02 15:32:49,325] {{taskinstance.py:880}} INFO - 
--------------------------------------------------------------------------------
[2023-12-02 15:32:49,329] {{taskinstance.py:881}} INFO - Starting attempt 1 of 1
[2023-12-02 15:32:49,331] {{taskinstance.py:882}} INFO - 
--------------------------------------------------------------------------------
[2023-12-02 15:32:49,369] {{taskinstance.py:901}} INFO - Executing <Task(BashOperator): task_bash> on 2023-11-05T00:00:00+00:00
[2023-12-02 15:32:49,379] {{standard_task_runner.py:54}} INFO - Started process 121 to run task
[2023-12-02 15:32:49,488] {{standard_task_runner.py:77}} INFO - Running: ['airflow', 'run', 'hw-3.4', 'task_bash', '2023-11-05T00:00:00+00:00', '--job_id', '4', '--pool', 'default_pool', '--raw', '-sd', 'DAGS_FOLDER/hw-3.4.py', '--cfg_path', '/tmp/tmpespl_cg8']
[2023-12-02 15:32:49,493] {{standard_task_runner.py:78}} INFO - Job 4: Subtask task_bash
[2023-12-02 15:32:49,559] {{logging_mixin.py:120}} INFO - Running <TaskInstance: hw-3.4.task_bash 2023-11-05T00:00:00+00:00 [running]> on host 742d4d2983a3
[2023-12-02 15:32:49,592] {{bash_operator.py:113}} INFO - Tmp dir root location: 
 /tmp
[2023-12-02 15:32:49,596] {{bash_operator.py:136}} INFO - Temporary script location: /tmp/airflowtmpltg8oy5o/task_bashnyhgdd_t
[2023-12-02 15:32:49,598] {{bash_operator.py:146}} INFO - Running command: echo "Good morning my diggers"
[2023-12-02 15:32:49,614] {{bash_operator.py:153}} INFO - Output:
[2023-12-02 15:32:49,616] {{bash_operator.py:157}} INFO - Good morning my diggers
[2023-12-02 15:32:49,618] {{bash_operator.py:161}} INFO - Command exited with return code 0
[2023-12-02 15:32:49,631] {{taskinstance.py:1070}} INFO - Marking task as SUCCESS.dag_id=hw-3.4, task_id=task_bash, execution_date=20231105T000000, start_date=20231202T153249, end_date=20231202T153249
[2023-12-02 15:32:54,092] {{local_task_job.py:102}} INFO - Task exited with return code 0
