[2023-12-02 15:39:58,683] {{taskinstance.py:670}} INFO - Dependencies all met for <TaskInstance: hw-3.4.create_rate_table 2023-12-02T15:39:34.923109+00:00 [queued]>
[2023-12-02 15:39:58,845] {{taskinstance.py:670}} INFO - Dependencies all met for <TaskInstance: hw-3.4.create_rate_table 2023-12-02T15:39:34.923109+00:00 [queued]>
[2023-12-02 15:39:58,847] {{taskinstance.py:880}} INFO - 
--------------------------------------------------------------------------------
[2023-12-02 15:39:58,849] {{taskinstance.py:881}} INFO - Starting attempt 1 of 1
[2023-12-02 15:39:58,851] {{taskinstance.py:882}} INFO - 
--------------------------------------------------------------------------------
[2023-12-02 15:39:58,880] {{taskinstance.py:901}} INFO - Executing <Task(PostgresOperator): create_rate_table> on 2023-12-02T15:39:34.923109+00:00
[2023-12-02 15:39:58,888] {{standard_task_runner.py:54}} INFO - Started process 125 to run task
[2023-12-02 15:39:58,978] {{standard_task_runner.py:77}} INFO - Running: ['airflow', 'run', 'hw-3.4', 'create_rate_table', '2023-12-02T15:39:34.923109+00:00', '--job_id', '5', '--pool', 'default_pool', '--raw', '-sd', 'DAGS_FOLDER/hw-3.4.py', '--cfg_path', '/tmp/tmpug8r_014']
[2023-12-02 15:39:58,980] {{standard_task_runner.py:78}} INFO - Job 5: Subtask create_rate_table
[2023-12-02 15:39:59,040] {{logging_mixin.py:120}} INFO - Running <TaskInstance: hw-3.4.create_rate_table 2023-12-02T15:39:34.923109+00:00 [running]> on host d22a9f56c66a
[2023-12-02 15:39:59,068] {{postgres_operator.py:62}} INFO - Executing: CREATE TABLE IF NOT EXISTS rates
(
	rate_id bigserial   primary key,
	get_date            timestamp,
	rate_base           varchar(5),
	rate_target         varchar(5),
	rate                float
)
[2023-12-02 15:39:59,081] {{base_hook.py:89}} INFO - Using connection to: id: conn1. Host: host.docker.internal, Port: 5434, Schema: quotes, Login: postgres, Password: XXXXXXXX, extra: None
[2023-12-02 15:39:59,113] {{dbapi_hook.py:176}} INFO - CREATE TABLE IF NOT EXISTS rates
(
	rate_id bigserial   primary key,
	get_date            timestamp,
	rate_base           varchar(5),
	rate_target         varchar(5),
	rate                float
)
[2023-12-02 15:39:59,155] {{taskinstance.py:1070}} INFO - Marking task as SUCCESS.dag_id=hw-3.4, task_id=create_rate_table, execution_date=20231202T153934, start_date=20231202T153958, end_date=20231202T153959
[2023-12-02 15:40:03,644] {{local_task_job.py:102}} INFO - Task exited with return code 0
