[2023-12-02 18:12:20,447] {{taskinstance.py:670}} INFO - Dependencies all met for <TaskInstance: airflow_init.set_variables 2023-12-02T18:12:05.105477+00:00 [queued]>
[2023-12-02 18:12:20,500] {{taskinstance.py:670}} INFO - Dependencies all met for <TaskInstance: airflow_init.set_variables 2023-12-02T18:12:05.105477+00:00 [queued]>
[2023-12-02 18:12:20,515] {{taskinstance.py:880}} INFO - 
--------------------------------------------------------------------------------
[2023-12-02 18:12:20,518] {{taskinstance.py:881}} INFO - Starting attempt 1 of 1
[2023-12-02 18:12:20,526] {{taskinstance.py:882}} INFO - 
--------------------------------------------------------------------------------
[2023-12-02 18:12:20,570] {{taskinstance.py:901}} INFO - Executing <Task(BashOperator): set_variables> on 2023-12-02T18:12:05.105477+00:00
[2023-12-02 18:12:20,582] {{standard_task_runner.py:54}} INFO - Started process 5493 to run task
[2023-12-02 18:12:20,798] {{standard_task_runner.py:77}} INFO - Running: ['airflow', 'run', 'airflow_init', 'set_variables', '2023-12-02T18:12:05.105477+00:00', '--job_id', '29', '--pool', 'default_pool', '--raw', '-sd', 'DAGS_FOLDER/init_airflow.py', '--cfg_path', '/tmp/tmpg9cuictx']
[2023-12-02 18:12:20,801] {{standard_task_runner.py:78}} INFO - Job 29: Subtask set_variables
[2023-12-02 18:12:20,897] {{logging_mixin.py:120}} INFO - Running <TaskInstance: airflow_init.set_variables 2023-12-02T18:12:05.105477+00:00 [running]> on host 2cf373442eb7
[2023-12-02 18:12:21,173] {{bash_operator.py:113}} INFO - Tmp dir root location: 
 /tmp
[2023-12-02 18:12:21,177] {{bash_operator.py:136}} INFO - Temporary script location: /tmp/airflowtmpf786g7g9/set_variablesczk063ui
[2023-12-02 18:12:21,179] {{bash_operator.py:146}} INFO - Running command: airflow variables import /usr/local/airflow/input/variables.json
[2023-12-02 18:12:21,205] {{bash_operator.py:153}} INFO - Output:
[2023-12-02 18:12:24,590] {{bash_operator.py:157}} INFO - /usr/local/lib/python3.7/site-packages/_distutils_hack/__init__.py:33: UserWarning: Setuptools is replacing distutils.
[2023-12-02 18:12:24,595] {{bash_operator.py:157}} INFO -   warnings.warn("Setuptools is replacing distutils.")
[2023-12-02 18:12:25,170] {{bash_operator.py:157}} INFO - 3 of 3 variables successfully updated.
[2023-12-02 18:12:25,953] {{bash_operator.py:161}} INFO - Command exited with return code 0
[2023-12-02 18:12:25,999] {{taskinstance.py:1070}} INFO - Marking task as SUCCESS.dag_id=airflow_init, task_id=set_variables, execution_date=20231202T181205, start_date=20231202T181220, end_date=20231202T181225
[2023-12-02 18:12:30,229] {{local_task_job.py:102}} INFO - Task exited with return code 0
