[2023-12-02 18:19:59,043] {{taskinstance.py:670}} INFO - Dependencies all met for <TaskInstance: history_data_init.create_tables 2023-12-02T18:19:41.916238+00:00 [queued]>
[2023-12-02 18:19:59,187] {{taskinstance.py:670}} INFO - Dependencies all met for <TaskInstance: history_data_init.create_tables 2023-12-02T18:19:41.916238+00:00 [queued]>
[2023-12-02 18:19:59,189] {{taskinstance.py:880}} INFO - 
--------------------------------------------------------------------------------
[2023-12-02 18:19:59,191] {{taskinstance.py:881}} INFO - Starting attempt 1 of 1
[2023-12-02 18:19:59,198] {{taskinstance.py:882}} INFO - 
--------------------------------------------------------------------------------
[2023-12-02 18:19:59,235] {{taskinstance.py:901}} INFO - Executing <Task(PostgresOperator): create_tables> on 2023-12-02T18:19:41.916238+00:00
[2023-12-02 18:19:59,244] {{standard_task_runner.py:54}} INFO - Started process 132 to run task
[2023-12-02 18:19:59,359] {{standard_task_runner.py:77}} INFO - Running: ['airflow', 'run', 'history_data_init', 'create_tables', '2023-12-02T18:19:41.916238+00:00', '--job_id', '4', '--pool', 'default_pool', '--raw', '-sd', 'DAGS_FOLDER/history_data_init.py', '--cfg_path', '/tmp/tmp29ysz5rj']
[2023-12-02 18:19:59,363] {{standard_task_runner.py:78}} INFO - Job 4: Subtask create_tables
[2023-12-02 18:19:59,435] {{logging_mixin.py:120}} INFO - Running <TaskInstance: history_data_init.create_tables 2023-12-02T18:19:41.916238+00:00 [running]> on host 4e554c5d2931
[2023-12-02 18:19:59,466] {{postgres_operator.py:62}} INFO - Executing: CREATE TABLE IF NOT EXISTS stock_quotes
(
	quote_id bigserial   primary key,
	datetime             timestamp,
	symbol               varchar(15),
	quote_open           float,
	quote_close          float,
	quote_high           float,
	quote_low            float,
	volume               float
)
[2023-12-02 18:19:59,480] {{base_hook.py:89}} INFO - Using connection to: id: conn1. Host: host.docker.internal, Port: 5434, Schema: quotes, Login: postgres, Password: XXXXXXXX, extra: None
[2023-12-02 18:19:59,517] {{dbapi_hook.py:176}} INFO - CREATE TABLE IF NOT EXISTS stock_quotes
(
	quote_id bigserial   primary key,
	datetime             timestamp,
	symbol               varchar(15),
	quote_open           float,
	quote_close          float,
	quote_high           float,
	quote_low            float,
	volume               float
)
[2023-12-02 18:19:59,569] {{taskinstance.py:1070}} INFO - Marking task as SUCCESS.dag_id=history_data_init, task_id=create_tables, execution_date=20231202T181941, start_date=20231202T181959, end_date=20231202T181959
[2023-12-02 18:20:03,982] {{local_task_job.py:102}} INFO - Task exited with return code 0
